This is pdfTeX, Version 3.1415926-1.40.10 (TeX Live 2009/Debian) (format=pdflatex 2011.10.17)  17 FEB 2012 14:42
entering extended mode
 %&-line parsing enabled.
**refman.tex
(./refman.tex
LaTeX2e <2009/09/24>
Babel <v3.8l> and hyphenation patterns for english, usenglishmax, dumylang, noh
yphenation, italian, loaded.
(/usr/share/texmf-texlive/tex/latex/base/book.cls
Document Class: book 2007/10/19 v1.4h Standard LaTeX document class
(/usr/share/texmf-texlive/tex/latex/base/bk10.clo
File: bk10.clo 2007/10/19 v1.4h Standard LaTeX file (size option)
)
\c@part=\count79
\c@chapter=\count80
\c@section=\count81
\c@subsection=\count82
\c@subsubsection=\count83
\c@paragraph=\count84
\c@subparagraph=\count85
\c@figure=\count86
\c@table=\count87
\abovecaptionskip=\skip41
\belowcaptionskip=\skip42
\bibindent=\dimen102
)
(/usr/share/texmf-texlive/tex/latex/base/makeidx.sty
Package: makeidx 2000/03/29 v1.0m Standard LaTeX package
)
(/usr/share/texmf-texlive/tex/latex/graphics/graphicx.sty
Package: graphicx 1999/02/16 v1.0f Enhanced LaTeX Graphics (DPC,SPQR)

(/usr/share/texmf-texlive/tex/latex/graphics/keyval.sty
Package: keyval 1999/03/16 v1.13 key=value parser (DPC)
\KV@toks@=\toks14
)
(/usr/share/texmf-texlive/tex/latex/graphics/graphics.sty
Package: graphics 2009/02/05 v1.0o Standard LaTeX Graphics (DPC,SPQR)

(/usr/share/texmf-texlive/tex/latex/graphics/trig.sty
Package: trig 1999/03/16 v1.09 sin cos tan (DPC)
)
(/etc/texmf/tex/latex/config/graphics.cfg
File: graphics.cfg 2009/08/28 v1.8 graphics configuration of TeX Live
)
Package graphics Info: Driver file: pdftex.def on input line 91.

(/usr/share/texmf-texlive/tex/latex/pdftex-def/pdftex.def
File: pdftex.def 2010/03/12 v0.04p Graphics/color for pdfTeX
\Gread@gobject=\count88
))
\Gin@req@height=\dimen103
\Gin@req@width=\dimen104
)
(/usr/share/texmf-texlive/tex/latex/tools/multicol.sty
Package: multicol 2008/12/05 v1.6h multicolumn formatting (FMi)
\c@tracingmulticols=\count89
\mult@box=\box26
\multicol@leftmargin=\dimen105
\c@unbalance=\count90
\c@collectmore=\count91
\doublecol@number=\count92
\multicoltolerance=\count93
\multicolpretolerance=\count94
\full@width=\dimen106
\page@free=\dimen107
\premulticols=\dimen108
\postmulticols=\dimen109
\multicolsep=\skip43
\multicolbaselineskip=\skip44
\partial@page=\box27
\last@line=\box28
\mult@rightbox=\box29
\mult@grightbox=\box30
\mult@gfirstbox=\box31
\mult@firstbox=\box32
\@tempa=\box33
\@tempa=\box34
\@tempa=\box35
\@tempa=\box36
\@tempa=\box37
\@tempa=\box38
\@tempa=\box39
\@tempa=\box40
\@tempa=\box41
\@tempa=\box42
\@tempa=\box43
\@tempa=\box44
\@tempa=\box45
\@tempa=\box46
\@tempa=\box47
\@tempa=\box48
\@tempa=\box49
\c@columnbadness=\count95
\c@finalcolumnbadness=\count96
\last@try=\dimen110
\multicolovershoot=\dimen111
\multicolundershoot=\dimen112
\mult@nat@firstbox=\box50
\colbreak@box=\box51
)
(/usr/share/texmf-texlive/tex/latex/float/float.sty
Package: float 2001/11/08 v1.3d Float enhancements (AL)
\c@float@type=\count97
\float@exts=\toks15
\float@box=\box52
\@float@everytoks=\toks16
\@floatcapt=\box53
)
(/usr/share/texmf-texlive/tex/latex/listings/listings.sty
\lst@mode=\count98
\lst@gtempboxa=\box54
\lst@token=\toks17
\lst@length=\count99
\lst@currlwidth=\dimen113
\lst@column=\count100
\lst@pos=\count101
\lst@lostspace=\dimen114
\lst@width=\dimen115
\lst@newlines=\count102
\lst@lineno=\count103
\lst@maxwidth=\dimen116

(/usr/share/texmf-texlive/tex/latex/listings/lstmisc.sty
File: lstmisc.sty 2007/02/22 1.4 (Carsten Heinz)
\c@lstnumber=\count104
\lst@skipnumbers=\count105
\lst@framebox=\box55
)
(/usr/share/texmf-texlive/tex/latex/listings/listings.cfg
File: listings.cfg 2007/02/22 1.4 listings configuration
))
Package: listings 2007/02/22 1.4 (Carsten Heinz)

(/usr/share/texmf-texlive/tex/latex/graphics/color.sty
Package: color 2005/11/14 v1.0j Standard LaTeX Color (DPC)

(/etc/texmf/tex/latex/config/color.cfg
File: color.cfg 2007/01/18 v1.5 color configuration of teTeX/TeXLive
)
Package color Info: Driver file: pdftex.def on input line 130.
)
(/usr/share/texmf-texlive/tex/latex/base/ifthen.sty
Package: ifthen 2001/05/26 v1.1c Standard LaTeX ifthen package (DPC)
)
(/usr/share/texmf/tex/latex/xcolor/xcolor.sty
Package: xcolor 2007/01/21 v2.11 LaTeX color extensions (UK)

(/etc/texmf/tex/latex/config/color.cfg
File: color.cfg 2007/01/18 v1.5 color configuration of teTeX/TeXLive
)
Package xcolor Info: Driver file: pdftex.def on input line 225.

(/usr/share/texmf-texlive/tex/latex/colortbl/colortbl.sty
Package: colortbl 2001/02/13 v0.1j Color table columns (DPC)

(/usr/share/texmf-texlive/tex/latex/tools/array.sty
Package: array 2008/09/09 v2.4c Tabular extension package (FMi)
\col@sep=\dimen117
\extrarowheight=\dimen118
\NC@list=\toks18
\extratabsurround=\skip45
\backup@length=\skip46
)
\everycr=\toks19
\minrowclearance=\skip47
)
LaTeX Info: Redefining \color on input line 702.
\rownum=\count106
Package xcolor Info: Model `cmy' substituted by `cmy0' on input line 1337.
Package xcolor Info: Model `hsb' substituted by `rgb' on input line 1341.
Package xcolor Info: Model `RGB' extended on input line 1353.
Package xcolor Info: Model `HTML' substituted by `rgb' on input line 1355.
Package xcolor Info: Model `Hsb' substituted by `hsb' on input line 1356.
Package xcolor Info: Model `tHsb' substituted by `hsb' on input line 1357.
Package xcolor Info: Model `HSB' substituted by `hsb' on input line 1358.
Package xcolor Info: Model `Gray' substituted by `gray' on input line 1359.
Package xcolor Info: Model `wave' substituted by `hsb' on input line 1360.
)
(/usr/share/texmf-texlive/tex/latex/base/textcomp.sty
Package: textcomp 2005/09/27 v1.99g Standard LaTeX package
Package textcomp Info: Sub-encoding information:
(textcomp)               5 = only ISO-Adobe without \textcurrency
(textcomp)               4 = 5 + \texteuro
(textcomp)               3 = 4 + \textohm
(textcomp)               2 = 3 + \textestimated + \textcurrency
(textcomp)               1 = TS1 - \textcircled - \t
(textcomp)               0 = TS1 (full)
(textcomp)             Font families with sub-encoding setting implement
(textcomp)             only a restricted character set as indicated.
(textcomp)             Family '?' is the default used for unknown fonts.
(textcomp)             See the documentation for details.
Package textcomp Info: Setting ? sub-encoding to TS1/1 on input line 71.

(/usr/share/texmf-texlive/tex/latex/base/ts1enc.def
File: ts1enc.def 2001/06/05 v3.0e (jk/car/fm) Standard LaTeX file
)
LaTeX Info: Redefining \oldstylenums on input line 266.
Package textcomp Info: Setting cmr sub-encoding to TS1/0 on input line 281.
Package textcomp Info: Setting cmss sub-encoding to TS1/0 on input line 282.
Package textcomp Info: Setting cmtt sub-encoding to TS1/0 on input line 283.
Package textcomp Info: Setting cmvtt sub-encoding to TS1/0 on input line 284.
Package textcomp Info: Setting cmbr sub-encoding to TS1/0 on input line 285.
Package textcomp Info: Setting cmtl sub-encoding to TS1/0 on input line 286.
Package textcomp Info: Setting ccr sub-encoding to TS1/0 on input line 287.
Package textcomp Info: Setting ptm sub-encoding to TS1/4 on input line 288.
Package textcomp Info: Setting pcr sub-encoding to TS1/4 on input line 289.
Package textcomp Info: Setting phv sub-encoding to TS1/4 on input line 290.
Package textcomp Info: Setting ppl sub-encoding to TS1/3 on input line 291.
Package textcomp Info: Setting pag sub-encoding to TS1/4 on input line 292.
Package textcomp Info: Setting pbk sub-encoding to TS1/4 on input line 293.
Package textcomp Info: Setting pnc sub-encoding to TS1/4 on input line 294.
Package textcomp Info: Setting pzc sub-encoding to TS1/4 on input line 295.
Package textcomp Info: Setting bch sub-encoding to TS1/4 on input line 296.
Package textcomp Info: Setting put sub-encoding to TS1/5 on input line 297.
Package textcomp Info: Setting uag sub-encoding to TS1/5 on input line 298.
Package textcomp Info: Setting ugq sub-encoding to TS1/5 on input line 299.
Package textcomp Info: Setting ul8 sub-encoding to TS1/4 on input line 300.
Package textcomp Info: Setting ul9 sub-encoding to TS1/4 on input line 301.
Package textcomp Info: Setting augie sub-encoding to TS1/5 on input line 302.
Package textcomp Info: Setting dayrom sub-encoding to TS1/3 on input line 303.
Package textcomp Info: Setting dayroms sub-encoding to TS1/3 on input line 304.

Package textcomp Info: Setting pxr sub-encoding to TS1/0 on input line 305.
Package textcomp Info: Setting pxss sub-encoding to TS1/0 on input line 306.
Package textcomp Info: Setting pxtt sub-encoding to TS1/0 on input line 307.
Package textcomp Info: Setting txr sub-encoding to TS1/0 on input line 308.
Package textcomp Info: Setting txss sub-encoding to TS1/0 on input line 309.
Package textcomp Info: Setting txtt sub-encoding to TS1/0 on input line 310.
Package textcomp Info: Setting futs sub-encoding to TS1/4 on input line 311.
Package textcomp Info: Setting futx sub-encoding to TS1/4 on input line 312.
Package textcomp Info: Setting futj sub-encoding to TS1/4 on input line 313.
Package textcomp Info: Setting hlh sub-encoding to TS1/3 on input line 314.
Package textcomp Info: Setting hls sub-encoding to TS1/3 on input line 315.
Package textcomp Info: Setting hlst sub-encoding to TS1/3 on input line 316.
Package textcomp Info: Setting hlct sub-encoding to TS1/5 on input line 317.
Package textcomp Info: Setting hlx sub-encoding to TS1/5 on input line 318.
Package textcomp Info: Setting hlce sub-encoding to TS1/5 on input line 319.
Package textcomp Info: Setting hlcn sub-encoding to TS1/5 on input line 320.
Package textcomp Info: Setting hlcw sub-encoding to TS1/5 on input line 321.
Package textcomp Info: Setting hlcf sub-encoding to TS1/5 on input line 322.
Package textcomp Info: Setting pplx sub-encoding to TS1/3 on input line 323.
Package textcomp Info: Setting pplj sub-encoding to TS1/3 on input line 324.
Package textcomp Info: Setting ptmx sub-encoding to TS1/4 on input line 325.
Package textcomp Info: Setting ptmj sub-encoding to TS1/4 on input line 326.
)
(/usr/share/texmf-texlive/tex/latex/base/alltt.sty
Package: alltt 1997/06/16 v2.0g defines alltt environment
)
(/usr/share/texmf-texlive/tex/generic/oberdiek/ifpdf.sty
Package: ifpdf 2009/04/10 v2.0 Provides the ifpdf switch (HO)
Package ifpdf Info: pdfTeX in pdf mode detected.
)
(/usr/share/texmf-texlive/tex/latex/hyperref/hyperref.sty
Package: hyperref 2009/10/09 v6.79a Hypertext links for LaTeX

(/usr/share/texmf-texlive/tex/generic/oberdiek/ifvtex.sty
Package: ifvtex 2008/11/04 v1.4 Switches for detecting VTeX and its modes (HO)
Package ifvtex Info: VTeX not detected.
)
(/usr/share/texmf-texlive/tex/generic/ifxetex/ifxetex.sty
Package: ifxetex 2009/01/23 v0.5 Provides ifxetex conditional
)
(/usr/share/texmf-texlive/tex/latex/oberdiek/hycolor.sty
Package: hycolor 2009/10/02 v1.5 Code for color options of hyperref/bookmark (H
O)

(/usr/share/texmf-texlive/tex/latex/oberdiek/xcolor-patch.sty
Package: xcolor-patch 2009/10/02 xcolor patch
))
\@linkdim=\dimen119
\Hy@linkcounter=\count107
\Hy@pagecounter=\count108

(/usr/share/texmf-texlive/tex/latex/hyperref/pd1enc.def
File: pd1enc.def 2009/10/09 v6.79a Hyperref: PDFDocEncoding definition (HO)
)
(/usr/share/texmf-texlive/tex/generic/oberdiek/etexcmds.sty
Package: etexcmds 2007/12/12 v1.2 Prefix for e-TeX command names (HO)

(/usr/share/texmf-texlive/tex/generic/oberdiek/infwarerr.sty
Package: infwarerr 2007/09/09 v1.2 Providing info/warning/message (HO)
)
Package etexcmds Info: Could not find \expanded.
(etexcmds)             That can mean that you are not using pdfTeX 1.50 or
(etexcmds)             that some package has redefined \expanded.
(etexcmds)             In the latter case, load this package earlier.
)
(/usr/share/texmf-texlive/tex/latex/latexconfig/hyperref.cfg
File: hyperref.cfg 2002/06/06 v1.2 hyperref configuration of TeXLive
)
(/usr/share/texmf-texlive/tex/latex/oberdiek/kvoptions.sty
Package: kvoptions 2009/08/13 v3.4 Keyval support for LaTeX options (HO)

(/usr/share/texmf-texlive/tex/generic/oberdiek/kvsetkeys.sty
Package: kvsetkeys 2009/07/30 v1.5 Key value parser with default handler suppor
t (HO)
))
Package hyperref Info: Option `colorlinks' set `true' on input line 2864.
Package hyperref Info: Option `unicode' set `true' on input line 2864.

(/usr/share/texmf-texlive/tex/latex/hyperref/puenc.def
File: puenc.def 2009/10/09 v6.79a Hyperref: PDF Unicode definition (HO)
)
Package hyperref Info: Hyper figures OFF on input line 2975.
Package hyperref Info: Link nesting OFF on input line 2980.
Package hyperref Info: Hyper index ON on input line 2983.
Package hyperref Info: Plain pages OFF on input line 2990.
Package hyperref Info: Backreferencing ON on input line 2993.

Implicit mode ON; LaTeX internals redefined
Package hyperref Info: Bookmarks ON on input line 3191.
(/usr/share/texmf-texlive/tex/latex/hyperref/backref.sty
Package: backref 2006/09/05 v1.28 Bibliographical back referencing
)
(/usr/share/texmf-texlive/tex/latex/ltxmisc/url.sty
\Urlmuskip=\muskip10
Package: url 2006/04/12  ver 3.3  Verb mode for urls, etc.
)
LaTeX Info: Redefining \url on input line 3428.

(/usr/share/texmf-texlive/tex/generic/oberdiek/bitset.sty
Package: bitset 2007/09/28 v1.0 Data type bit set (HO)

(/usr/share/texmf-texlive/tex/generic/oberdiek/intcalc.sty
Package: intcalc 2007/09/27 v1.1 Expandable integer calculations (HO)
)
(/usr/share/texmf-texlive/tex/generic/oberdiek/bigintcalc.sty
Package: bigintcalc 2007/11/11 v1.1 Expandable big integer calculations (HO)

(/usr/share/texmf-texlive/tex/generic/oberdiek/pdftexcmds.sty
Package: pdftexcmds 2009/09/23 v0.6 LuaTeX support for pdfTeX utility functions
 (HO)

(/usr/share/texmf-texlive/tex/generic/oberdiek/ifluatex.sty
Package: ifluatex 2009/04/17 v1.2 Provides the ifluatex switch (HO)
Package ifluatex Info: LuaTeX not detected.
)
(/usr/share/texmf-texlive/tex/generic/oberdiek/ltxcmds.sty
Package: ltxcmds 2009/08/05 v1.0 Some LaTeX kernel commands for general use (HO
)
)
Package pdftexcmds Info: LuaTeX not detected.
Package pdftexcmds Info: \pdf@primitive is available.
Package pdftexcmds Info: \pdf@ifprimitive is available.
)))
\Fld@menulength=\count109
\Field@Width=\dimen120
\Fld@charsize=\dimen121
\Field@toks=\toks20
Package hyperref Info: Hyper figures OFF on input line 4377.
Package hyperref Info: Link nesting OFF on input line 4382.
Package hyperref Info: Hyper index ON on input line 4385.
Package hyperref Info: backreferencing ON on input line 4390.
Package hyperref Info: Link coloring ON on input line 4395.
Package hyperref Info: Link coloring with OCG OFF on input line 4402.
Package hyperref Info: PDF/A mode OFF on input line 4407.

(/usr/share/texmf-texlive/tex/generic/oberdiek/atbegshi.sty
Package: atbegshi 2008/07/31 v1.9 At begin shipout hook (HO)
)
\Hy@abspage=\count110
\c@Item=\count111
\c@Hfootnote=\count112
)
*hyperref using driver hpdftex*
(/usr/share/texmf-texlive/tex/latex/hyperref/hpdftex.def
File: hpdftex.def 2009/10/09 v6.79a Hyperref driver for pdfTeX
\Fld@listcount=\count113
)
(/usr/share/texmf-texlive/tex/latex/base/inputenc.sty
Package: inputenc 2008/03/30 v1.1d Input encoding file
\inpenc@prehook=\toks21
\inpenc@posthook=\toks22

(/usr/share/texmf-texlive/tex/latex/base/utf8.def
File: utf8.def 2008/04/05 v1.1m UTF-8 support for inputenc
Now handling font encoding OML ...
... no UTF-8 mapping file for font encoding OML
Now handling font encoding T1 ...
... processing UTF-8 mapping file for font encoding T1

(/usr/share/texmf-texlive/tex/latex/base/t1enc.dfu
File: t1enc.dfu 2008/04/05 v1.1m UTF-8 support for inputenc
   defining Unicode char U+00A1 (decimal 161)
   defining Unicode char U+00A3 (decimal 163)
   defining Unicode char U+00AB (decimal 171)
   defining Unicode char U+00BB (decimal 187)
   defining Unicode char U+00BF (decimal 191)
   defining Unicode char U+00C0 (decimal 192)
   defining Unicode char U+00C1 (decimal 193)
   defining Unicode char U+00C2 (decimal 194)
   defining Unicode char U+00C3 (decimal 195)
   defining Unicode char U+00C4 (decimal 196)
   defining Unicode char U+00C5 (decimal 197)
   defining Unicode char U+00C6 (decimal 198)
   defining Unicode char U+00C7 (decimal 199)
   defining Unicode char U+00C8 (decimal 200)
   defining Unicode char U+00C9 (decimal 201)
   defining Unicode char U+00CA (decimal 202)
   defining Unicode char U+00CB (decimal 203)
   defining Unicode char U+00CC (decimal 204)
   defining Unicode char U+00CD (decimal 205)
   defining Unicode char U+00CE (decimal 206)
   defining Unicode char U+00CF (decimal 207)
   defining Unicode char U+00D0 (decimal 208)
   defining Unicode char U+00D1 (decimal 209)
   defining Unicode char U+00D2 (decimal 210)
   defining Unicode char U+00D3 (decimal 211)
   defining Unicode char U+00D4 (decimal 212)
   defining Unicode char U+00D5 (decimal 213)
   defining Unicode char U+00D6 (decimal 214)
   defining Unicode char U+00D8 (decimal 216)
   defining Unicode char U+00D9 (decimal 217)
   defining Unicode char U+00DA (decimal 218)
   defining Unicode char U+00DB (decimal 219)
   defining Unicode char U+00DC (decimal 220)
   defining Unicode char U+00DD (decimal 221)
   defining Unicode char U+00DE (decimal 222)
   defining Unicode char U+00DF (decimal 223)
   defining Unicode char U+00E0 (decimal 224)
   defining Unicode char U+00E1 (decimal 225)
   defining Unicode char U+00E2 (decimal 226)
   defining Unicode char U+00E3 (decimal 227)
   defining Unicode char U+00E4 (decimal 228)
   defining Unicode char U+00E5 (decimal 229)
   defining Unicode char U+00E6 (decimal 230)
   defining Unicode char U+00E7 (decimal 231)
   defining Unicode char U+00E8 (decimal 232)
   defining Unicode char U+00E9 (decimal 233)
   defining Unicode char U+00EA (decimal 234)
   defining Unicode char U+00EB (decimal 235)
   defining Unicode char U+00EC (decimal 236)
   defining Unicode char U+00ED (decimal 237)
   defining Unicode char U+00EE (decimal 238)
   defining Unicode char U+00EF (decimal 239)
   defining Unicode char U+00F0 (decimal 240)
   defining Unicode char U+00F1 (decimal 241)
   defining Unicode char U+00F2 (decimal 242)
   defining Unicode char U+00F3 (decimal 243)
   defining Unicode char U+00F4 (decimal 244)
   defining Unicode char U+00F5 (decimal 245)
   defining Unicode char U+00F6 (decimal 246)
   defining Unicode char U+00F8 (decimal 248)
   defining Unicode char U+00F9 (decimal 249)
   defining Unicode char U+00FA (decimal 250)
   defining Unicode char U+00FB (decimal 251)
   defining Unicode char U+00FC (decimal 252)
   defining Unicode char U+00FD (decimal 253)
   defining Unicode char U+00FE (decimal 254)
   defining Unicode char U+00FF (decimal 255)
   defining Unicode char U+0102 (decimal 258)
   defining Unicode char U+0103 (decimal 259)
   defining Unicode char U+0104 (decimal 260)
   defining Unicode char U+0105 (decimal 261)
   defining Unicode char U+0106 (decimal 262)
   defining Unicode char U+0107 (decimal 263)
   defining Unicode char U+010C (decimal 268)
   defining Unicode char U+010D (decimal 269)
   defining Unicode char U+010E (decimal 270)
   defining Unicode char U+010F (decimal 271)
   defining Unicode char U+0110 (decimal 272)
   defining Unicode char U+0111 (decimal 273)
   defining Unicode char U+0118 (decimal 280)
   defining Unicode char U+0119 (decimal 281)
   defining Unicode char U+011A (decimal 282)
   defining Unicode char U+011B (decimal 283)
   defining Unicode char U+011E (decimal 286)
   defining Unicode char U+011F (decimal 287)
   defining Unicode char U+0130 (decimal 304)
   defining Unicode char U+0131 (decimal 305)
   defining Unicode char U+0132 (decimal 306)
   defining Unicode char U+0133 (decimal 307)
   defining Unicode char U+0139 (decimal 313)
   defining Unicode char U+013A (decimal 314)
   defining Unicode char U+013D (decimal 317)
   defining Unicode char U+013E (decimal 318)
   defining Unicode char U+0141 (decimal 321)
   defining Unicode char U+0142 (decimal 322)
   defining Unicode char U+0143 (decimal 323)
   defining Unicode char U+0144 (decimal 324)
   defining Unicode char U+0147 (decimal 327)
   defining Unicode char U+0148 (decimal 328)
   defining Unicode char U+014A (decimal 330)
   defining Unicode char U+014B (decimal 331)
   defining Unicode char U+0150 (decimal 336)
   defining Unicode char U+0151 (decimal 337)
   defining Unicode char U+0152 (decimal 338)
   defining Unicode char U+0153 (decimal 339)
   defining Unicode char U+0154 (decimal 340)
   defining Unicode char U+0155 (decimal 341)
   defining Unicode char U+0158 (decimal 344)
   defining Unicode char U+0159 (decimal 345)
   defining Unicode char U+015A (decimal 346)
   defining Unicode char U+015B (decimal 347)
   defining Unicode char U+015E (decimal 350)
   defining Unicode char U+015F (decimal 351)
   defining Unicode char U+0160 (decimal 352)
   defining Unicode char U+0161 (decimal 353)
   defining Unicode char U+0162 (decimal 354)
   defining Unicode char U+0163 (decimal 355)
   defining Unicode char U+0164 (decimal 356)
   defining Unicode char U+0165 (decimal 357)
   defining Unicode char U+016E (decimal 366)
   defining Unicode char U+016F (decimal 367)
   defining Unicode char U+0170 (decimal 368)
   defining Unicode char U+0171 (decimal 369)
   defining Unicode char U+0178 (decimal 376)
   defining Unicode char U+0179 (decimal 377)
   defining Unicode char U+017A (decimal 378)
   defining Unicode char U+017B (decimal 379)
   defining Unicode char U+017C (decimal 380)
   defining Unicode char U+017D (decimal 381)
   defining Unicode char U+017E (decimal 382)
   defining Unicode char U+200C (decimal 8204)
   defining Unicode char U+2013 (decimal 8211)
   defining Unicode char U+2014 (decimal 8212)
   defining Unicode char U+2018 (decimal 8216)
   defining Unicode char U+2019 (decimal 8217)
   defining Unicode char U+201A (decimal 8218)
   defining Unicode char U+201C (decimal 8220)
   defining Unicode char U+201D (decimal 8221)
   defining Unicode char U+201E (decimal 8222)
   defining Unicode char U+2030 (decimal 8240)
   defining Unicode char U+2031 (decimal 8241)
   defining Unicode char U+2039 (decimal 8249)
   defining Unicode char U+203A (decimal 8250)
   defining Unicode char U+2423 (decimal 9251)
)
Now handling font encoding OT1 ...
... processing UTF-8 mapping file for font encoding OT1

(/usr/share/texmf-texlive/tex/latex/base/ot1enc.dfu
File: ot1enc.dfu 2008/04/05 v1.1m UTF-8 support for inputenc
   defining Unicode char U+00A1 (decimal 161)
   defining Unicode char U+00A3 (decimal 163)
   defining Unicode char U+00B8 (decimal 184)
   defining Unicode char U+00BF (decimal 191)
   defining Unicode char U+00C5 (decimal 197)
   defining Unicode char U+00C6 (decimal 198)
   defining Unicode char U+00D8 (decimal 216)
   defining Unicode char U+00DF (decimal 223)
   defining Unicode char U+00E6 (decimal 230)
   defining Unicode char U+00EC (decimal 236)
   defining Unicode char U+00ED (decimal 237)
   defining Unicode char U+00EE (decimal 238)
   defining Unicode char U+00EF (decimal 239)
   defining Unicode char U+00F8 (decimal 248)
   defining Unicode char U+0131 (decimal 305)
   defining Unicode char U+0141 (decimal 321)
   defining Unicode char U+0142 (decimal 322)
   defining Unicode char U+0152 (decimal 338)
   defining Unicode char U+0153 (decimal 339)
   defining Unicode char U+2013 (decimal 8211)
   defining Unicode char U+2014 (decimal 8212)
   defining Unicode char U+2018 (decimal 8216)
   defining Unicode char U+2019 (decimal 8217)
   defining Unicode char U+201C (decimal 8220)
   defining Unicode char U+201D (decimal 8221)
)
Now handling font encoding OMS ...
... processing UTF-8 mapping file for font encoding OMS

(/usr/share/texmf-texlive/tex/latex/base/omsenc.dfu
File: omsenc.dfu 2008/04/05 v1.1m UTF-8 support for inputenc
   defining Unicode char U+00A7 (decimal 167)
   defining Unicode char U+00B6 (decimal 182)
   defining Unicode char U+00B7 (decimal 183)
   defining Unicode char U+2020 (decimal 8224)
   defining Unicode char U+2021 (decimal 8225)
   defining Unicode char U+2022 (decimal 8226)
)
Now handling font encoding OMX ...
... no UTF-8 mapping file for font encoding OMX
Now handling font encoding U ...
... no UTF-8 mapping file for font encoding U
Now handling font encoding TS1 ...
... processing UTF-8 mapping file for font encoding TS1

(/usr/share/texmf-texlive/tex/latex/base/ts1enc.dfu
File: ts1enc.dfu 2008/04/05 v1.1m UTF-8 support for inputenc
   defining Unicode char U+00A2 (decimal 162)
   defining Unicode char U+00A3 (decimal 163)
   defining Unicode char U+00A4 (decimal 164)
   defining Unicode char U+00A5 (decimal 165)
   defining Unicode char U+00A6 (decimal 166)
   defining Unicode char U+00A7 (decimal 167)
   defining Unicode char U+00A8 (decimal 168)
   defining Unicode char U+00A9 (decimal 169)
   defining Unicode char U+00AA (decimal 170)
   defining Unicode char U+00AC (decimal 172)
   defining Unicode char U+00AE (decimal 174)
   defining Unicode char U+00AF (decimal 175)
   defining Unicode char U+00B0 (decimal 176)
   defining Unicode char U+00B1 (decimal 177)
   defining Unicode char U+00B2 (decimal 178)
   defining Unicode char U+00B3 (decimal 179)
   defining Unicode char U+00B4 (decimal 180)
   defining Unicode char U+00B5 (decimal 181)
   defining Unicode char U+00B6 (decimal 182)
   defining Unicode char U+00B7 (decimal 183)
   defining Unicode char U+00B9 (decimal 185)
   defining Unicode char U+00BA (decimal 186)
   defining Unicode char U+00BC (decimal 188)
   defining Unicode char U+00BD (decimal 189)
   defining Unicode char U+00BE (decimal 190)
   defining Unicode char U+00D7 (decimal 215)
   defining Unicode char U+00F7 (decimal 247)
   defining Unicode char U+0192 (decimal 402)
   defining Unicode char U+02C7 (decimal 711)
   defining Unicode char U+02D8 (decimal 728)
   defining Unicode char U+02DD (decimal 733)
   defining Unicode char U+0E3F (decimal 3647)
   defining Unicode char U+2016 (decimal 8214)
   defining Unicode char U+2020 (decimal 8224)
   defining Unicode char U+2021 (decimal 8225)
   defining Unicode char U+2022 (decimal 8226)
   defining Unicode char U+2030 (decimal 8240)
   defining Unicode char U+2031 (decimal 8241)
   defining Unicode char U+203B (decimal 8251)
   defining Unicode char U+203D (decimal 8253)
   defining Unicode char U+2044 (decimal 8260)
   defining Unicode char U+204E (decimal 8270)
   defining Unicode char U+2052 (decimal 8274)
   defining Unicode char U+20A1 (decimal 8353)
   defining Unicode char U+20A4 (decimal 8356)
   defining Unicode char U+20A6 (decimal 8358)
   defining Unicode char U+20A9 (decimal 8361)
   defining Unicode char U+20AB (decimal 8363)
   defining Unicode char U+20AC (decimal 8364)
   defining Unicode char U+20B1 (decimal 8369)
   defining Unicode char U+2103 (decimal 8451)
   defining Unicode char U+2116 (decimal 8470)
   defining Unicode char U+2117 (decimal 8471)
   defining Unicode char U+211E (decimal 8478)
   defining Unicode char U+2120 (decimal 8480)
   defining Unicode char U+2122 (decimal 8482)
   defining Unicode char U+2126 (decimal 8486)
   defining Unicode char U+2127 (decimal 8487)
   defining Unicode char U+212E (decimal 8494)
   defining Unicode char U+2190 (decimal 8592)
   defining Unicode char U+2191 (decimal 8593)
   defining Unicode char U+2192 (decimal 8594)
   defining Unicode char U+2193 (decimal 8595)
   defining Unicode char U+2329 (decimal 9001)
   defining Unicode char U+232A (decimal 9002)
   defining Unicode char U+2422 (decimal 9250)
   defining Unicode char U+25E6 (decimal 9702)
   defining Unicode char U+25EF (decimal 9711)
   defining Unicode char U+266A (decimal 9834)
)
Now handling font encoding PD1 ...
... no UTF-8 mapping file for font encoding PD1
Now handling font encoding PU ...
... no UTF-8 mapping file for font encoding PU
   defining Unicode char U+00A9 (decimal 169)
   defining Unicode char U+00AA (decimal 170)
   defining Unicode char U+00AE (decimal 174)
   defining Unicode char U+00BA (decimal 186)
   defining Unicode char U+02C6 (decimal 710)
   defining Unicode char U+02DC (decimal 732)
   defining Unicode char U+200C (decimal 8204)
   defining Unicode char U+2026 (decimal 8230)
   defining Unicode char U+2122 (decimal 8482)
   defining Unicode char U+2423 (decimal 9251)
))
(/usr/share/texmf-texlive/tex/generic/babel/babel.sty
Package: babel 2008/07/06 v3.8l The Babel package

(/usr/share/texmf-texlive/tex/generic/babel/italian.ldf
Language: italian 2008/03/14 v1.2t Italian support from the babel system

(/usr/share/texmf-texlive/tex/generic/babel/babel.def
File: babel.def 2008/07/06 v3.8l Babel common definitions
\babel@savecnt=\count114
\U@D=\dimen122
)
Package babel Info: Making " an active character on input line 94.
Now handling font encoding LGR ...
... no UTF-8 mapping file for font encoding LGR
))
(/usr/share/texmf-texlive/tex/latex/psnfss/mathptmx.sty
Package: mathptmx 2005/04/12 PSNFSS-v9.2a Times w/ Math, improved (SPQR, WaS) 
LaTeX Font Info:    Redeclaring symbol font `operators' on input line 28.
LaTeX Font Info:    Overwriting symbol font `operators' in version `normal'
(Font)                  OT1/cmr/m/n --> OT1/ztmcm/m/n on input line 28.
LaTeX Font Info:    Overwriting symbol font `operators' in version `bold'
(Font)                  OT1/cmr/bx/n --> OT1/ztmcm/m/n on input line 28.
LaTeX Font Info:    Redeclaring symbol font `letters' on input line 29.
LaTeX Font Info:    Overwriting symbol font `letters' in version `normal'
(Font)                  OML/cmm/m/it --> OML/ztmcm/m/it on input line 29.
LaTeX Font Info:    Overwriting symbol font `letters' in version `bold'
(Font)                  OML/cmm/b/it --> OML/ztmcm/m/it on input line 29.
LaTeX Font Info:    Redeclaring symbol font `symbols' on input line 30.
LaTeX Font Info:    Overwriting symbol font `symbols' in version `normal'
(Font)                  OMS/cmsy/m/n --> OMS/ztmcm/m/n on input line 30.
LaTeX Font Info:    Overwriting symbol font `symbols' in version `bold'
(Font)                  OMS/cmsy/b/n --> OMS/ztmcm/m/n on input line 30.
LaTeX Font Info:    Redeclaring symbol font `largesymbols' on input line 31.
LaTeX Font Info:    Overwriting symbol font `largesymbols' in version `normal'
(Font)                  OMX/cmex/m/n --> OMX/ztmcm/m/n on input line 31.
LaTeX Font Info:    Overwriting symbol font `largesymbols' in version `bold'
(Font)                  OMX/cmex/m/n --> OMX/ztmcm/m/n on input line 31.
\symbold=\mathgroup4
\symitalic=\mathgroup5
LaTeX Font Info:    Redeclaring math alphabet \mathbf on input line 34.
LaTeX Font Info:    Overwriting math alphabet `\mathbf' in version `normal'
(Font)                  OT1/cmr/bx/n --> OT1/ptm/bx/n on input line 34.
LaTeX Font Info:    Overwriting math alphabet `\mathbf' in version `bold'
(Font)                  OT1/cmr/bx/n --> OT1/ptm/bx/n on input line 34.
LaTeX Font Info:    Redeclaring math alphabet \mathit on input line 35.
LaTeX Font Info:    Overwriting math alphabet `\mathit' in version `normal'
(Font)                  OT1/cmr/m/it --> OT1/ptm/m/it on input line 35.
LaTeX Font Info:    Overwriting math alphabet `\mathit' in version `bold'
(Font)                  OT1/cmr/bx/it --> OT1/ptm/m/it on input line 35.
LaTeX Info: Redefining \hbar on input line 50.
)
(/usr/share/texmf-texlive/tex/latex/psnfss/helvet.sty
Package: helvet 2005/04/12 PSNFSS-v9.2a (WaS) 
)
(/usr/share/texmf-texlive/tex/latex/psnfss/courier.sty
Package: courier 2005/04/12 PSNFSS-v9.2a (WaS) 
) (./doxygen.sty
Package: doxygen 

(/usr/share/texmf-texlive/tex/latex/tools/calc.sty
Package: calc 2007/08/22 v4.3 Infix arithmetic (KKT,FJ)
\calc@Acount=\count115
\calc@Bcount=\count116
\calc@Adimen=\dimen123
\calc@Bdimen=\dimen124
\calc@Askip=\skip48
\calc@Bskip=\skip49
LaTeX Info: Redefining \setlength on input line 76.
LaTeX Info: Redefining \addtolength on input line 77.
\calc@Ccount=\count117
\calc@Cskip=\skip50
)
(/usr/share/texmf-texlive/tex/latex/fancyhdr/fancyhdr.sty
\fancy@headwidth=\skip51
\f@ncyO@elh=\skip52
\f@ncyO@erh=\skip53
\f@ncyO@olh=\skip54
\f@ncyO@orh=\skip55
\f@ncyO@elf=\skip56
\f@ncyO@erf=\skip57
\f@ncyO@olf=\skip58
\f@ncyO@orf=\skip59
)
(/usr/share/texmf-texlive/tex/latex/tools/longtable.sty
Package: longtable 2004/02/01 v4.11 Multi-page Table package (DPC)
\LTleft=\skip60
\LTright=\skip61
\LTpre=\skip62
\LTpost=\skip63
\LTchunksize=\count118
\LTcapwidth=\dimen125
\LT@head=\box56
\LT@firsthead=\box57
\LT@foot=\box58
\LT@lastfoot=\box59
\LT@cols=\count119
\LT@rows=\count120
\c@LT@tables=\count121
\c@LT@chunks=\count122
\LT@p@ftn=\toks23
)
(/usr/share/texmf-texlive/tex/latex/tools/verbatim.sty
Package: verbatim 2003/08/22 v1.5q LaTeX2e package for verbatim enhancements
\every@verbatim=\toks24
\verbatim@line=\toks25
\verbatim@in@stream=\read1
)
(/usr/share/texmf-texlive/tex/latex/sectsty/sectsty.sty
Package: sectsty 2002/02/25 v2.0.2 Commands to change all sectional heading sty
les
)
(/usr/share/texmf-texlive/tex/latex/tocloft/tocloft.sty
Package: tocloft 2009/09/04 v2.3d parameterised ToC, etc., typesetting


Package tocloft Note: The document has chapter divisions.

\cftparskip=\skip64
\cftbeforetoctitleskip=\skip65
\cftaftertoctitleskip=\skip66
\cftbeforepartskip=\skip67
\cftpartnumwidth=\skip68
\cftpartindent=\skip69
\cftbeforechapskip=\skip70
\cftchapindent=\skip71
\cftchapnumwidth=\skip72
\cftbeforesecskip=\skip73
\cftsecindent=\skip74
\cftsecnumwidth=\skip75
\cftbeforesubsecskip=\skip76
\cftsubsecindent=\skip77
\cftsubsecnumwidth=\skip78
\cftbeforesubsubsecskip=\skip79
\cftsubsubsecindent=\skip80
\cftsubsubsecnumwidth=\skip81
\cftbeforeparaskip=\skip82
\cftparaindent=\skip83
\cftparanumwidth=\skip84
\cftbeforesubparaskip=\skip85
\cftsubparaindent=\skip86
\cftsubparanumwidth=\skip87
\cftbeforeloftitleskip=\skip88
\cftafterloftitleskip=\skip89
\cftbeforefigskip=\skip90
\cftfigindent=\skip91
\cftfignumwidth=\skip92
\c@lofdepth=\count123
\c@lotdepth=\count124
\cftbeforelottitleskip=\skip93
\cftafterlottitleskip=\skip94
\cftbeforetabskip=\skip95
\cfttabindent=\skip96
\cfttabnumwidth=\skip97
)
\tmplength=\skip98
 (/usr/share/texmf-texlive/tex/latex/base/fontenc.sty
Package: fontenc 2005/09/27 v1.99g Standard LaTeX package

(/usr/share/texmf-texlive/tex/latex/base/t1enc.def
File: t1enc.def 2005/09/27 v1.99g Standard LaTeX file
LaTeX Font Info:    Redeclaring font encoding T1 on input line 43.
)))
(/usr/share/texmf-texlive/tex/latex/listings/lstlang1.sty
File: lstlang1.sty 2004/09/05 1.3 listings language file
)
(/usr/share/texmf-texlive/tex/latex/listings/lstlang1.sty
File: lstlang1.sty 2004/09/05 1.3 listings language file
)
(/usr/share/texmf-texlive/tex/latex/listings/lstmisc.sty
File: lstmisc.sty 2007/02/22 1.4 (Carsten Heinz)
)
\@indexfile=\write3
\openout3 = `refman.idx'.


Writing index file refman.idx
(./refman.aux)
\openout1 = `refman.aux'.

LaTeX Font Info:    Checking defaults for OML/cmm/m/it on input line 40.
LaTeX Font Info:    ... okay on input line 40.
LaTeX Font Info:    Checking defaults for T1/cmr/m/n on input line 40.
LaTeX Font Info:    ... okay on input line 40.
LaTeX Font Info:    Checking defaults for OT1/cmr/m/n on input line 40.
LaTeX Font Info:    ... okay on input line 40.
LaTeX Font Info:    Checking defaults for OMS/cmsy/m/n on input line 40.
LaTeX Font Info:    ... okay on input line 40.
LaTeX Font Info:    Checking defaults for OMX/cmex/m/n on input line 40.
LaTeX Font Info:    ... okay on input line 40.
LaTeX Font Info:    Checking defaults for U/cmr/m/n on input line 40.
LaTeX Font Info:    ... okay on input line 40.
LaTeX Font Info:    Checking defaults for TS1/cmr/m/n on input line 40.
LaTeX Font Info:    Try loading font information for TS1+cmr on input line 40.
 (/usr/share/texmf-texlive/tex/latex/base/ts1cmr.fd
File: ts1cmr.fd 1999/05/25 v2.5h Standard LaTeX font definitions
)
LaTeX Font Info:    ... okay on input line 40.
LaTeX Font Info:    Checking defaults for PD1/pdf/m/n on input line 40.
LaTeX Font Info:    ... okay on input line 40.
LaTeX Font Info:    Checking defaults for PU/pdf/m/n on input line 40.
LaTeX Font Info:    ... okay on input line 40.
LaTeX Font Info:    Checking defaults for LGR/cmr/m/n on input line 40.
LaTeX Font Info:    Try loading font information for LGR+cmr on input line 40.

(/usr/share/texmf-texlive/tex/generic/babel/lgrcmr.fd
File: lgrcmr.fd 2008/06/17 v2.3 Greek Computer Modern
)
LaTeX Font Info:    ... okay on input line 40.
LaTeX Font Info:    Try loading font information for T1+ptm on input line 40.

(/usr/share/texmf-texlive/tex/latex/psnfss/t1ptm.fd
File: t1ptm.fd 2001/06/04 font definitions for T1/ptm.
)
(/usr/share/texmf-texlive/tex/context/base/supp-pdf.mkii
[Loading MPS to PDF converter (version 2006.09.02).]
\scratchcounter=\count125
\scratchdimen=\dimen126
\scratchbox=\box60
\nofMPsegments=\count126
\nofMParguments=\count127
\everyMPshowfont=\toks26
\MPscratchCnt=\count128
\MPscratchDim=\dimen127
\MPnumerator=\count129
\everyMPtoPDFconversion=\toks27
)
\c@lstlisting=\count130
Package hyperref Info: Link coloring ON on input line 40.
 (/usr/share/texmf-texlive/tex/latex/hyperref/nameref.sty
Package: nameref 2007/05/29 v2.31 Cross-referencing by name of section

(/usr/share/texmf-texlive/tex/latex/oberdiek/refcount.sty
Package: refcount 2008/08/11 v3.1 Data extraction from references (HO)
)
\c@section@level=\count131
)
LaTeX Info: Redefining \ref on input line 40.
LaTeX Info: Redefining \pageref on input line 40.
 (./refman.out)
(./refman.out)
\@outlinefile=\write4
\openout4 = `refman.out'.

\AtBeginShipoutBox=\box61
\big@size=\dimen128
Package hyperref Info: Option `pageanchor' set `false' on input line 41.
 [1


{/var/lib/texmf/fonts/map/pdftex/updmap/pdftex.map}] [2

]
LaTeX Font Info:    Font shape `T1/ptm/bx/n' in size <24.88> not available
(Font)              Font shape `T1/ptm/b/n' tried instead on input line 54.

(./refman.toc
LaTeX Font Info:    Font shape `T1/ptm/bx/n' in size <10> not available
(Font)              Font shape `T1/ptm/b/n' tried instead on input line 2.
LaTeX Font Info:    Try loading font information for OT1+ztmcm on input line 2.

 (/usr/share/texmf-texlive/tex/latex/psnfss/ot1ztmcm.fd
File: ot1ztmcm.fd 2000/01/03 Fontinst v1.801 font definitions for OT1/ztmcm.
)
LaTeX Font Info:    Try loading font information for OML+ztmcm on input line 2.


(/usr/share/texmf-texlive/tex/latex/psnfss/omlztmcm.fd
File: omlztmcm.fd 2000/01/03 Fontinst v1.801 font definitions for OML/ztmcm.
)
LaTeX Font Info:    Try loading font information for OMS+ztmcm on input line 2.


(/usr/share/texmf-texlive/tex/latex/psnfss/omsztmcm.fd
File: omsztmcm.fd 2000/01/03 Fontinst v1.801 font definitions for OMS/ztmcm.
)
LaTeX Font Info:    Try loading font information for OMX+ztmcm on input line 2.


(/usr/share/texmf-texlive/tex/latex/psnfss/omxztmcm.fd
File: omxztmcm.fd 2000/01/03 Fontinst v1.801 font definitions for OMX/ztmcm.
)
LaTeX Font Info:    Try loading font information for OT1+ptm on input line 2.

(/usr/share/texmf-texlive/tex/latex/psnfss/ot1ptm.fd
File: ot1ptm.fd 2001/06/04 font definitions for OT1/ptm.
)
LaTeX Font Info:    Font shape `OT1/ptm/bx/n' in size <10> not available
(Font)              Font shape `OT1/ptm/b/n' tried instead on input line 2.
LaTeX Font Info:    Font shape `OT1/ptm/bx/n' in size <7.4> not available
(Font)              Font shape `OT1/ptm/b/n' tried instead on input line 2.
LaTeX Font Info:    Font shape `OT1/ptm/bx/n' in size <6> not available
(Font)              Font shape `OT1/ptm/b/n' tried instead on input line 2.
 [1]
LaTeX Font Info:    Font shape `T1/ptm/bx/n' in size <7> not available
(Font)              Font shape `T1/ptm/b/n' tried instead on input line 90.
 [2] [3] [4] [5]
[6] [7] [8])
\tf@toc=\write5
\openout5 = `refman.toc'.

 [9] [10

]
Package hyperref Info: Option `pageanchor' set `true' on input line 57.

Capitolo 1.
LaTeX Font Info:    Font shape `T1/ptm/bx/n' in size <20.74> not available
(Font)              Font shape `T1/ptm/b/n' tried instead on input line 58.
LaTeX Font Info:    Try loading font information for OT1+phv on input line 58.
(/usr/share/texmf-texlive/tex/latex/psnfss/ot1phv.fd
File: ot1phv.fd 2001/06/04 scalable font definitions for OT1/phv.
)
LaTeX Font Info:    Font shape `OT1/phv/bc/n' will be
(Font)              scaled to size 18.66588pt on input line 58.
LaTeX Font Info:    Font shape `OT1/phv/bc/n' will be
(Font)              scaled to size 22.39185pt on input line 58.
 (./annotated.tex
LaTeX Font Info:    Font shape `T1/ptm/bx/n' in size <14.4> not available
(Font)              Font shape `T1/ptm/b/n' tried instead on input line 1.
LaTeX Font Info:    Font shape `OT1/phv/bc/n' will be
(Font)              scaled to size 12.9599pt on input line 1.
)
[1

] [2

]
Capitolo 2.
(./files.tex [3]) [4]
Capitolo 3.
(./struct____mialista____.tex
LaTeX Font Info:    Try loading font information for T1+pcr on input line 7.

(/usr/share/texmf-texlive/tex/latex/psnfss/t1pcr.fd
File: t1pcr.fd 2001/06/04 font definitions for T1/pcr.
)

pdfTeX warning: pdflatex (file ./struct____mialista______coll__graph.pdf): PDF 
inclusion: found PDF version <1.5>, but at most version <1.4> allowed
<struct____mialista______coll__graph.pdf, id=2332, 187.70125pt x 144.54pt>
File: struct____mialista______coll__graph.pdf Graphic file (type pdf)

<use struct____mialista______coll__graph.pdf>
LaTeX Font Info:    Font shape `T1/ptm/bx/n' in size <12> not available
(Font)              Font shape `T1/ptm/b/n' tried instead on input line 19.
LaTeX Font Info:    Font shape `OT1/phv/bc/n' will be
(Font)              scaled to size 10.79993pt on input line 19.
LaTeX Font Info:    Try loading font information for TS1+ptm on input line 23.

(/usr/share/texmf-texlive/tex/latex/psnfss/ts1ptm.fd
File: ts1ptm.fd 2001/06/04 font definitions for TS1/ptm.
)
LaTeX Font Info:    Font shape `OT1/phv/bc/n' will be
(Font)              scaled to size 8.99994pt on input line 32.
 [5

 <./struct____mialista______coll__graph.pdf>]) (./structARGS__ONE.tex

pdfTeX warning: pdflatex (file ./structARGS__ONE__coll__graph.pdf): PDF inclusi
on: found PDF version <1.5>, but at most version <1.4> allowed
<structARGS__ONE__coll__graph.pdf, id=2353, 193.72375pt x 477.785pt>
File: structARGS__ONE__coll__graph.pdf Graphic file (type pdf)

<use structARGS__ONE__coll__graph.pdf> [6 <./structARGS__ONE__coll__graph.pdf>]
) (./structconnection.tex [7]) (./structCS__struct.tex [8])
(./structhash__tbl.tex) (./structHRES.tex

pdfTeX warning: pdflatex (file ./structHRES__coll__graph.pdf): PDF inclusion: f
ound PDF version <1.5>, but at most version <1.4> allowed
<structHRES__coll__graph.pdf, id=2407, 222.8325pt x 287.0725pt>
File: structHRES__coll__graph.pdf Graphic file (type pdf)

<use structHRES__coll__graph.pdf>
Underfull \vbox (badness 2735) has occurred while \output is active []

 [9])
(./structJOB.tex [10 <./structHRES__coll__graph.pdf>]) (./structJOB__QUEUE.tex

pdfTeX warning: pdflatex (file ./structJOB__QUEUE__coll__graph.pdf): PDF inclus
ion: found PDF version <1.5>, but at most version <1.4> allowed
<structJOB__QUEUE__coll__graph.pdf, id=2443, 274.02374pt x 311.1625pt>
File: structJOB__QUEUE__coll__graph.pdf Graphic file (type pdf)

<use structJOB__QUEUE__coll__graph.pdf>
Underfull \vbox (badness 7116) has occurred while \output is active []

 [11]
[12 <./structJOB__QUEUE__coll__graph.pdf>]) (./structlist__ptrint.tex

pdfTeX warning: pdflatex (file ./structlist__ptrint__coll__graph.pdf): PDF incl
usion: found PDF version <1.5>, but at most version <1.4> allowed
<structlist__ptrint__coll__graph.pdf, id=2472, 187.70125pt x 273.02pt>
File: structlist__ptrint__coll__graph.pdf Graphic file (type pdf)

<use structlist__ptrint__coll__graph.pdf>
Underfull \vbox (badness 4048) has occurred while \output is active []

 [13 <./structlist__ptrint__coll__graph.pdf>]) (./structmsg.tex

pdfTeX warning: pdflatex (file ./structmsg__coll__graph.pdf): PDF inclusion: fo
und PDF version <1.5>, but at most version <1.4> allowed
<structmsg__coll__graph.pdf, id=2493, 150.5625pt x 363.3575pt>
File: structmsg__coll__graph.pdf Graphic file (type pdf)

<use structmsg__coll__graph.pdf> [14 <./structmsg__coll__graph.pdf>])
(./structproxy.tex [15]) (./structrequest.tex [16]) (./structrequest__cache.tex
) (./structreslist.tex [17]) (./structSCHEDULING.tex

pdfTeX warning: pdflatex (file ./structSCHEDULING__coll__graph.pdf): PDF inclus
ion: found PDF version <1.5>, but at most version <1.4> allowed
<structSCHEDULING__coll__graph.pdf, id=2560, 193.72375pt x 337.26pt>
File: structSCHEDULING__coll__graph.pdf Graphic file (type pdf)

<use structSCHEDULING__coll__graph.pdf>
Underfull \vbox (badness 10000) has occurred while \output is active []

 [18]
Underfull \vbox (badness 2393) has occurred while \output is active []

 [19 <./structSCHEDULING__coll__graph.pdf>]) [20]
Capitolo 4.
(./filesystem_8c.tex

pdfTeX warning: pdflatex (file ./filesystem_8c__incl.pdf): PDF inclusion: found
 PDF version <1.5>, but at most version <1.4> allowed
<filesystem_8c__incl.pdf, id=2598, 210.7875pt x 160.6pt>
File: filesystem_8c__incl.pdf Graphic file (type pdf)

<use filesystem_8c__incl.pdf>
LaTeX Font Info:    Font shape `OT1/phv/bc/it' in size <10> not available
(Font)              Font shape `OT1/phv/bc/sl' tried instead on input line 45.
LaTeX Font Info:    Font shape `OT1/phv/bc/sl' will be
(Font)              scaled to size 8.99994pt on input line 45.
 [21

 <./filesystem_8c__incl.pdf>]
Overfull \hbox (21.88861pt too wide) in alignment at lines 48--59
 [] [] 
 []


Underfull \vbox (badness 10000) detected at line 59
 []


Overfull \hbox (21.88861pt too wide) in alignment at lines 79--82
 [] [] 
 []


Underfull \vbox (badness 10000) detected at line 82
 []


Overfull \hbox (21.88861pt too wide) in alignment at lines 95--102
 [] [] 
 []


Underfull \vbox (badness 10000) detected at line 102
 []

[22]
Overfull \hbox (21.88861pt too wide) in alignment at lines 113--116
 [] [] 
 []


Underfull \vbox (badness 10000) detected at line 116
 []


Overfull \hbox (21.88861pt too wide) in alignment at lines 133--148
 [] [] 
 []


Underfull \vbox (badness 10000) detected at line 148
 []


Overfull \hbox (21.88861pt too wide) in alignment at lines 159--162
 [] [] 
 []


Underfull \vbox (badness 10000) detected at line 162
 []

) (./fsys_8c.tex

pdfTeX warning: pdflatex (file ./fsys_8c__incl.pdf): PDF inclusion: found PDF v
ersion <1.5>, but at most version <1.4> allowed
<fsys_8c__incl.pdf, id=2640, 184.69pt x 160.6pt>
File: fsys_8c__incl.pdf Graphic file (type pdf)
 <use fsys_8c__incl.pdf>
Underfull \vbox (badness 10000) has occurred while \output is active []

 [23]
Overfull \hbox (21.88861pt too wide) in alignment at lines 37--42
 [] [] 
 []


Underfull \vbox (badness 10000) detected at line 42
 []


Overfull \hbox (21.88861pt too wide) in alignment at lines 57--64
 [] [] 
 []


Underfull \vbox (badness 10000) detected at line 64
 []


Overfull \vbox (14.34985pt too high) has occurred while \output is active []


[24 <./fsys_8c__incl.pdf>]
Overfull \hbox (21.88861pt too wide) in alignment at lines 79--84
 [] [] 
 []


Underfull \vbox (badness 10000) detected at line 84
 []

) (./hash_8c.tex

pdfTeX warning: pdflatex (file ./hash_8c__incl.pdf): PDF inclusion: found PDF v
ersion <1.5>, but at most version <1.4> allowed
<hash_8c__incl.pdf, id=2672, 192.72pt x 160.6pt>
File: hash_8c__incl.pdf Graphic file (type pdf)
 <use hash_8c__incl.pdf>
[25 <./hash_8c__incl.pdf>]) (./hres_8c.tex [26]

pdfTeX warning: pdflatex (file ./hres_8c__incl.pdf): PDF inclusion: found PDF v
ersion <1.5>, but at most version <1.4> allowed
<hres_8c__incl.pdf, id=2721, 184.69pt x 160.6pt>
File: hres_8c__incl.pdf Graphic file (type pdf)
 <use hres_8c__incl.pdf>
Overfull \hbox (3.05623pt too wide) in paragraph at lines 23--25
[]\T1/ptm/m/n/10 int [][]handle_-file_-filesystem[][] ([][]HRES[][] $\OMS/ztmcm
/m/n/10 ^^C$\T1/ptm/m/n/10 phash, char $\OMS/ztmcm/m/n/10 ^^C$\T1/ptm/m/n/10 re
mote_-file, void $\OMS/ztmcm/m/n/10 ^^C$\T1/ptm/m/n/10 res, int creat_-
 []


Underfull \hbox (badness 6332) in paragraph at lines 62--63
[]|\T1/ptm/m/n/10 Indica la ri-sor-sa con-ten-ten-te le in-for-ma-zio-ni, non u
ti-liz-za-ta per
 []


Overfull \hbox (21.88861pt too wide) in alignment at lines 57--66
 [] [] 
 []


Underfull \vbox (badness 10000) detected at line 66
 []


Overfull \vbox (11.46475pt too high) has occurred while \output is active []


[27 <./hres_8c__incl.pdf>]) (./hashtable_2include_2consts_8h.tex

pdfTeX warning: pdflatex (file ./hashtable_2include_2consts_8h__dep__incl.pdf):
 PDF inclusion: found PDF version <1.5>, but at most version <1.4> allowed

<hashtable_2include_2consts_8h__dep__incl.pdf, id=2757, 809.0225pt x 800.9925pt
>
File: hashtable_2include_2consts_8h__dep__incl.pdf Graphic file (type pdf)
 <use hashtable_2include_2consts_8h__dep__incl.pdf>
Overfull \hbox (55.0pt too wide) in paragraph at lines 9--11
 [] 
 []


Underfull \vbox (badness 10000) has occurred while \output is active []

 [28]
[29 <./hashtable_2include_2consts_8h__dep__incl.pdf>])
(./proxy_2include_2consts_8h.tex

pdfTeX warning: pdflatex (file ./proxy_2include_2consts_8h__dep__incl.pdf): PDF
 inclusion: found PDF version <1.5>, but at most version <1.4> allowed
<proxy_2include_2consts_8h__dep__incl.pdf, id=2789, 1208.515pt x 568.1225pt>
File: proxy_2include_2consts_8h__dep__incl.pdf Graphic file (type pdf)

<use proxy_2include_2consts_8h__dep__incl.pdf>
Overfull \hbox (55.0pt too wide) in paragraph at lines 9--11
 [] 
 []

[30 <./proxy_2include_2consts_8h__dep__incl.pdf>]) (./filesystem_8h.tex
[31]
Underfull \vbox (badness 10000) has occurred while \output is active []

 [32]
Overfull \vbox (399.2172pt too high) has occurred while \output is active []


[33]

pdfTeX warning: pdflatex (file ./filesystem_8h__incl.pdf): PDF inclusion: found
 PDF version <1.5>, but at most version <1.4> allowed
<filesystem_8h__incl.pdf, id=2894, 1043.9pt x 160.6pt>
File: filesystem_8h__incl.pdf Graphic file (type pdf)

<use filesystem_8h__incl.pdf>
Overfull \hbox (55.0pt too wide) in paragraph at lines 23--25
 [] 
 []



pdfTeX warning: pdflatex (file ./filesystem_8h__dep__incl.pdf): PDF inclusion: 
found PDF version <1.5>, but at most version <1.4> allowed
<filesystem_8h__dep__incl.pdf, id=2896, 809.0225pt x 742.775pt>
File: filesystem_8h__dep__incl.pdf Graphic file (type pdf)

<use filesystem_8h__dep__incl.pdf>
Overfull \hbox (55.0pt too wide) in paragraph at lines 31--33
 [] 
 []


Underfull \vbox (badness 10000) has occurred while \output is active []

 [34 <./filesystem_8h__incl.pdf>] [35 <./filesystem_8h__dep__incl.pdf>]
LaTeX Font Info:    Font shape `OT1/ptm/bx/n' in size <8> not available
(Font)              Font shape `OT1/ptm/b/n' tried instead on input line 97.
LaTeX Font Info:    Font shape `OT1/ptm/bx/n' in size <5> not available
(Font)              Font shape `OT1/ptm/b/n' tried instead on input line 97.

Overfull \hbox (4.60022pt too wide) in paragraph at lines 98--98
[]                                []\T1/pcr/m/n/8 int[] val = munmap(([]void[]*
)mem,[][]FILE_SIZE[][]); $\OMS/ztmcm/m/n/8 n$[] 
 []


Overfull \hbox (9.40022pt too wide) in paragraph at lines 99--99
[]                                [][]\T1/pcr/m/n/8 kassert[][](val>=0,  []"Err
or unmapping file"[]);$\OMS/ztmcm/m/n/8 n$[] 
 []


Overfull \hbox (21.88861pt too wide) in alignment at lines 103--106
 [] [] 
 []


Underfull \vbox (badness 10000) detected at line 106
 []

[36]
Overfull \hbox (21.88861pt too wide) in alignment at lines 153--164
 [] [] 
 []


Underfull \vbox (badness 10000) detected at line 164
 []


Overfull \hbox (21.88861pt too wide) in alignment at lines 184--187
 [] [] 
 []


Underfull \vbox (badness 10000) detected at line 187
 []


Overfull \hbox (21.88861pt too wide) in alignment at lines 200--207
 [] [] 
 []


Underfull \vbox (badness 10000) detected at line 207
 []


Overfull \hbox (21.88861pt too wide) in alignment at lines 218--221
 [] [] 
 []


Underfull \vbox (badness 10000) detected at line 221
 []


Underfull \vbox (badness 10000) has occurred while \output is active []

 [37]
Overfull \hbox (21.88861pt too wide) in alignment at lines 238--253
 [] [] 
 []


Underfull \vbox (badness 10000) detected at line 253
 []


Overfull \hbox (21.88861pt too wide) in alignment at lines 255--270
 [] [] 
 []


Underfull \vbox (badness 10000) detected at line 270
 []


Overfull \hbox (21.88861pt too wide) in alignment at lines 281--284
 [] [] 
 []


Underfull \vbox (badness 10000) detected at line 284
 []

) (./fsys_8h.tex [38]

pdfTeX warning: pdflatex (file ./fsys_8h__incl.pdf): PDF inclusion: found PDF v
ersion <1.5>, but at most version <1.4> allowed
<fsys_8h__incl.pdf, id=2984, 1043.9pt x 218.8175pt>
File: fsys_8h__incl.pdf Graphic file (type pdf)
 <use fsys_8h__incl.pdf>
Overfull \hbox (55.0pt too wide) in paragraph at lines 14--16
 [] 
 []



pdfTeX warning: pdflatex (file ./fsys_8h__dep__incl.pdf): PDF inclusion: found 
PDF version <1.5>, but at most version <1.4> allowed
<fsys_8h__dep__incl.pdf, id=2986, 809.0225pt x 684.5575pt>
File: fsys_8h__dep__incl.pdf Graphic file (type pdf)

<use fsys_8h__dep__incl.pdf>
Overfull \hbox (55.0pt too wide) in paragraph at lines 22--24
 [] 
 []

[39 <./fsys_8h__incl.pdf> <./fsys_8h__dep__incl.pdf>]
Overfull \hbox (21.88861pt too wide) in alignment at lines 49--54
 [] [] 
 []


Underfull \vbox (badness 10000) detected at line 54
 []


Overfull \hbox (21.88861pt too wide) in alignment at lines 69--76
 [] [] 
 []


Underfull \vbox (badness 10000) detected at line 76
 []


Overfull \hbox (21.88861pt too wide) in alignment at lines 91--96
 [] [] 
 []


Underfull \vbox (badness 10000) detected at line 96
 []

) (./hash_8h.tex
Underfull \vbox (badness 10000) has occurred while \output is active []

 [40]

pdfTeX warning: pdflatex (file ./hash_8h__incl.pdf): PDF inclusion: found PDF v
ersion <1.5>, but at most version <1.4> allowed
<hash_8h__incl.pdf, id=3023, 327.2225pt x 160.6pt>
File: hash_8h__incl.pdf Graphic file (type pdf)
 <use hash_8h__incl.pdf>

pdfTeX warning: pdflatex (file ./hash_8h__dep__incl.pdf): PDF inclusion: found 
PDF version <1.5>, but at most version <1.4> allowed
<hash_8h__dep__incl.pdf, id=3025, 809.0225pt x 684.5575pt>
File: hash_8h__dep__incl.pdf Graphic file (type pdf)

<use hash_8h__dep__incl.pdf>
Overfull \hbox (55.0pt too wide) in paragraph at lines 21--23
 [] 
 []


Underfull \vbox (badness 10000) has occurred while \output is active []

 [41 <./hash_8h__incl.pdf>] [42 <./hash_8h__dep__incl.pdf>]) (./hres_8h.tex [43
]

pdfTeX warning: pdflatex (file ./hres_8h__incl.pdf): PDF inclusion: found PDF v
ersion <1.5>, but at most version <1.4> allowed
<hres_8h__incl.pdf, id=3086, 1208.515pt x 277.035pt>
File: hres_8h__incl.pdf Graphic file (type pdf)
 <use hres_8h__incl.pdf>
Overfull \hbox (55.0pt too wide) in paragraph at lines 15--17
 [] 
 []



pdfTeX warning: pdflatex (file ./hres_8h__dep__incl.pdf): PDF inclusion: found 
PDF version <1.5>, but at most version <1.4> allowed
<hres_8h__dep__incl.pdf, id=3088, 809.0225pt x 626.34pt>
File: hres_8h__dep__incl.pdf Graphic file (type pdf)

<use hres_8h__dep__incl.pdf>
Overfull \hbox (55.0pt too wide) in paragraph at lines 23--25
 [] 
 []


Underfull \vbox (badness 10000) has occurred while \output is active []

 [44 <./hres_8h__incl.pdf> <./hres_8h__dep__incl.pdf>]
Underfull \hbox (badness 6332) in paragraph at lines 78--79
[]|\T1/ptm/m/n/10 Indica la ri-sor-sa con-ten-ten-te le in-for-ma-zio-ni, non u
ti-liz-za-ta per
 []


Overfull \hbox (21.88861pt too wide) in alignment at lines 73--82
 [] [] 
 []


Underfull \vbox (badness 10000) detected at line 82
 []

) (./lett__scritt_8h.tex [45]

pdfTeX warning: pdflatex (file ./lett__scritt_8h__incl.pdf): PDF inclusion: fou
nd PDF version <1.5>, but at most version <1.4> allowed
<lett__scritt_8h__incl.pdf, id=3134, 425.59pt x 160.6pt>
File: lett__scritt_8h__incl.pdf Graphic file (type pdf)

<use lett__scritt_8h__incl.pdf>
Overfull \hbox (55.0pt too wide) in paragraph at lines 14--16
 [] 
 []



pdfTeX warning: pdflatex (file ./lett__scritt_8h__dep__incl.pdf): PDF inclusion
: found PDF version <1.5>, but at most version <1.4> allowed
<lett__scritt_8h__dep__incl.pdf, id=3136, 809.0225pt x 684.5575pt>
File: lett__scritt_8h__dep__incl.pdf Graphic file (type pdf)

<use lett__scritt_8h__dep__incl.pdf>
Overfull \hbox (55.0pt too wide) in paragraph at lines 22--24
 [] 
 []


Underfull \vbox (badness 10000) has occurred while \output is active []

 [46 <./lett__scritt_8h__incl.pdf>] [47 <./lett__scritt_8h__dep__incl.pdf>]
Overfull \hbox (21.88861pt too wide) in alignment at lines 121--126
 [] [] 
 []


Underfull \vbox (badness 10000) detected at line 126
 []


Underfull \vbox (badness 7631) has occurred while \output is active []

 [48])
(./hashtable_2include_2libhashtable_8h.tex

pdfTeX warning: pdflatex (file ./hashtable_2include_2libhashtable_8h__incl.pdf)
: PDF inclusion: found PDF version <1.5>, but at most version <1.4> allowed

<hashtable_2include_2libhashtable_8h__incl.pdf, id=3200, 1043.9pt x 335.2525pt>
File: hashtable_2include_2libhashtable_8h__incl.pdf Graphic file (type pdf)
<use hashtable_2include_2libhashtable_8h__incl.pdf>
Overfull \hbox (55.0pt too wide) in paragraph at lines 14--16
 [] 
 []



pdfTeX warning: pdflatex (file ./hashtable_2include_2libhashtable_8h__dep__incl
.pdf): PDF inclusion: found PDF version <1.5>, but at most version <1.4> allowe
d

<hashtable_2include_2libhashtable_8h__dep__incl.pdf, id=3202, 809.0225pt x 568.
1225pt>
File: hashtable_2include_2libhashtable_8h__dep__incl.pdf Graphic file (type pdf
)
 <use hashtable_2include_2libhashtable_8h__dep__incl.pdf>
Overfull \hbox (55.0pt too wide) in paragraph at lines 22--24
 [] 
 []

) (./proxy_2include_2libhashtable_8h.tex
Underfull \vbox (badness 10000) has occurred while \output is active []

 [49 <./hashtable_2include_2libhashtable_8h__incl.pdf>]

pdfTeX warning: pdflatex (file ./proxy_2include_2libhashtable_8h__incl.pdf): PD
F inclusion: found PDF version <1.5>, but at most version <1.4> allowed
<proxy_2include_2libhashtable_8h__incl.pdf, id=3216, 1043.9pt x 393.47pt>
File: proxy_2include_2libhashtable_8h__incl.pdf Graphic file (type pdf)

<use proxy_2include_2libhashtable_8h__incl.pdf>
Overfull \hbox (55.0pt too wide) in paragraph at lines 10--12
 [] 
 []



pdfTeX warning: pdflatex (file ./proxy_2include_2libhashtable_8h__dep__incl.pdf
): PDF inclusion: found PDF version <1.5>, but at most version <1.4> allowed

<proxy_2include_2libhashtable_8h__dep__incl.pdf, id=3218, 809.0225pt x 509.905p
t>
File: proxy_2include_2libhashtable_8h__dep__incl.pdf Graphic file (type pdf)
 <use proxy_2include_2libhashtable_8h__dep__incl.pdf>
Overfull \hbox (55.0pt too wide) in paragraph at lines 18--20
 [] 
 []


Underfull \vbox (badness 1112) has occurred while \output is active []

 [50 <./hashtable_2include_2libhashtable_8h__dep__incl.pdf> <./proxy_2include_2
libhashtable_8h__incl.pdf>]) (./lett__scritt_8c.tex

pdfTeX warning: pdflatex (file ./lett__scritt_8c__incl.pdf): PDF inclusion: fou
nd PDF version <1.5>, but at most version <1.4> allowed
<lett__scritt_8c__incl.pdf, id=3238, 206.7725pt x 160.6pt>
File: lett__scritt_8c__incl.pdf Graphic file (type pdf)

<use lett__scritt_8c__incl.pdf>
Underfull \vbox (badness 3098) has occurred while \output is active []

 [51 <./proxy_2include_2libhashtable_8h__dep__incl.pdf> <./lett__scritt_8c__inc
l.pdf>]
Overfull \hbox (21.88861pt too wide) in alignment at lines 49--54
 [] [] 
 []


Underfull \vbox (badness 10000) detected at line 54
 []

) (./communication_8c.tex

pdfTeX warning: pdflatex (file ./communication_8c__incl.pdf): PDF inclusion: fo
und PDF version <1.5>, but at most version <1.4> allowed
<communication_8c__incl.pdf, id=3273, 214.8025pt x 160.6pt>
File: communication_8c__incl.pdf Graphic file (type pdf)

<use communication_8c__incl.pdf> [52]
LaTeX Font Info:    Try loading font information for OT1+pcr on input line 57.

(/usr/share/texmf-texlive/tex/latex/psnfss/ot1pcr.fd
File: ot1pcr.fd 2001/06/04 font definitions for OT1/pcr.
)

LaTeX Font Warning: Font shape `OT1/pcr/bc/n' undefined
(Font)              using `OT1/pcr/m/n' instead on input line 57.

[53 <./communication_8c__incl.pdf>]
Overfull \hbox (21.88861pt too wide) in alignment at lines 89--104
 [] [] 
 []


Underfull \vbox (badness 10000) detected at line 104
 []


Overfull \hbox (21.88861pt too wide) in alignment at lines 119--130
 [] [] 
 []


Underfull \vbox (badness 10000) detected at line 130
 []


Overfull \hbox (21.88861pt too wide) in alignment at lines 142--147
 [] [] 
 []


Underfull \vbox (badness 10000) detected at line 147
 []


Underfull \vbox (badness 10000) has occurred while \output is active []

 [54]
Overfull \hbox (21.88861pt too wide) in alignment at lines 161--170
 [] [] 
 []


Underfull \vbox (badness 10000) detected at line 170
 []


Overfull \hbox (21.88861pt too wide) in alignment at lines 182--187
 [] [] 
 []


Underfull \vbox (badness 10000) detected at line 187
 []


Overfull \hbox (21.88861pt too wide) in alignment at lines 225--240
 [] [] 
 []


Underfull \vbox (badness 10000) detected at line 240
 []

[55]
Overfull \hbox (21.88861pt too wide) in alignment at lines 252--257
 [] [] 
 []


Underfull \vbox (badness 10000) detected at line 257
 []

) (./connect_8c.tex

pdfTeX warning: pdflatex (file ./connect_8c__incl.pdf): PDF inclusion: found PD
F version <1.5>, but at most version <1.4> allowed
<connect_8c__incl.pdf, id=3355, 182.6825pt x 160.6pt>
File: connect_8c__incl.pdf Graphic file (type pdf)

<use connect_8c__incl.pdf> [56 <./connect_8c__incl.pdf>]
Overfull \hbox (21.88861pt too wide) in alignment at lines 69--76
 [] [] 
 []


Underfull \vbox (badness 10000) detected at line 76
 []


Overfull \hbox (21.88861pt too wide) in alignment at lines 87--90
 [] [] 
 []


Underfull \vbox (badness 10000) detected at line 90
 []

[57]
Overfull \hbox (21.88861pt too wide) in alignment at lines 101--104
 [] [] 
 []


Underfull \vbox (badness 10000) detected at line 104
 []


Overfull \hbox (21.88861pt too wide) in alignment at lines 117--124
 [] [] 
 []


Underfull \vbox (badness 10000) detected at line 124
 []


Overfull \hbox (21.88861pt too wide) in alignment at lines 136--141
 [] [] 
 []


Underfull \vbox (badness 10000) detected at line 141
 []


Overfull \hbox (21.88861pt too wide) in alignment at lines 152--155
 [] [] 
 []


Underfull \vbox (badness 10000) detected at line 155
 []


Overfull \hbox (21.88861pt too wide) in alignment at lines 168--175
 [] [] 
 []


Underfull \vbox (badness 10000) detected at line 175
 []


Underfull \vbox (badness 10000) has occurred while \output is active []

 [58]
Overfull \hbox (21.88861pt too wide) in alignment at lines 188--195
 [] [] 
 []


Underfull \vbox (badness 10000) detected at line 195
 []


Overfull \hbox (21.88861pt too wide) in alignment at lines 208--211
 [] [] 
 []


Underfull \vbox (badness 10000) detected at line 211
 []


Overfull \hbox (21.88861pt too wide) in alignment at lines 224--231
 [] [] 
 []


Underfull \vbox (badness 10000) detected at line 231
 []

) (./bank__functs_8h.tex

pdfTeX warning: pdflatex (file ./bank__functs_8h__incl.pdf): PDF inclusion: fou
nd PDF version <1.5>, but at most version <1.4> allowed
<bank__functs_8h__incl.pdf, id=3426, 1709.38625pt x 742.775pt>
File: bank__functs_8h__incl.pdf Graphic file (type pdf)

<use bank__functs_8h__incl.pdf>
Overfull \hbox (55.0pt too wide) in paragraph at lines 17--19
 [] 
 []

) (./bank__head_8h.tex
Underfull \vbox (badness 1867) has occurred while \output is active []

 [59]

pdfTeX warning: pdflatex (file ./bank__head_8h__incl.pdf): PDF inclusion: found
 PDF version <1.5>, but at most version <1.4> allowed
<bank__head_8h__incl.pdf, id=3435, 289.08pt x 218.8175pt>
File: bank__head_8h__incl.pdf Graphic file (type pdf)

<use bank__head_8h__incl.pdf>

pdfTeX warning: pdflatex (file ./bank__head_8h__dep__incl.pdf): PDF inclusion: 
found PDF version <1.5>, but at most version <1.4> allowed
<bank__head_8h__dep__incl.pdf, id=3437, 234.8775pt x 160.6pt>
File: bank__head_8h__dep__incl.pdf Graphic file (type pdf)

<use bank__head_8h__dep__incl.pdf>
Underfull \vbox (badness 1817) has occurred while \output is active []

 [60 <./bank__functs_8h__incl.pdf> <./bank__head_8h__incl.pdf>]
Overfull \hbox (21.88861pt too wide) in alignment at lines 46--51
 [] [] 
 []


Underfull \vbox (badness 10000) detected at line 51
 []


Overfull \hbox (21.88861pt too wide) in alignment at lines 65--72
 [] [] 
 []


Underfull \vbox (badness 10000) detected at line 72
 []

[61 <./bank__head_8h__dep__incl.pdf>]
Overfull \hbox (21.88861pt too wide) in alignment at lines 88--95
 [] [] 
 []


Underfull \vbox (badness 10000) detected at line 95
 []


Overfull \hbox (21.88861pt too wide) in alignment at lines 112--121
 [] [] 
 []


Underfull \vbox (badness 10000) detected at line 121
 []

) (./communication_8h.tex [62]

pdfTeX warning: pdflatex (file ./communication_8h__incl.pdf): PDF inclusion: fo
und PDF version <1.5>, but at most version <1.4> allowed
<communication_8h__incl.pdf, id=3490, 935.495pt x 218.8175pt>
File: communication_8h__incl.pdf Graphic file (type pdf)

<use communication_8h__incl.pdf>
Overfull \hbox (55.0pt too wide) in paragraph at lines 13--15
 [] 
 []



pdfTeX warning: pdflatex (file ./communication_8h__dep__incl.pdf): PDF inclusio
n: found PDF version <1.5>, but at most version <1.4> allowed
<communication_8h__dep__incl.pdf, id=3492, 833.1125pt x 509.905pt>
File: communication_8h__dep__incl.pdf Graphic file (type pdf)

<use communication_8h__dep__incl.pdf>
Overfull \hbox (55.0pt too wide) in paragraph at lines 21--23
 [] 
 []


Overfull \hbox (58.96567pt too wide) in paragraph at lines 30--31
[]\T1/ptm/m/n/10 #define [][]di-stan-ce[][](ptr1, ptr2) ((!(si-zeof(ptr1)==size
of(ptr2))) ? -1 : (((ptr2)-(ptr1))/sizeof($\OMS/ztmcm/m/n/10 ^^C$\T1/ptm/m/n/10
 ptr1))) 
 []

[63 <./communication_8h__incl.pdf> <./communication_8h__dep__incl.pdf>]
Overfull \hbox (21.88861pt too wide) in alignment at lines 88--103
 [] [] 
 []


Underfull \vbox (badness 10000) detected at line 103
 []

[64]
Overfull \hbox (21.88861pt too wide) in alignment at lines 118--129
 [] [] 
 []


Underfull \vbox (badness 10000) detected at line 129
 []


Overfull \hbox (21.88861pt too wide) in alignment at lines 141--146
 [] [] 
 []


Underfull \vbox (badness 10000) detected at line 146
 []


Overfull \hbox (21.88861pt too wide) in alignment at lines 158--163
 [] [] 
 []


Underfull \vbox (badness 10000) detected at line 163
 []

[65]
Overfull \hbox (21.88861pt too wide) in alignment at lines 190--205
 [] [] 
 []


Underfull \vbox (badness 10000) detected at line 205
 []


Overfull \hbox (21.88861pt too wide) in alignment at lines 217--222
 [] [] 
 []


Underfull \vbox (badness 10000) detected at line 222
 []

) (./connect_8h.tex

pdfTeX warning: pdflatex (file ./connect_8h__incl.pdf): PDF inclusion: found PD
F version <1.5>, but at most version <1.4> allowed
<connect_8h__incl.pdf, id=3555, 1635.10875pt x 684.5575pt>
File: connect_8h__incl.pdf Graphic file (type pdf)

<use connect_8h__incl.pdf>
Overfull \hbox (55.0pt too wide) in paragraph at lines 26--28
 [] 
 []


Underfull \vbox (badness 10000) has occurred while \output is active []

 [66]

pdfTeX warning: pdflatex (file ./connect_8h__dep__incl.pdf): PDF inclusion: fou
nd PDF version <1.5>, but at most version <1.4> allowed
<connect_8h__dep__incl.pdf, id=3563, 674.52pt x 451.6875pt>
File: connect_8h__dep__incl.pdf Graphic file (type pdf)

<use connect_8h__dep__incl.pdf>
Overfull \hbox (55.0pt too wide) in paragraph at lines 34--36
 [] 
 []

[67 <./connect_8h__incl.pdf> <./connect_8h__dep__incl.pdf>]
Overfull \hbox (21.88861pt too wide) in alignment at lines 73--76
 [] [] 
 []


Underfull \vbox (badness 10000) detected at line 76
 []


Overfull \hbox (21.88861pt too wide) in alignment at lines 88--93
 [] [] 
 []


Underfull \vbox (badness 10000) detected at line 93
 []


Overfull \hbox (21.88861pt too wide) in alignment at lines 106--113
 [] [] 
 []


Underfull \vbox (badness 10000) detected at line 113
 []

[68]
Overfull \hbox (21.88861pt too wide) in alignment at lines 118--125
 [] [] 
 []


Underfull \vbox (badness 10000) detected at line 125
 []

) (./init_8h.tex

pdfTeX warning: pdflatex (file ./init_8h__incl.pdf): PDF inclusion: found PDF v
ersion <1.5>, but at most version <1.4> allowed
<init_8h__incl.pdf, id=3607, 2204.235pt x 742.775pt>
File: init_8h__incl.pdf Graphic file (type pdf)
 <use init_8h__incl.pdf>
Overfull \hbox (55.0pt too wide) in paragraph at lines 16--18
 [] 
 []

[69 <./init_8h__incl.pdf>]
Overfull \hbox (21.88861pt too wide) in alignment at lines 43--48
 [] [] 
 []


Underfull \vbox (badness 10000) detected at line 48
 []


Overfull \hbox (21.88861pt too wide) in alignment at lines 61--64
 [] [] 
 []


Underfull \vbox (badness 10000) detected at line 64
 []

) (./init__globals_8h.tex

pdfTeX warning: pdflatex (file ./init__globals_8h__incl.pdf): PDF inclusion: fo
und PDF version <1.5>, but at most version <1.4> allowed
<init__globals_8h__incl.pdf, id=3635, 1724.4425pt x 684.5575pt>
File: init__globals_8h__incl.pdf Graphic file (type pdf)

<use init__globals_8h__incl.pdf>
Overfull \hbox (55.0pt too wide) in paragraph at lines 12--14
 [] 
 []



pdfTeX warning: pdflatex (file ./init__globals_8h__dep__incl.pdf): PDF inclusio
n: found PDF version <1.5>, but at most version <1.4> allowed
<init__globals_8h__dep__incl.pdf, id=3637, 684.5575pt x 451.6875pt>
File: init__globals_8h__dep__incl.pdf Graphic file (type pdf)

<use init__globals_8h__dep__incl.pdf>
Overfull \hbox (55.0pt too wide) in paragraph at lines 20--22
 [] 
 []


Underfull \vbox (badness 4967) has occurred while \output is active []

 [70 <./init__globals_8h__incl.pdf>]) (./lists_8h.tex
Underfull \vbox (badness 10000) has occurred while \output is active []

 [71 <./init__globals_8h__dep__incl.pdf>]

pdfTeX warning: pdflatex (file ./lists_8h__incl.pdf): PDF inclusion: found PDF 
version <1.5>, but at most version <1.4> allowed
<lists_8h__incl.pdf, id=3682, 2009.5075pt x 626.34pt>
File: lists_8h__incl.pdf Graphic file (type pdf)
 <use lists_8h__incl.pdf>
Overfull \hbox (55.0pt too wide) in paragraph at lines 10--12
 [] 
 []

) (./macro_8h.tex [72 <./lists_8h__incl.pdf>]

pdfTeX warning: pdflatex (file ./macro_8h__incl.pdf): PDF inclusion: found PDF 
version <1.5>, but at most version <1.4> allowed
<macro_8h__incl.pdf, id=3697, 780.9175pt x 160.6pt>
File: macro_8h__incl.pdf Graphic file (type pdf)
 <use macro_8h__incl.pdf>
Overfull \hbox (55.0pt too wide) in paragraph at lines 19--21
 [] 
 []



pdfTeX warning: pdflatex (file ./macro_8h__dep__incl.pdf): PDF inclusion: found
 PDF version <1.5>, but at most version <1.4> allowed
<macro_8h__dep__incl.pdf, id=3699, 863.225pt x 568.1225pt>
File: macro_8h__dep__incl.pdf Graphic file (type pdf)

<use macro_8h__dep__incl.pdf>
Overfull \hbox (55.0pt too wide) in paragraph at lines 27--29
 [] 
 []

[73 <./macro_8h__incl.pdf> <./macro_8h__dep__incl.pdf>]
Overfull \hbox (427.00049pt too wide) in paragraph at lines 57--57
[]\T1/pcr/m/n/8 {                                                              
                                                                               
                  $\OMS/ztmcm/m/n/8 n$[] 
 []


Overfull \hbox (350.20044pt too wide) in paragraph at lines 59--59
[]        []\T1/pcr/m/n/8 /*      set color mode  */[]                         
                                                                               
      $\OMS/ztmcm/m/n/8 n$[] 
 []


Overfull \hbox (158.20032pt too wide) in paragraph at lines 61--61
[]        \T1/pcr/m/n/8 printf( []"%s%d;%d%s"[], [][]START_COLOR[][], [][]BOLD[
][], (fg_color),     [][]END_COLOR[][]);                             $\OMS/ztmc
m/m/n/8 n$[] 
 []


Overfull \hbox (427.00049pt too wide) in paragraph at lines 63--63
[]                                                                             
                                                                               
    $\OMS/ztmcm/m/n/8 n$[] 
 []


Overfull \hbox (311.80042pt too wide) in paragraph at lines 65--65
[]        []\T1/pcr/m/n/8 /*      print original message  */[]                 
                                                                             $\
OMS/ztmcm/m/n/8 n$[] 
 []


Overfull \hbox (311.80042pt too wide) in paragraph at lines 67--67
[]        \T1/pcr/m/n/8 printf( __VA_ARGS__);                                  
                                                                         $\OMS/
ztmcm/m/n/8 n$[] 
 []


Overfull \hbox (427.00049pt too wide) in paragraph at lines 69--69
[]                                                                             
                                                                               
    $\OMS/ztmcm/m/n/8 n$[] 
 []


Overfull \hbox (350.20044pt too wide) in paragraph at lines 71--71
[]        []\T1/pcr/m/n/8 /*      unset color mode        */[]                 
                                                                               
      $\OMS/ztmcm/m/n/8 n$[] 
 []


Overfull \hbox (311.80042pt too wide) in paragraph at lines 73--73
[]        \T1/pcr/m/n/8 printf( []"%s"[], [][]RESET_COLOR[][]);                
                                                                               
      $\OMS/ztmcm/m/n/8 n$[] 
 []


Overfull \hbox (21.88861pt too wide) in alignment at lines 90--93
 [] [] 
 []


Underfull \vbox (badness 10000) detected at line 93
 []


Overfull \hbox (158.20032pt too wide) in paragraph at lines 114--114
[]\T1/pcr/m/n/8 {                                                              
                                         $\OMS/ztmcm/m/n/8 n$[] 
 []


Overfull \hbox (311.80042pt too wide) in paragraph at lines 116--116
[]        \T1/pcr/m/n/8 (timeout)->tv_sec               =       [][]MAX_TIME[][
];                                                                             
  $\OMS/ztmcm/m/n/8 n$[] 
 []


Overfull \hbox (311.80042pt too wide) in paragraph at lines 118--118
[]        \T1/pcr/m/n/8 (timeout)->tv_usec              =       [][]MAX_uTIME[]
[];                                                                            
  $\OMS/ztmcm/m/n/8 n$[] 
 []

[74]
Overfull \hbox (21.88861pt too wide) in alignment at lines 123--126
 [] [] 
 []


Underfull \vbox (badness 10000) detected at line 126
 []

) (./params_8h.tex

pdfTeX warning: pdflatex (file ./params_8h__incl.pdf): PDF inclusion: found PDF
 version <1.5>, but at most version <1.4> allowed
<params_8h__incl.pdf, id=3741, 1011.78pt x 277.035pt>
File: params_8h__incl.pdf Graphic file (type pdf)

<use params_8h__incl.pdf>
Overfull \hbox (55.0pt too wide) in paragraph at lines 22--24
 [] 
 []



pdfTeX warning: pdflatex (file ./params_8h__dep__incl.pdf): PDF inclusion: foun
d PDF version <1.5>, but at most version <1.4> allowed
<params_8h__dep__incl.pdf, id=3743, 263.98625pt x 218.8175pt>
File: params_8h__dep__incl.pdf Graphic file (type pdf)

<use params_8h__dep__incl.pdf>
Underfull \vbox (badness 6001) has occurred while \output is active []

 [75 <./params_8h__incl.pdf>]
Overfull \hbox (2.32635pt too wide) in paragraph at lines 41--43
[]\T1/ptm/m/n/10 #define [][]IS_-EOOPT[][](ptr) (((((ptr)-$\OML/ztmcm/m/it/10 >
$\T1/ptm/m/n/10 name)$\OMS/ztmcm/m/n/10 j$$j$\T1/ptm/m/n/10 ((ptr)-$\OML/ztmcm/
m/it/10 >$\T1/ptm/m/n/10 has_-arg)$\OMS/ztmcm/m/n/10 j$$j$\T1/ptm/m/n/10 ((ptr)
-$\OML/ztmcm/m/it/10 >$\T1/ptm/m/n/10 flag)$\OMS/ztmcm/m/n/10 j$$j$\T1/ptm/m/n/
10 ((ptr)-
 []


Overfull \hbox (26.34863pt too wide) in paragraph at lines 43--45
[]\T1/ptm/m/n/10 #define [][]GETOPT_-L[][](argc, argv, lon-gk, optp-tr, w) geto
pt_-long(argc,argv,w,longk,optptr) 
 []


Overfull \hbox (28.02823pt too wide) in paragraph at lines 45--47
[]\T1/ptm/m/n/10 #define [][]WHILE_-GETOPT_-L[][](argc, argv, lon-gk, optp-tr, 
val, w) while(((val)=GETOPT_-
 []


Overfull \hbox (52.06795pt too wide) in paragraph at lines 55--57
[]\T1/ptm/m/n/10 #define [][]GET_-NEXT_-OPTIND[][](argc, argv) (HAS_-OTHER_-ARG
S(argc) ? ((argv)[]optind++[])
 []

LaTeX Font Info:    Try loading font information for OMS+phv on input line 72.
(/usr/share/texmf-texlive/tex/latex/psnfss/omsphv.fd
File: omsphv.fd 
)

LaTeX Font Warning: Font shape `OMS/phv/bc/n' undefined
(Font)              using `OMS/phv/m/n' instead
(Font)              for symbol `textbraceright' on input line 72.

LaTeX Font Info:    Font shape `OMS/phv/m/n' in size <10> not available
(Font)              Font shape `OMS/cmsy/m/n' tried instead on input line 72.
LaTeX Font Info:    Font shape `OMS/phv/bc/n' in size <10> not available
(Font)              Font shape `OMS/cmsy/m/n' tried instead on input line 72.
[76 <./params_8h__dep__incl.pdf>] [77]
Overfull \hbox (43.80025pt too wide) in paragraph at lines 165--165
[]                                                []\T1/pcr/m/n/8 char[]* alloc
ando = [][]mkshortopt[][](long[] 
 []


Overfull \hbox (43.80025pt too wide) in paragraph at lines 167--167
[]                                                [][]\T1/pcr/m/n/8 WHILE_GETOP
T_L[][](argc,argv,longk,&o[] 
 []


Overfull \hbox (21.88861pt too wide) in alignment at lines 202--209
 [] [] 
 []


Underfull \vbox (badness 10000) detected at line 209
 []

) (./pthread__ext_8h.tex

pdfTeX warning: pdflatex (file ./pthread__ext_8h__incl.pdf): PDF inclusion: fou
nd PDF version <1.5>, but at most version <1.4> allowed
<pthread__ext_8h__incl.pdf, id=3816, 333.245pt x 160.6pt>
File: pthread__ext_8h__incl.pdf Graphic file (type pdf)

<use pthread__ext_8h__incl.pdf>
Underfull \vbox (badness 10000) has occurred while \output is active []

 [78]

pdfTeX warning: pdflatex (file ./pthread__ext_8h__dep__incl.pdf): PDF inclusion
: found PDF version <1.5>, but at most version <1.4> allowed
<pthread__ext_8h__dep__incl.pdf, id=3823, 645.41125pt x 451.6875pt>
File: pthread__ext_8h__dep__incl.pdf Graphic file (type pdf)

<use pthread__ext_8h__dep__incl.pdf>
Overfull \hbox (55.0pt too wide) in paragraph at lines 21--23
 [] 
 []

[79 <./pthread__ext_8h__incl.pdf> <./pthread__ext_8h__dep__incl.pdf>]
Overfull \hbox (43.00024pt too wide) in paragraph at lines 49--50
[]                                \T1/pcr/m/n/8 fprintf(stderr,[]"Error while i
nit condition: %s$\OMS/ztmcm/m/n/8 n$\T1/pcr/m/n/8 n"[] 
 []


Overfull \hbox (43.00024pt too wide) in paragraph at lines 69--70
[]                                \T1/pcr/m/n/8 fprintf(stderr,[]"Error while i
nit mutex: %s$\OMS/ztmcm/m/n/8 n$\T1/pcr/m/n/8 n"[], ([]c[] 
 []

) (./thread__functs_8h.tex

pdfTeX warning: pdflatex (file ./thread__functs_8h__incl.pdf): PDF inclusion: f
ound PDF version <1.5>, but at most version <1.4> allowed
<thread__functs_8h__incl.pdf, id=3850, 1884.03876pt x 626.34pt>
File: thread__functs_8h__incl.pdf Graphic file (type pdf)

<use thread__functs_8h__incl.pdf>
Overfull \hbox (55.0pt too wide) in paragraph at lines 12--14
 [] 
 []


Underfull \vbox (badness 4886) has occurred while \output is active []

 [80]

pdfTeX warning: pdflatex (file ./thread__functs_8h__dep__incl.pdf): PDF inclusi
on: found PDF version <1.5>, but at most version <1.4> allowed
<thread__functs_8h__dep__incl.pdf, id=3857, 645.41125pt x 393.47pt>
File: thread__functs_8h__dep__incl.pdf Graphic file (type pdf)

<use thread__functs_8h__dep__incl.pdf>
Overfull \hbox (55.0pt too wide) in paragraph at lines 20--22
 [] 
 []

[81 <./thread__functs_8h__incl.pdf> <./thread__functs_8h__dep__incl.pdf>]
Overfull \hbox (21.88861pt too wide) in alignment at lines 61--64
 [] [] 
 []


Underfull \vbox (badness 10000) detected at line 64
 []


Overfull \hbox (21.88861pt too wide) in alignment at lines 78--87
 [] [] 
 []


Underfull \vbox (badness 10000) detected at line 87
 []


Overfull \hbox (21.88861pt too wide) in alignment at lines 100--103
 [] [] 
 []


Underfull \vbox (badness 10000) detected at line 103
 []

) (./toclient_8h.tex
Underfull \vbox (badness 10000) has occurred while \output is active []

 [82]

pdfTeX warning: pdflatex (file ./toclient_8h__incl.pdf): PDF inclusion: found P
DF version <1.5>, but at most version <1.4> allowed
<toclient_8h__incl.pdf, id=3903, 1511.6475pt x 684.5575pt>
File: toclient_8h__incl.pdf Graphic file (type pdf)

<use toclient_8h__incl.pdf>
Overfull \hbox (55.0pt too wide) in paragraph at lines 13--15
 [] 
 []



pdfTeX warning: pdflatex (file ./toclient_8h__dep__incl.pdf): PDF inclusion: fo
und PDF version <1.5>, but at most version <1.4> allowed
<toclient_8h__dep__incl.pdf, id=3905, 556.0775pt x 451.6875pt>
File: toclient_8h__dep__incl.pdf Graphic file (type pdf)

<use toclient_8h__dep__incl.pdf>
Overfull \hbox (55.0pt too wide) in paragraph at lines 21--23
 [] 
 []


Underfull \vbox (badness 10000) has occurred while \output is active []

 [83 <./toclient_8h__incl.pdf>]) (./toserver_8h.tex [84 <./toclient_8h__dep__in
cl.pdf>]

pdfTeX warning: pdflatex (file ./toserver_8h__incl.pdf): PDF inclusion: found P
DF version <1.5>, but at most version <1.4> allowed
<toserver_8h__incl.pdf, id=3935, 2135.98pt x 684.5575pt>
File: toserver_8h__incl.pdf Graphic file (type pdf)

<use toserver_8h__incl.pdf>
Overfull \hbox (55.0pt too wide) in paragraph at lines 18--20
 [] 
 []



pdfTeX warning: pdflatex (file ./toserver_8h__dep__incl.pdf): PDF inclusion: fo
und PDF version <1.5>, but at most version <1.4> allowed
<toserver_8h__dep__incl.pdf, id=3937, 216.81pt x 160.6pt>
File: toserver_8h__dep__incl.pdf Graphic file (type pdf)

<use toserver_8h__dep__incl.pdf>
Underfull \vbox (badness 3098) has occurred while \output is active []

 [85 <./toserver_8h__incl.pdf> <./toserver_8h__dep__incl.pdf>]
Overfull \hbox (21.88861pt too wide) in alignment at lines 54--61
 [] [] 
 []


Underfull \vbox (badness 10000) detected at line 61
 []


Overfull \hbox (10.0913pt too wide) in paragraph at lines 79--79
 \T1/ptm/m/it/10 res:Indicazione|
 []


Overfull \hbox (21.88861pt too wide) in alignment at lines 76--81
 [] [] 
 []


Underfull \vbox (badness 10000) detected at line 81
 []


Overfull \hbox (21.88861pt too wide) in alignment at lines 95--100
 [] [] 
 []


Underfull \vbox (badness 10000) detected at line 100
 []

) (./types_8h.tex
Underfull \vbox (badness 10000) has occurred while \output is active []

 [86]

pdfTeX warning: pdflatex (file ./types_8h__incl.pdf): PDF inclusion: found PDF 
version <1.5>, but at most version <1.4> allowed
<types_8h__incl.pdf, id=3979, 289.08pt x 160.6pt>
File: types_8h__incl.pdf Graphic file (type pdf)
 <use types_8h__incl.pdf>

pdfTeX warning: pdflatex (file ./types_8h__dep__incl.pdf): PDF inclusion: found
 PDF version <1.5>, but at most version <1.4> allowed
<types_8h__dep__incl.pdf, id=3981, 1088.065pt x 509.905pt>
File: types_8h__dep__incl.pdf Graphic file (type pdf)

<use types_8h__dep__incl.pdf>
Overfull \hbox (55.0pt too wide) in paragraph at lines 20--22
 [] 
 []

[87 <./types_8h__incl.pdf> <./types_8h__dep__incl.pdf>]) (./uni__list_8h.tex

pdfTeX warning: pdflatex (file ./uni__list_8h__incl.pdf): PDF inclusion: found 
PDF version <1.5>, but at most version <1.4> allowed
<uni__list_8h__incl.pdf, id=4014, 2009.5075pt x 568.1225pt>
File: uni__list_8h__incl.pdf Graphic file (type pdf)

<use uni__list_8h__incl.pdf>
Overfull \hbox (55.0pt too wide) in paragraph at lines 17--19
 [] 
 []



pdfTeX warning: pdflatex (file ./uni__list_8h__dep__incl.pdf): PDF inclusion: f
ound PDF version <1.5>, but at most version <1.4> allowed
<uni__list_8h__dep__incl.pdf, id=4016, 680.5425pt x 451.6875pt>
File: uni__list_8h__dep__incl.pdf Graphic file (type pdf)

<use uni__list_8h__dep__incl.pdf>
Overfull \hbox (55.0pt too wide) in paragraph at lines 25--27
 [] 
 []

[88 <./uni__list_8h__incl.pdf>] [89 <./uni__list_8h__dep__incl.pdf>] [90]
Overfull \hbox (21.88861pt too wide) in alignment at lines 232--245
 [] [] 
 []


Underfull \vbox (badness 10000) detected at line 245
 []

) (./init_8c.tex

pdfTeX warning: pdflatex (file ./init_8c__incl.pdf): PDF inclusion: found PDF v
ersion <1.5>, but at most version <1.4> allowed
<init_8c__incl.pdf, id=4114, 160.6pt x 160.6pt>
File: init_8c__incl.pdf Graphic file (type pdf)
 <use init_8c__incl.pdf>
Underfull \vbox (badness 10000) has occurred while \output is active []

 [91]
Overfull \hbox (21.88861pt too wide) in alignment at lines 66--71
 [] [] 
 []


Underfull \vbox (badness 10000) detected at line 71
 []

[92 <./init_8c__incl.pdf>]
Overfull \hbox (21.88861pt too wide) in alignment at lines 82--85
 [] [] 
 []


Underfull \vbox (badness 10000) detected at line 85
 []

) (./params_8c.tex
Underfull \vbox (badness 10000) has occurred while \output is active []

 [93]

pdfTeX warning: pdflatex (file ./params_8c__incl.pdf): PDF inclusion: found PDF
 version <1.5>, but at most version <1.4> allowed
<params_8c__incl.pdf, id=4186, 180.675pt x 160.6pt>
File: params_8c__incl.pdf Graphic file (type pdf)
 <use params_8c__incl.pdf>
Underfull \vbox (badness 1189) has occurred while \output is active []

 [94 <./params_8c__incl.pdf>]
Overfull \hbox (21.88861pt too wide) in alignment at lines 47--54
 [] [] 
 []


Underfull \vbox (badness 10000) detected at line 54
 []

) (./thread__functs_8c.tex

pdfTeX warning: pdflatex (file ./thread__functs_8c__incl.pdf): PDF inclusion: f
ound PDF version <1.5>, but at most version <1.4> allowed
<thread__functs_8c__incl.pdf, id=4206, 208.78pt x 160.6pt>
File: thread__functs_8c__incl.pdf Graphic file (type pdf)

<use thread__functs_8c__incl.pdf>
Underfull \vbox (badness 10000) has occurred while \output is active []

 [95]
Overfull \hbox (21.88861pt too wide) in alignment at lines 41--44
 [] [] 
 []


Underfull \vbox (badness 10000) detected at line 44
 []


Underfull \vbox (badness 4927) has occurred while \output is active []

 [96 <./thread__functs_8c__incl.pdf>]
Overfull \hbox (21.88861pt too wide) in alignment at lines 58--67
 [] [] 
 []


Underfull \vbox (badness 10000) detected at line 67
 []


Overfull \hbox (21.88861pt too wide) in alignment at lines 78--81
 [] [] 
 []


Underfull \vbox (badness 10000) detected at line 81
 []

) (./toclient_8c.tex

pdfTeX warning: pdflatex (file ./toclient_8c__incl.pdf): PDF inclusion: found P
DF version <1.5>, but at most version <1.4> allowed
<toclient_8c__incl.pdf, id=4245, 180.675pt x 160.6pt>
File: toclient_8c__incl.pdf Graphic file (type pdf)

<use toclient_8c__incl.pdf>) (./toserver_8c.tex
Underfull \vbox (badness 1430) has occurred while \output is active []

 [97 <./toclient_8c__incl.pdf>]

pdfTeX warning: pdflatex (file ./toserver_8c__incl.pdf): PDF inclusion: found P
DF version <1.5>, but at most version <1.4> allowed
<toserver_8c__incl.pdf, id=4265, 184.69pt x 160.6pt>
File: toserver_8c__incl.pdf Graphic file (type pdf)

<use toserver_8c__incl.pdf>
Overfull \hbox (10.0913pt too wide) in paragraph at lines 51--51
 \T1/ptm/m/it/10 res:Indicazione|
 []


Overfull \hbox (21.88861pt too wide) in alignment at lines 48--53
 [] [] 
 []


Underfull \vbox (badness 10000) detected at line 53
 []

[98 <./toserver_8c__incl.pdf>]
Overfull \hbox (21.88861pt too wide) in alignment at lines 65--70
 [] [] 
 []


Underfull \vbox (badness 10000) detected at line 70
 []

) (./uni__list_8c.tex

pdfTeX warning: pdflatex (file ./uni__list_8c__incl.pdf): PDF inclusion: found 
PDF version <1.5>, but at most version <1.4> allowed
<uni__list_8c__incl.pdf, id=4291, 178.6675pt x 160.6pt>
File: uni__list_8c__incl.pdf Graphic file (type pdf)

<use uni__list_8c__incl.pdf> [99 <./uni__list_8c__incl.pdf>] [100]
Overfull \hbox (21.88861pt too wide) in alignment at lines 194--207
 [] [] 
 []


Underfull \vbox (badness 10000) detected at line 207
 []

) (./refman.ind [101] [102

] [103] [104] [105] [106] [107] [108] [109] [110]
[111

]) (./refman.aux)

LaTeX Font Warning: Some font shapes were not available, defaults substituted.

 ) 
Here is how much of TeX's memory you used:
 12071 strings out of 495052
 195298 string characters out of 1182205
 268336 words of memory out of 3000000
 13821 multiletter control sequences out of 15000+50000
 64514 words of font info for 92 fonts, out of 3000000 for 9000
 28 hyphenation exceptions out of 8191
 41i,13n,58p,629b,591s stack positions out of 5000i,500n,10000p,200000b,50000s
{/usr/share/texmf-texlive/fonts/enc/dvips/base/8r.enc}</usr/share/texmf-texli
ve/fonts/type1/public/amsfonts/cm/cmmi10.pfb></usr/share/texmf-texlive/fonts/ty
pe1/public/amsfonts/cm/cmsy10.pfb></usr/share/texmf-texlive/fonts/type1/urw/cou
rier/ucrr8a.pfb></usr/share/texmf-texlive/fonts/type1/urw/helvetic/uhvb8ac.pfb>
</usr/share/texmf-texlive/fonts/type1/urw/helvetic/uhvbo8ac.pfb></usr/share/tex
mf-texlive/fonts/type1/urw/times/utmb8a.pfb></usr/share/texmf-texlive/fonts/typ
e1/urw/times/utmr8a.pfb></usr/share/texmf-texlive/fonts/type1/urw/times/utmri8a
.pfb>
Output written on refman.pdf (123 pages, 3347608 bytes).
PDF statistics:
 5299 PDF objects out of 6186 (max. 8388607)
 1024 named destinations out of 1200 (max. 500000)
 3700 words of extra memory for PDF output out of 10000 (max. 10000000)

