\BOOKMARK [0][-]{chapter.1}{\376\377\000I\000n\000d\000i\000c\000e\000\040\000d\000e\000l\000l\000e\000\040\000s\000t\000r\000u\000t\000t\000u\000r\000e\000\040\000d\000a\000t\000i}{}
\BOOKMARK [1][-]{section.1.1}{\376\377\000S\000t\000r\000u\000t\000t\000u\000r\000e\000\040\000d\000a\000t\000i}{chapter.1}
\BOOKMARK [0][-]{chapter.2}{\376\377\000I\000n\000d\000i\000c\000e\000\040\000d\000e\000i\000\040\000f\000i\000l\000e}{}
\BOOKMARK [1][-]{section.2.1}{\376\377\000E\000l\000e\000n\000c\000o\000\040\000d\000e\000i\000\040\000f\000i\000l\000e}{chapter.2}
\BOOKMARK [0][-]{chapter.3}{\376\377\000D\000o\000c\000u\000m\000e\000n\000t\000a\000z\000i\000o\000n\000e\000\040\000d\000e\000l\000l\000e\000\040\000c\000l\000a\000s\000s\000i}{}
\BOOKMARK [1][-]{section.3.1}{\376\377\000R\000i\000f\000e\000r\000i\000m\000e\000n\000t\000i\000\040\000p\000e\000r\000\040\000l\000a\000\040\000s\000t\000r\000u\000c\000t\000\040\000\137\000\137\000m\000i\000a\000l\000i\000s\000t\000a\000\137\000\137}{chapter.3}
\BOOKMARK [2][-]{subsection.3.1.1}{\376\377\000D\000o\000c\000u\000m\000e\000n\000t\000a\000z\000i\000o\000n\000e\000\040\000d\000e\000i\000\040\000c\000a\000m\000p\000i}{section.3.1}
\BOOKMARK [3][-]{subsubsection.3.1.1.1}{\376\377\000n\000e\000x\000t}{subsection.3.1.1}
\BOOKMARK [1][-]{section.3.2}{\376\377\000R\000i\000f\000e\000r\000i\000m\000e\000n\000t\000i\000\040\000p\000e\000r\000\040\000l\000a\000\040\000s\000t\000r\000u\000c\000t\000\040\000A\000R\000G\000S\000\137\000O\000N\000E}{chapter.3}
\BOOKMARK [2][-]{subsection.3.2.1}{\376\377\000D\000e\000s\000c\000r\000i\000z\000i\000o\000n\000e\000\040\000d\000e\000t\000t\000a\000g\000l\000i\000a\000t\000a}{section.3.2}
\BOOKMARK [2][-]{subsection.3.2.2}{\376\377\000D\000o\000c\000u\000m\000e\000n\000t\000a\000z\000i\000o\000n\000e\000\040\000d\000e\000i\000\040\000c\000a\000m\000p\000i}{section.3.2}
\BOOKMARK [3][-]{subsubsection.3.2.2.1}{\376\377\000s\000c\000h\000e\000d}{subsection.3.2.2}
\BOOKMARK [3][-]{subsubsection.3.2.2.2}{\376\377\000w\000h\000o\000a\000m\000i}{subsection.3.2.2}
\BOOKMARK [1][-]{section.3.3}{\376\377\000R\000i\000f\000e\000r\000i\000m\000e\000n\000t\000i\000\040\000p\000e\000r\000\040\000l\000a\000\040\000s\000t\000r\000u\000c\000t\000\040\000c\000o\000n\000n\000e\000c\000t\000i\000o\000n}{chapter.3}
\BOOKMARK [2][-]{subsection.3.3.1}{\376\377\000D\000e\000s\000c\000r\000i\000z\000i\000o\000n\000e\000\040\000d\000e\000t\000t\000a\000g\000l\000i\000a\000t\000a}{section.3.3}
\BOOKMARK [2][-]{subsection.3.3.2}{\376\377\000D\000o\000c\000u\000m\000e\000n\000t\000a\000z\000i\000o\000n\000e\000\040\000d\000e\000i\000\040\000c\000a\000m\000p\000i}{section.3.3}
\BOOKMARK [3][-]{subsubsection.3.3.2.1}{\376\377\000e\000x\000p\000i\000r\000y}{subsection.3.3.2}
\BOOKMARK [3][-]{subsubsection.3.3.2.2}{\376\377\000f\000d\000\137\000c\000l\000i\000e\000n\000t}{subsection.3.3.2}
\BOOKMARK [3][-]{subsubsection.3.3.2.3}{\376\377\000f\000d\000\137\000s\000e\000r\000v\000e\000r}{subsection.3.3.2}
\BOOKMARK [3][-]{subsubsection.3.3.2.4}{\376\377\000P\000A\000T\000H}{subsection.3.3.2}
\BOOKMARK [3][-]{subsubsection.3.3.2.5}{\376\377\000s\000I\000P}{subsection.3.3.2}
\BOOKMARK [3][-]{subsubsection.3.3.2.6}{\376\377\000s\000P\000o\000r\000t}{subsection.3.3.2}
\BOOKMARK [3][-]{subsubsection.3.3.2.7}{\376\377\000t\000e\000n\000t\000a\000t\000i\000v\000i}{subsection.3.3.2}
\BOOKMARK [1][-]{section.3.4}{\376\377\000R\000i\000f\000e\000r\000i\000m\000e\000n\000t\000i\000\040\000p\000e\000r\000\040\000l\000a\000\040\000s\000t\000r\000u\000c\000t\000\040\000C\000S\000\137\000s\000t\000r\000u\000c\000t}{chapter.3}
\BOOKMARK [2][-]{subsection.3.4.1}{\376\377\000D\000o\000c\000u\000m\000e\000n\000t\000a\000z\000i\000o\000n\000e\000\040\000d\000e\000i\000\040\000c\000a\000m\000p\000i}{section.3.4}
\BOOKMARK [3][-]{subsubsection.3.4.1.1}{\376\377\000a\000t\000t\000r}{subsection.3.4.1}
\BOOKMARK [1][-]{section.3.5}{\376\377\000R\000i\000f\000e\000r\000i\000m\000e\000n\000t\000i\000\040\000p\000e\000r\000\040\000l\000a\000\040\000s\000t\000r\000u\000c\000t\000\040\000h\000a\000s\000h\000\137\000t\000b\000l}{chapter.3}
\BOOKMARK [2][-]{subsection.3.5.1}{\376\377\000D\000e\000s\000c\000r\000i\000z\000i\000o\000n\000e\000\040\000d\000e\000t\000t\000a\000g\000l\000i\000a\000t\000a}{section.3.5}
\BOOKMARK [2][-]{subsection.3.5.2}{\376\377\000D\000o\000c\000u\000m\000e\000n\000t\000a\000z\000i\000o\000n\000e\000\040\000d\000e\000i\000\040\000c\000a\000m\000p\000i}{section.3.5}
\BOOKMARK [3][-]{subsubsection.3.5.2.1}{\376\377\000e\000l\000e\000m\000e\000n\000t\000s}{subsection.3.5.2}
\BOOKMARK [3][-]{subsubsection.3.5.2.2}{\376\377\000v\000a\000l\000u\000e}{subsection.3.5.2}
\BOOKMARK [1][-]{section.3.6}{\376\377\000R\000i\000f\000e\000r\000i\000m\000e\000n\000t\000i\000\040\000p\000e\000r\000\040\000l\000a\000\040\000s\000t\000r\000u\000c\000t\000\040\000H\000R\000E\000S}{chapter.3}
\BOOKMARK [2][-]{subsection.3.6.1}{\376\377\000D\000o\000c\000u\000m\000e\000n\000t\000a\000z\000i\000o\000n\000e\000\040\000d\000e\000i\000\040\000c\000a\000m\000p\000i}{section.3.6}
\BOOKMARK [3][-]{subsubsection.3.6.1.1}{\376\377\000h\000a\000s\000h\000t\000a\000b\000l\000e}{subsection.3.6.1}
\BOOKMARK [3][-]{subsubsection.3.6.1.2}{\376\377\000l\000e\000t\000t\000s\000c\000r\000i\000t}{subsection.3.6.1}
\BOOKMARK [1][-]{section.3.7}{\376\377\000R\000i\000f\000e\000r\000i\000m\000e\000n\000t\000i\000\040\000p\000e\000r\000\040\000l\000a\000\040\000s\000t\000r\000u\000c\000t\000\040\000J\000O\000B}{chapter.3}
\BOOKMARK [2][-]{subsection.3.7.1}{\376\377\000D\000e\000s\000c\000r\000i\000z\000i\000o\000n\000e\000\040\000d\000e\000t\000t\000a\000g\000l\000i\000a\000t\000a}{section.3.7}
\BOOKMARK [2][-]{subsection.3.7.2}{\376\377\000D\000o\000c\000u\000m\000e\000n\000t\000a\000z\000i\000o\000n\000e\000\040\000d\000e\000i\000\040\000c\000a\000m\000p\000i}{section.3.7}
\BOOKMARK [3][-]{subsubsection.3.7.2.1}{\376\377\000a\000r\000g\000s}{subsection.3.7.2}
\BOOKMARK [3][-]{subsubsection.3.7.2.2}{\376\377\000p\000r\000o\000c\000e\000d\000u\000r\000a}{subsection.3.7.2}
\BOOKMARK [1][-]{section.3.8}{\376\377\000R\000i\000f\000e\000r\000i\000m\000e\000n\000t\000i\000\040\000p\000e\000r\000\040\000l\000a\000\040\000s\000t\000r\000u\000c\000t\000\040\000J\000O\000B\000\137\000Q\000U\000E\000U\000E}{chapter.3}
\BOOKMARK [2][-]{subsection.3.8.1}{\376\377\000D\000e\000s\000c\000r\000i\000z\000i\000o\000n\000e\000\040\000d\000e\000t\000t\000a\000g\000l\000i\000a\000t\000a}{section.3.8}
\BOOKMARK [2][-]{subsection.3.8.2}{\376\377\000D\000o\000c\000u\000m\000e\000n\000t\000a\000z\000i\000o\000n\000e\000\040\000d\000e\000i\000\040\000c\000a\000m\000p\000i}{section.3.8}
\BOOKMARK [3][-]{subsubsection.3.8.2.1}{\376\377\000h\000e\000a\000d}{subsection.3.8.2}
\BOOKMARK [3][-]{subsubsection.3.8.2.2}{\376\377\000t\000o\000d\000o}{subsection.3.8.2}
\BOOKMARK [1][-]{section.3.9}{\376\377\000R\000i\000f\000e\000r\000i\000m\000e\000n\000t\000i\000\040\000p\000e\000r\000\040\000l\000a\000\040\000s\000t\000r\000u\000c\000t\000\040\000l\000i\000s\000t\000\137\000p\000t\000r\000i\000n\000t}{chapter.3}
\BOOKMARK [2][-]{subsection.3.9.1}{\376\377\000D\000o\000c\000u\000m\000e\000n\000t\000a\000z\000i\000o\000n\000e\000\040\000d\000e\000i\000\040\000c\000a\000m\000p\000i}{section.3.9}
\BOOKMARK [3][-]{subsubsection.3.9.1.1}{\376\377\000e\000l\000e\000m}{subsection.3.9.1}
\BOOKMARK [3][-]{subsubsection.3.9.1.2}{\376\377\000v\000a\000l\000o\000r\000e}{subsection.3.9.1}
\BOOKMARK [1][-]{section.3.10}{\376\377\000R\000i\000f\000e\000r\000i\000m\000e\000n\000t\000i\000\040\000p\000e\000r\000\040\000l\000a\000\040\000s\000t\000r\000u\000c\000t\000\040\000m\000s\000g}{chapter.3}
\BOOKMARK [2][-]{subsection.3.10.1}{\376\377\000D\000e\000s\000c\000r\000i\000z\000i\000o\000n\000e\000\040\000d\000e\000t\000t\000a\000g\000l\000i\000a\000t\000a}{section.3.10}
\BOOKMARK [2][-]{subsection.3.10.2}{\376\377\000D\000o\000c\000u\000m\000e\000n\000t\000a\000z\000i\000o\000n\000e\000\040\000d\000e\000i\000\040\000c\000a\000m\000p\000i}{section.3.10}
\BOOKMARK [3][-]{subsubsection.3.10.2.1}{\376\377\000r\000q}{subsection.3.10.2}
\BOOKMARK [3][-]{subsubsection.3.10.2.2}{\376\377\000s\000o\000c\000k}{subsection.3.10.2}
\BOOKMARK [1][-]{section.3.11}{\376\377\000R\000i\000f\000e\000r\000i\000m\000e\000n\000t\000i\000\040\000p\000e\000r\000\040\000l\000a\000\040\000s\000t\000r\000u\000c\000t\000\040\000p\000r\000o\000x\000y}{chapter.3}
\BOOKMARK [2][-]{subsection.3.11.1}{\376\377\000D\000e\000s\000c\000r\000i\000z\000i\000o\000n\000e\000\040\000d\000e\000t\000t\000a\000g\000l\000i\000a\000t\000a}{section.3.11}
\BOOKMARK [2][-]{subsection.3.11.2}{\376\377\000D\000o\000c\000u\000m\000e\000n\000t\000a\000z\000i\000o\000n\000e\000\040\000d\000e\000i\000\040\000c\000a\000m\000p\000i}{section.3.11}
\BOOKMARK [3][-]{subsubsection.3.11.2.1}{\376\377\000f\000d}{subsection.3.11.2}
\BOOKMARK [3][-]{subsubsection.3.11.2.2}{\376\377\000i\000p}{subsection.3.11.2}
\BOOKMARK [3][-]{subsubsection.3.11.2.3}{\376\377\000l\000e\000v\000e\000l}{subsection.3.11.2}
\BOOKMARK [3][-]{subsubsection.3.11.2.4}{\376\377\000m\000e\000S\000t\000e\000s\000s\000o}{subsection.3.11.2}
\BOOKMARK [3][-]{subsubsection.3.11.2.5}{\376\377\000p\000o\000r\000t}{subsection.3.11.2}
\BOOKMARK [1][-]{section.3.12}{\376\377\000R\000i\000f\000e\000r\000i\000m\000e\000n\000t\000i\000\040\000p\000e\000r\000\040\000l\000a\000\040\000s\000t\000r\000u\000c\000t\000\040\000r\000e\000q\000u\000e\000s\000t}{chapter.3}
\BOOKMARK [2][-]{subsection.3.12.1}{\376\377\000D\000e\000s\000c\000r\000i\000z\000i\000o\000n\000e\000\040\000d\000e\000t\000t\000a\000g\000l\000i\000a\000t\000a}{section.3.12}
\BOOKMARK [2][-]{subsection.3.12.2}{\376\377\000D\000o\000c\000u\000m\000e\000n\000t\000a\000z\000i\000o\000n\000e\000\040\000d\000e\000i\000\040\000c\000a\000m\000p\000i}{section.3.12}
\BOOKMARK [3][-]{subsubsection.3.12.2.1}{\376\377\000P\000A\000T\000H}{subsection.3.12.2}
\BOOKMARK [3][-]{subsubsection.3.12.2.2}{\376\377\000r\000a\000n\000g\000e\000h\000i\000g\000h\000t}{subsection.3.12.2}
\BOOKMARK [3][-]{subsubsection.3.12.2.3}{\376\377\000r\000a\000n\000g\000e\000l\000o\000w}{subsection.3.12.2}
\BOOKMARK [3][-]{subsubsection.3.12.2.4}{\376\377\000T\000Y\000P\000E}{subsection.3.12.2}
\BOOKMARK [1][-]{section.3.13}{\376\377\000R\000i\000f\000e\000r\000i\000m\000e\000n\000t\000i\000\040\000p\000e\000r\000\040\000l\000a\000\040\000s\000t\000r\000u\000c\000t\000\040\000r\000e\000q\000u\000e\000s\000t\000\137\000c\000a\000c\000h\000e}{chapter.3}
\BOOKMARK [2][-]{subsection.3.13.1}{\376\377\000D\000o\000c\000u\000m\000e\000n\000t\000a\000z\000i\000o\000n\000e\000\040\000d\000e\000i\000\040\000c\000a\000m\000p\000i}{section.3.13}
\BOOKMARK [3][-]{subsubsection.3.13.1.1}{\376\377\000e\000l\000e\000m\000e\000n}{subsection.3.13.1}
\BOOKMARK [3][-]{subsubsection.3.13.1.2}{\376\377\000f\000d\000\137\000c\000l\000i\000e\000n\000t}{subsection.3.13.1}
\BOOKMARK [3][-]{subsubsection.3.13.1.3}{\376\377\000f\000d\000\137\000f\000i\000l\000e}{subsection.3.13.1}
\BOOKMARK [3][-]{subsubsection.3.13.1.4}{\376\377\000r\000e\000m\000o\000t\000e}{subsection.3.13.1}
\BOOKMARK [1][-]{section.3.14}{\376\377\000R\000i\000f\000e\000r\000i\000m\000e\000n\000t\000i\000\040\000p\000e\000r\000\040\000l\000a\000\040\000s\000t\000r\000u\000c\000t\000\040\000r\000e\000s\000l\000i\000s\000t}{chapter.3}
\BOOKMARK [2][-]{subsection.3.14.1}{\376\377\000D\000e\000s\000c\000r\000i\000z\000i\000o\000n\000e\000\040\000d\000e\000t\000t\000a\000g\000l\000i\000a\000t\000a}{section.3.14}
\BOOKMARK [2][-]{subsection.3.14.2}{\376\377\000D\000o\000c\000u\000m\000e\000n\000t\000a\000z\000i\000o\000n\000e\000\040\000d\000e\000i\000\040\000c\000a\000m\000p\000i}{section.3.14}
\BOOKMARK [3][-]{subsubsection.3.14.2.1}{\376\377\000p\000r\000e\000f\000e\000t\000c\000h\000\137\000n\000u\000m}{subsection.3.14.2}
\BOOKMARK [3][-]{subsubsection.3.14.2.2}{\376\377\000r\000e\000m\000o\000t\000e\000\137\000p\000a\000t\000h}{subsection.3.14.2}
\BOOKMARK [1][-]{section.3.15}{\376\377\000R\000i\000f\000e\000r\000i\000m\000e\000n\000t\000i\000\040\000p\000e\000r\000\040\000l\000a\000\040\000s\000t\000r\000u\000c\000t\000\040\000S\000C\000H\000E\000D\000U\000L\000I\000N\000G}{chapter.3}
\BOOKMARK [2][-]{subsection.3.15.1}{\376\377\000D\000e\000s\000c\000r\000i\000z\000i\000o\000n\000e\000\040\000d\000e\000t\000t\000a\000g\000l\000i\000a\000t\000a}{section.3.15}
\BOOKMARK [2][-]{subsection.3.15.2}{\376\377\000D\000o\000c\000u\000m\000e\000n\000t\000a\000z\000i\000o\000n\000e\000\040\000d\000e\000i\000\040\000c\000a\000m\000p\000i}{section.3.15}
\BOOKMARK [3][-]{subsubsection.3.15.2.1}{\376\377\000n\000o\000n\000\137\000e\000m\000p\000t\000y}{subsection.3.15.2}
\BOOKMARK [3][-]{subsubsection.3.15.2.2}{\376\377\000p\000l\000a\000n\000n\000i\000n\000g}{subsection.3.15.2}
\BOOKMARK [3][-]{subsubsection.3.15.2.3}{\376\377\000q\000l\000o\000c\000k}{subsection.3.15.2}
\BOOKMARK [3][-]{subsubsection.3.15.2.4}{\376\377\000q\000s\000i\000z\000e}{subsection.3.15.2}
\BOOKMARK [0][-]{chapter.4}{\376\377\000D\000o\000c\000u\000m\000e\000n\000t\000a\000z\000i\000o\000n\000e\000\040\000d\000e\000i\000\040\000f\000i\000l\000e}{}
\BOOKMARK [1][-]{section.4.1}{\376\377\000R\000i\000f\000e\000r\000i\000m\000e\000n\000t\000i\000\040\000p\000e\000r\000\040\000i\000l\000\040\000f\000i\000l\000e\000\040\000s\000r\000c\000/\000h\000a\000s\000h\000t\000a\000b\000l\000e\000/\000f\000i\000l\000e\000s\000y\000s\000t\000e\000m\000.\000c}{chapter.4}
\BOOKMARK [2][-]{subsection.4.1.1}{\376\377\000D\000o\000c\000u\000m\000e\000n\000t\000a\000z\000i\000o\000n\000e\000\040\000d\000e\000l\000l\000e\000\040\000f\000u\000n\000z\000i\000o\000n\000i}{section.4.1}
\BOOKMARK [3][-]{subsubsection.4.1.1.1}{\376\377\000f\000i\000l\000e\000\137\000e\000x\000i\000s\000t\000s}{subsection.4.1.1}
\BOOKMARK [3][-]{subsubsection.4.1.1.2}{\376\377\000f\000o\000l\000d\000e\000r\000\137\000e\000m\000p\000t\000y}{subsection.4.1.1}
\BOOKMARK [3][-]{subsubsection.4.1.1.3}{\376\377\000o\000b\000t\000a\000i\000n\000\137\000l\000o\000c\000a\000l}{subsection.4.1.1}
\BOOKMARK [3][-]{subsubsection.4.1.1.4}{\376\377\000r\000e\000\137\000n\000e\000w\000\137\000r\000e\000s\000o\000u\000r\000c\000e}{subsection.4.1.1}
\BOOKMARK [3][-]{subsubsection.4.1.1.5}{\376\377\000r\000e\000c\000u\000r\000s\000i\000v\000e\000D\000e\000l\000e\000t\000e}{subsection.4.1.1}
\BOOKMARK [3][-]{subsubsection.4.1.1.6}{\376\377\000r\000e\000s\000o\000u\000r\000c\000e\000\137\000e\000x\000i\000s\000t\000s}{subsection.4.1.1}
\BOOKMARK [3][-]{subsubsection.4.1.1.7}{\376\377\000r\000e\000s\000o\000u\000r\000c\000e\000\137\000r\000e\000m\000o\000v\000e}{subsection.4.1.1}
\BOOKMARK [1][-]{section.4.2}{\376\377\000R\000i\000f\000e\000r\000i\000m\000e\000n\000t\000i\000\040\000p\000e\000r\000\040\000i\000l\000\040\000f\000i\000l\000e\000\040\000s\000r\000c\000/\000h\000a\000s\000h\000t\000a\000b\000l\000e\000/\000f\000s\000y\000s\000.\000c}{chapter.4}
\BOOKMARK [2][-]{subsection.4.2.1}{\376\377\000D\000o\000c\000u\000m\000e\000n\000t\000a\000z\000i\000o\000n\000e\000\040\000d\000e\000l\000l\000e\000\040\000f\000u\000n\000z\000i\000o\000n\000i}{section.4.2}
\BOOKMARK [3][-]{subsubsection.4.2.1.1}{\376\377\000F\000i\000l\000e\000C\000l\000o\000s\000e}{subsection.4.2.1}
\BOOKMARK [3][-]{subsubsection.4.2.1.2}{\376\377\000F\000i\000l\000e\000C\000r\000e\000a\000t\000e}{subsection.4.2.1}
\BOOKMARK [3][-]{subsubsection.4.2.1.3}{\376\377\000F\000i\000l\000e\000O\000p\000e\000n}{subsection.4.2.1}
\BOOKMARK [1][-]{section.4.3}{\376\377\000R\000i\000f\000e\000r\000i\000m\000e\000n\000t\000i\000\040\000p\000e\000r\000\040\000i\000l\000\040\000f\000i\000l\000e\000\040\000s\000r\000c\000/\000h\000a\000s\000h\000t\000a\000b\000l\000e\000/\000h\000a\000s\000h\000.\000c}{chapter.4}
\BOOKMARK [2][-]{subsection.4.3.1}{\376\377\000D\000o\000c\000u\000m\000e\000n\000t\000a\000z\000i\000o\000n\000e\000\040\000d\000e\000l\000l\000e\000\040\000d\000e\000f\000i\000n\000i\000z\000i\000o\000n\000i}{section.4.3}
\BOOKMARK [3][-]{subsubsection.4.3.1.1}{\376\377\000S\000E\000E\000D}{subsection.4.3.1}
\BOOKMARK [2][-]{subsection.4.3.2}{\376\377\000D\000o\000c\000u\000m\000e\000n\000t\000a\000z\000i\000o\000n\000e\000\040\000d\000e\000l\000l\000e\000\040\000f\000u\000n\000z\000i\000o\000n\000i}{section.4.3}
\BOOKMARK [3][-]{subsubsection.4.3.2.1}{\376\377\000h\000a\000s\000h}{subsection.4.3.2}
\BOOKMARK [3][-]{subsubsection.4.3.2.2}{\376\377\000h\000a\000s\000h\000\137\000e\000x\000i\000s\000t\000s}{subsection.4.3.2}
\BOOKMARK [3][-]{subsubsection.4.3.2.3}{\376\377\000h\000a\000s\000h\000\137\000i\000n\000s\000e\000r\000t}{subsection.4.3.2}
\BOOKMARK [3][-]{subsubsection.4.3.2.4}{\376\377\000h\000a\000s\000h\000\137\000o\000c\000c\000u\000p\000i\000e\000d}{subsection.4.3.2}
\BOOKMARK [3][-]{subsubsection.4.3.2.5}{\376\377\000h\000a\000s\000h\000\137\000r\000e\000m\000o\000v\000e}{subsection.4.3.2}
\BOOKMARK [3][-]{subsubsection.4.3.2.6}{\376\377\000h\000a\000s\000h\000b}{subsection.4.3.2}
\BOOKMARK [3][-]{subsubsection.4.3.2.7}{\376\377\000i\000n\000i\000t\000\137\000h\000a\000s\000h\000t\000b\000l}{subsection.4.3.2}
\BOOKMARK [1][-]{section.4.4}{\376\377\000R\000i\000f\000e\000r\000i\000m\000e\000n\000t\000i\000\040\000p\000e\000r\000\040\000i\000l\000\040\000f\000i\000l\000e\000\040\000s\000r\000c\000/\000h\000a\000s\000h\000t\000a\000b\000l\000e\000/\000h\000r\000e\000s\000.\000c}{chapter.4}
\BOOKMARK [2][-]{subsection.4.4.1}{\376\377\000D\000o\000c\000u\000m\000e\000n\000t\000a\000z\000i\000o\000n\000e\000\040\000d\000e\000l\000l\000e\000\040\000f\000u\000n\000z\000i\000o\000n\000i}{section.4.4}
\BOOKMARK [3][-]{subsubsection.4.4.1.1}{\376\377\000c\000l\000o\000s\000e\000\137\000c\000a\000c\000h\000e\000d\000\137\000f\000i\000l\000e}{subsection.4.4.1}
\BOOKMARK [3][-]{subsubsection.4.4.1.2}{\376\377\000h\000a\000n\000d\000l\000e\000\137\000f\000i\000l\000e\000\137\000f\000i\000l\000e\000s\000y\000s\000t\000e\000m}{subsection.4.4.1}
\BOOKMARK [3][-]{subsubsection.4.4.1.3}{\376\377\000i\000n\000i\000t\000\137\000h\000r\000e\000s}{subsection.4.4.1}
\BOOKMARK [3][-]{subsubsection.4.4.1.4}{\376\377\000i\000s\000\137\000i\000n\000h\000a\000s\000h}{subsection.4.4.1}
\BOOKMARK [3][-]{subsubsection.4.4.1.5}{\376\377\000m\000a\000p\000\137\000c\000a\000c\000h\000e\000d\000\137\000f\000i\000l\000e}{subsection.4.4.1}
\BOOKMARK [3][-]{subsubsection.4.4.1.6}{\376\377\000p\000a\000r\000s\000e\000H\000e\000a\000d\000\137\000t\000i\000m\000e}{subsection.4.4.1}
\BOOKMARK [1][-]{section.4.5}{\376\377\000R\000i\000f\000e\000r\000i\000m\000e\000n\000t\000i\000\040\000p\000e\000r\000\040\000i\000l\000\040\000f\000i\000l\000e\000\040\000s\000r\000c\000/\000h\000a\000s\000h\000t\000a\000b\000l\000e\000/\000i\000n\000c\000l\000u\000d\000e\000/\000c\000o\000n\000s\000t\000s\000.\000h}{chapter.4}
\BOOKMARK [2][-]{subsection.4.5.1}{\376\377\000D\000o\000c\000u\000m\000e\000n\000t\000a\000z\000i\000o\000n\000e\000\040\000d\000e\000l\000l\000e\000\040\000d\000e\000f\000i\000n\000i\000z\000i\000o\000n\000i}{section.4.5}
\BOOKMARK [3][-]{subsubsection.4.5.1.1}{\376\377\000H\000A\000S\000H\000\137\000S\000I\000Z\000E}{subsection.4.5.1}
\BOOKMARK [3][-]{subsubsection.4.5.1.2}{\376\377\000M\000A\000X\000\137\000F\000I\000L\000E}{subsection.4.5.1}
\BOOKMARK [3][-]{subsubsection.4.5.1.3}{\376\377\000M\000A\000X\000\137\000H\000R\000E\000S}{subsection.4.5.1}
\BOOKMARK [3][-]{subsubsection.4.5.1.4}{\376\377\000M\000O\000D}{subsection.4.5.1}
\BOOKMARK [3][-]{subsubsection.4.5.1.5}{\376\377\000M\000U\000L\000T\0001}{subsection.4.5.1}
\BOOKMARK [3][-]{subsubsection.4.5.1.6}{\376\377\000M\000U\000L\000T\0002}{subsection.4.5.1}
\BOOKMARK [3][-]{subsubsection.4.5.1.7}{\376\377\000N\000H\000A\000S\000H\0001}{subsection.4.5.1}
\BOOKMARK [3][-]{subsubsection.4.5.1.8}{\376\377\000N\000H\000A\000S\000H\0002}{subsection.4.5.1}
\BOOKMARK [1][-]{section.4.6}{\376\377\000R\000i\000f\000e\000r\000i\000m\000e\000n\000t\000i\000\040\000p\000e\000r\000\040\000i\000l\000\040\000f\000i\000l\000e\000\040\000s\000r\000c\000/\000p\000r\000o\000x\000y\000/\000i\000n\000c\000l\000u\000d\000e\000/\000c\000o\000n\000s\000t\000s\000.\000h}{chapter.4}
\BOOKMARK [2][-]{subsection.4.6.1}{\376\377\000D\000o\000c\000u\000m\000e\000n\000t\000a\000z\000i\000o\000n\000e\000\040\000d\000e\000l\000l\000e\000\040\000d\000e\000f\000i\000n\000i\000z\000i\000o\000n\000i}{section.4.6}
\BOOKMARK [3][-]{subsubsection.4.6.1.1}{\376\377\000B\000L\000A\000C\000K}{subsection.4.6.1}
\BOOKMARK [3][-]{subsubsection.4.6.1.2}{\376\377\000B\000L\000U\000E}{subsection.4.6.1}
\BOOKMARK [3][-]{subsubsection.4.6.1.3}{\376\377\000B\000O\000L\000D}{subsection.4.6.1}
\BOOKMARK [3][-]{subsubsection.4.6.1.4}{\376\377\000C\000Y\000A\000N}{subsection.4.6.1}
\BOOKMARK [3][-]{subsubsection.4.6.1.5}{\376\377\000E\000N\000D\000\137\000C\000O\000L\000O\000R}{subsection.4.6.1}
\BOOKMARK [3][-]{subsubsection.4.6.1.6}{\376\377\000G\000E\000T}{subsection.4.6.1}
\BOOKMARK [3][-]{subsubsection.4.6.1.7}{\376\377\000G\000R\000E\000E\000N}{subsection.4.6.1}
\BOOKMARK [3][-]{subsubsection.4.6.1.8}{\376\377\000I\000N\000F}{subsection.4.6.1}
\BOOKMARK [3][-]{subsubsection.4.6.1.9}{\376\377\000I\000N\000F\000O}{subsection.4.6.1}
\BOOKMARK [3][-]{subsubsection.4.6.1.10}{\376\377\000I\000N\000T\000E\000R\000V\000A\000L\000\137\000N\000O\000T\000\137\000F\000O\000U\000N\000D}{subsection.4.6.1}
\BOOKMARK [3][-]{subsubsection.4.6.1.11}{\376\377\000L\000I\000M\000I\000T\000\137\000F\000I\000L\000E}{subsection.4.6.1}
\BOOKMARK [3][-]{subsubsection.4.6.1.12}{\376\377\000M\000A\000G\000E\000N\000T\000A}{subsection.4.6.1}
\BOOKMARK [3][-]{subsubsection.4.6.1.13}{\376\377\000M\000A\000X\000\137\000B\000U\000F\000F}{subsection.4.6.1}
\BOOKMARK [3][-]{subsubsection.4.6.1.14}{\376\377\000M\000A\000X\000\137\000F\000I\000L\000E}{subsection.4.6.1}
\BOOKMARK [3][-]{subsubsection.4.6.1.15}{\376\377\000M\000A\000X\000\137\000P\000A\000T\000H}{subsection.4.6.1}
\BOOKMARK [3][-]{subsubsection.4.6.1.16}{\376\377\000M\000A\000X\000\137\000T\000I\000M\000E}{subsection.4.6.1}
\BOOKMARK [3][-]{subsubsection.4.6.1.17}{\376\377\000M\000A\000X\000\137\000T\000I\000M\000E\000S\000E\000L\000E\000C\000T}{subsection.4.6.1}
\BOOKMARK [3][-]{subsubsection.4.6.1.18}{\376\377\000M\000A\000X\000\137\000u\000T\000I\000M\000E}{subsection.4.6.1}
\BOOKMARK [3][-]{subsubsection.4.6.1.19}{\376\377\000M\000A\000X\000C\000O\000N\000N}{subsection.4.6.1}
\BOOKMARK [3][-]{subsubsection.4.6.1.20}{\376\377\000M\000A\000X\000I\000D\000R\000E\000F}{subsection.4.6.1}
\BOOKMARK [3][-]{subsubsection.4.6.1.21}{\376\377\000M\000A\000X\000R\000E\000F}{subsection.4.6.1}
\BOOKMARK [3][-]{subsubsection.4.6.1.22}{\376\377\000M\000A\000X\000R\000E\000Q\000U\000E\000S\000T}{subsection.4.6.1}
\BOOKMARK [3][-]{subsubsection.4.6.1.23}{\376\377\000N\000O\000\137\000M\000O\000R\000E\000\137\000T\000H\000R\000E\000A\000D}{subsection.4.6.1}
\BOOKMARK [3][-]{subsubsection.4.6.1.24}{\376\377\000N\000O\000T\000\137\000F\000O\000U\000N\000D}{subsection.4.6.1}
\BOOKMARK [3][-]{subsubsection.4.6.1.25}{\376\377\000O\000K}{subsection.4.6.1}
\BOOKMARK [3][-]{subsubsection.4.6.1.26}{\376\377\000O\000K\000\137\000I\000N\000F\000O}{subsection.4.6.1}
\BOOKMARK [3][-]{subsubsection.4.6.1.27}{\376\377\000O\000K\000\137\000R\000A\000N\000G\000E}{subsection.4.6.1}
\BOOKMARK [3][-]{subsubsection.4.6.1.28}{\376\377\000P\000R\000O\000X\000Y\000\137\000I\000P}{subsection.4.6.1}
\BOOKMARK [3][-]{subsubsection.4.6.1.29}{\376\377\000P\000R\000O\000X\000Y\000\137\000P\000O\000R\000T}{subsection.4.6.1}
\BOOKMARK [3][-]{subsubsection.4.6.1.30}{\376\377\000R\000E\000D}{subsection.4.6.1}
\BOOKMARK [3][-]{subsubsection.4.6.1.31}{\376\377\000R\000E\000S\000E\000T\000\137\000C\000O\000L\000O\000R}{subsection.4.6.1}
\BOOKMARK [3][-]{subsubsection.4.6.1.32}{\376\377\000S\000O\000C\000K\000E\000T\000\137\000E\000R\000R\000O\000R}{subsection.4.6.1}
\BOOKMARK [3][-]{subsubsection.4.6.1.33}{\376\377\000S\000T\000A\000R\000T\000\137\000C\000O\000L\000O\000R}{subsection.4.6.1}
\BOOKMARK [3][-]{subsubsection.4.6.1.34}{\376\377\000U\000N\000K\000N\000O\000W\000N\000\137\000E\000R\000R\000O\000R}{subsection.4.6.1}
\BOOKMARK [3][-]{subsubsection.4.6.1.35}{\376\377\000U\000N\000K\000N\000O\000W\000N\000\137\000E\000R\000R\000O\000R\000\137\000S\000I\000Z\000E}{subsection.4.6.1}
\BOOKMARK [3][-]{subsubsection.4.6.1.36}{\376\377\000W\000H\000I\000T\000E}{subsection.4.6.1}
\BOOKMARK [3][-]{subsubsection.4.6.1.37}{\376\377\000W\000R\000O\000N\000G\000\137\000R\000E\000Q\000U\000E\000S\000T}{subsection.4.6.1}
\BOOKMARK [3][-]{subsubsection.4.6.1.38}{\376\377\000Y\000E\000L\000L\000O\000W}{subsection.4.6.1}
\BOOKMARK [1][-]{section.4.7}{\376\377\000R\000i\000f\000e\000r\000i\000m\000e\000n\000t\000i\000\040\000p\000e\000r\000\040\000i\000l\000\040\000f\000i\000l\000e\000\040\000s\000r\000c\000/\000h\000a\000s\000h\000t\000a\000b\000l\000e\000/\000i\000n\000c\000l\000u\000d\000e\000/\000f\000i\000l\000e\000s\000y\000s\000t\000e\000m\000.\000h}{chapter.4}
\BOOKMARK [2][-]{subsection.4.7.1}{\376\377\000D\000o\000c\000u\000m\000e\000n\000t\000a\000z\000i\000o\000n\000e\000\040\000d\000e\000l\000l\000e\000\040\000d\000e\000f\000i\000n\000i\000z\000i\000o\000n\000i}{section.4.7}
\BOOKMARK [3][-]{subsubsection.4.7.1.1}{\376\377\000\137\000G\000N\000U\000\137\000S\000O\000U\000R\000C\000E}{subsection.4.7.1}
\BOOKMARK [3][-]{subsubsection.4.7.1.2}{\376\377\000c\000a\000c\000h\000e\000\137\000f\000r\000e\000e}{subsection.4.7.1}
\BOOKMARK [3][-]{subsubsection.4.7.1.3}{\376\377\000c\000l\000o\000s\000e\000\137\000m\000a\000p}{subsection.4.7.1}
\BOOKMARK [3][-]{subsubsection.4.7.1.4}{\376\377\000E\000X\000P\000I\000R\000E\000D}{subsection.4.7.1}
\BOOKMARK [3][-]{subsubsection.4.7.1.5}{\376\377\000F\000I\000L\000E\000\137\000S\000I\000Z\000E}{subsection.4.7.1}
\BOOKMARK [3][-]{subsubsection.4.7.1.6}{\376\377\000N\000O\000W}{subsection.4.7.1}
\BOOKMARK [3][-]{subsubsection.4.7.1.7}{\376\377\000P\000A\000S\000T}{subsection.4.7.1}
\BOOKMARK [2][-]{subsection.4.7.2}{\376\377\000D\000o\000c\000u\000m\000e\000n\000t\000a\000z\000i\000o\000n\000e\000\040\000d\000e\000l\000l\000e\000\040\000f\000u\000n\000z\000i\000o\000n\000i}{section.4.7}
\BOOKMARK [3][-]{subsubsection.4.7.2.1}{\376\377\000f\000i\000l\000e\000\137\000e\000x\000i\000s\000t\000s}{subsection.4.7.2}
\BOOKMARK [3][-]{subsubsection.4.7.2.2}{\376\377\000f\000o\000l\000d\000e\000r\000\137\000e\000m\000p\000t\000y}{subsection.4.7.2}
\BOOKMARK [3][-]{subsubsection.4.7.2.3}{\376\377\000o\000b\000t\000a\000i\000n\000\137\000l\000o\000c\000a\000l}{subsection.4.7.2}
\BOOKMARK [3][-]{subsubsection.4.7.2.4}{\376\377\000r\000e\000\137\000n\000e\000w\000\137\000r\000e\000s\000o\000u\000r\000c\000e}{subsection.4.7.2}
\BOOKMARK [3][-]{subsubsection.4.7.2.5}{\376\377\000r\000e\000c\000u\000r\000s\000i\000v\000e\000D\000e\000l\000e\000t\000e}{subsection.4.7.2}
\BOOKMARK [3][-]{subsubsection.4.7.2.6}{\376\377\000r\000e\000s\000o\000u\000r\000c\000e\000\137\000e\000x\000i\000s\000t\000s}{subsection.4.7.2}
\BOOKMARK [3][-]{subsubsection.4.7.2.7}{\376\377\000r\000e\000s\000o\000u\000r\000c\000e\000\137\000r\000e\000m\000o\000v\000e}{subsection.4.7.2}
\BOOKMARK [1][-]{section.4.8}{\376\377\000R\000i\000f\000e\000r\000i\000m\000e\000n\000t\000i\000\040\000p\000e\000r\000\040\000i\000l\000\040\000f\000i\000l\000e\000\040\000s\000r\000c\000/\000h\000a\000s\000h\000t\000a\000b\000l\000e\000/\000i\000n\000c\000l\000u\000d\000e\000/\000f\000s\000y\000s\000.\000h}{chapter.4}
\BOOKMARK [2][-]{subsection.4.8.1}{\376\377\000D\000o\000c\000u\000m\000e\000n\000t\000a\000z\000i\000o\000n\000e\000\040\000d\000e\000l\000l\000e\000\040\000f\000u\000n\000z\000i\000o\000n\000i}{section.4.8}
\BOOKMARK [3][-]{subsubsection.4.8.1.1}{\376\377\000F\000i\000l\000e\000C\000l\000o\000s\000e}{subsection.4.8.1}
\BOOKMARK [3][-]{subsubsection.4.8.1.2}{\376\377\000F\000i\000l\000e\000C\000r\000e\000a\000t\000e}{subsection.4.8.1}
\BOOKMARK [3][-]{subsubsection.4.8.1.3}{\376\377\000F\000i\000l\000e\000O\000p\000e\000n}{subsection.4.8.1}
\BOOKMARK [1][-]{section.4.9}{\376\377\000R\000i\000f\000e\000r\000i\000m\000e\000n\000t\000i\000\040\000p\000e\000r\000\040\000i\000l\000\040\000f\000i\000l\000e\000\040\000s\000r\000c\000/\000h\000a\000s\000h\000t\000a\000b\000l\000e\000/\000i\000n\000c\000l\000u\000d\000e\000/\000h\000a\000s\000h\000.\000h}{chapter.4}
\BOOKMARK [2][-]{subsection.4.9.1}{\376\377\000D\000o\000c\000u\000m\000e\000n\000t\000a\000z\000i\000o\000n\000e\000\040\000d\000e\000l\000l\000e\000\040\000d\000e\000f\000i\000n\000i\000z\000i\000o\000n\000i}{section.4.9}
\BOOKMARK [3][-]{subsubsection.4.9.1.1}{\376\377\000\137\000B\000S\000D\000\137\000S\000O\000U\000R\000C\000E}{subsection.4.9.1}
\BOOKMARK [2][-]{subsection.4.9.2}{\376\377\000D\000o\000c\000u\000m\000e\000n\000t\000a\000z\000i\000o\000n\000e\000\040\000d\000e\000l\000l\000e\000\040\000f\000u\000n\000z\000i\000o\000n\000i}{section.4.9}
\BOOKMARK [3][-]{subsubsection.4.9.2.1}{\376\377\000h\000a\000s\000h}{subsection.4.9.2}
\BOOKMARK [3][-]{subsubsection.4.9.2.2}{\376\377\000h\000a\000s\000h\000\137\000e\000x\000i\000s\000t\000s}{subsection.4.9.2}
\BOOKMARK [3][-]{subsubsection.4.9.2.3}{\376\377\000h\000a\000s\000h\000\137\000i\000n\000s\000e\000r\000t}{subsection.4.9.2}
\BOOKMARK [3][-]{subsubsection.4.9.2.4}{\376\377\000h\000a\000s\000h\000\137\000o\000c\000c\000u\000p\000i\000e\000d}{subsection.4.9.2}
\BOOKMARK [3][-]{subsubsection.4.9.2.5}{\376\377\000h\000a\000s\000h\000\137\000r\000e\000m\000o\000v\000e}{subsection.4.9.2}
\BOOKMARK [3][-]{subsubsection.4.9.2.6}{\376\377\000h\000a\000s\000h\000b}{subsection.4.9.2}
\BOOKMARK [3][-]{subsubsection.4.9.2.7}{\376\377\000i\000n\000i\000t\000\137\000h\000a\000s\000h\000t\000b\000l}{subsection.4.9.2}
\BOOKMARK [1][-]{section.4.10}{\376\377\000R\000i\000f\000e\000r\000i\000m\000e\000n\000t\000i\000\040\000p\000e\000r\000\040\000i\000l\000\040\000f\000i\000l\000e\000\040\000s\000r\000c\000/\000h\000a\000s\000h\000t\000a\000b\000l\000e\000/\000i\000n\000c\000l\000u\000d\000e\000/\000h\000r\000e\000s\000.\000h}{chapter.4}
\BOOKMARK [2][-]{subsection.4.10.1}{\376\377\000D\000o\000c\000u\000m\000e\000n\000t\000a\000z\000i\000o\000n\000e\000\040\000d\000e\000l\000l\000e\000\040\000f\000u\000n\000z\000i\000o\000n\000i}{section.4.10}
\BOOKMARK [3][-]{subsubsection.4.10.1.1}{\376\377\000c\000l\000o\000s\000e\000\137\000c\000a\000c\000h\000e\000d\000\137\000f\000i\000l\000e}{subsection.4.10.1}
\BOOKMARK [3][-]{subsubsection.4.10.1.2}{\376\377\000h\000a\000n\000d\000l\000e\000\137\000f\000i\000l\000e\000\137\000f\000i\000l\000e\000s\000y\000s\000t\000e\000m}{subsection.4.10.1}
\BOOKMARK [3][-]{subsubsection.4.10.1.3}{\376\377\000i\000n\000i\000t\000\137\000h\000r\000e\000s}{subsection.4.10.1}
\BOOKMARK [3][-]{subsubsection.4.10.1.4}{\376\377\000i\000s\000\137\000i\000n\000h\000a\000s\000h}{subsection.4.10.1}
\BOOKMARK [3][-]{subsubsection.4.10.1.5}{\376\377\000m\000a\000p\000\137\000c\000a\000c\000h\000e\000d\000\137\000f\000i\000l\000e}{subsection.4.10.1}
\BOOKMARK [1][-]{section.4.11}{\376\377\000R\000i\000f\000e\000r\000i\000m\000e\000n\000t\000i\000\040\000p\000e\000r\000\040\000i\000l\000\040\000f\000i\000l\000e\000\040\000s\000r\000c\000/\000h\000a\000s\000h\000t\000a\000b\000l\000e\000/\000i\000n\000c\000l\000u\000d\000e\000/\000l\000e\000t\000t\000\137\000s\000c\000r\000i\000t\000t\000.\000h}{chapter.4}
\BOOKMARK [2][-]{subsection.4.11.1}{\376\377\000D\000o\000c\000u\000m\000e\000n\000t\000a\000z\000i\000o\000n\000e\000\040\000d\000e\000l\000l\000e\000\040\000d\000e\000f\000i\000n\000i\000z\000i\000o\000n\000i}{section.4.11}
\BOOKMARK [3][-]{subsubsection.4.11.1.1}{\376\377\000P}{subsection.4.11.1}
\BOOKMARK [3][-]{subsubsection.4.11.1.2}{\376\377\000V}{subsection.4.11.1}
\BOOKMARK [3][-]{subsubsection.4.11.1.3}{\376\377\000W\000R\000E\000A\000D}{subsection.4.11.1}
\BOOKMARK [3][-]{subsubsection.4.11.1.4}{\376\377\000W\000W\000R\000I\000T\000E}{subsection.4.11.1}
\BOOKMARK [2][-]{subsection.4.11.2}{\376\377\000D\000o\000c\000u\000m\000e\000n\000t\000a\000z\000i\000o\000n\000e\000\040\000d\000e\000l\000l\000e\000\040\000r\000i\000d\000e\000f\000i\000n\000i\000z\000i\000o\000n\000i\000\040\000d\000i\000\040\000t\000i\000p\000o\000\040\000\050\000t\000y\000p\000e\000d\000e\000f\000\051}{section.4.11}
\BOOKMARK [3][-]{subsubsection.4.11.2.1}{\376\377\000A\000N\000Y\000T\000Y\000P\000E}{subsection.4.11.2}
\BOOKMARK [2][-]{subsection.4.11.3}{\376\377\000D\000o\000c\000u\000m\000e\000n\000t\000a\000z\000i\000o\000n\000e\000\040\000d\000e\000l\000l\000e\000\040\000f\000u\000n\000z\000i\000o\000n\000i}{section.4.11}
\BOOKMARK [3][-]{subsubsection.4.11.3.1}{\376\377\000i\000n\000i\000t\000\137\000s\000t\000r\000u\000c\000t}{subsection.4.11.3}
\BOOKMARK [3][-]{subsubsection.4.11.3.2}{\376\377\000s\000t\000r\000u\000c\000t\000\137\000d\000o\000\137\000r\000e\000a\000d}{subsection.4.11.3}
\BOOKMARK [3][-]{subsubsection.4.11.3.3}{\376\377\000s\000t\000r\000u\000c\000t\000\137\000d\000o\000\137\000w\000r\000i\000t\000e}{subsection.4.11.3}
\BOOKMARK [3][-]{subsubsection.4.11.3.4}{\376\377\000s\000t\000r\000u\000c\000t\000\137\000e\000n\000d\000\137\000r\000e\000a\000d}{subsection.4.11.3}
\BOOKMARK [3][-]{subsubsection.4.11.3.5}{\376\377\000s\000t\000r\000u\000c\000t\000\137\000e\000n\000d\000\137\000w\000r\000i\000t\000e}{subsection.4.11.3}
\BOOKMARK [1][-]{section.4.12}{\376\377\000R\000i\000f\000e\000r\000i\000m\000e\000n\000t\000i\000\040\000p\000e\000r\000\040\000i\000l\000\040\000f\000i\000l\000e\000\040\000s\000r\000c\000/\000h\000a\000s\000h\000t\000a\000b\000l\000e\000/\000i\000n\000c\000l\000u\000d\000e\000/\000l\000i\000b\000h\000a\000s\000h\000t\000a\000b\000l\000e\000.\000h}{chapter.4}
\BOOKMARK [1][-]{section.4.13}{\376\377\000R\000i\000f\000e\000r\000i\000m\000e\000n\000t\000i\000\040\000p\000e\000r\000\040\000i\000l\000\040\000f\000i\000l\000e\000\040\000s\000r\000c\000/\000p\000r\000o\000x\000y\000/\000i\000n\000c\000l\000u\000d\000e\000/\000l\000i\000b\000h\000a\000s\000h\000t\000a\000b\000l\000e\000.\000h}{chapter.4}
\BOOKMARK [1][-]{section.4.14}{\376\377\000R\000i\000f\000e\000r\000i\000m\000e\000n\000t\000i\000\040\000p\000e\000r\000\040\000i\000l\000\040\000f\000i\000l\000e\000\040\000s\000r\000c\000/\000h\000a\000s\000h\000t\000a\000b\000l\000e\000/\000l\000e\000t\000t\000\137\000s\000c\000r\000i\000t\000t\000.\000c}{chapter.4}
\BOOKMARK [2][-]{subsection.4.14.1}{\376\377\000D\000o\000c\000u\000m\000e\000n\000t\000a\000z\000i\000o\000n\000e\000\040\000d\000e\000l\000l\000e\000\040\000f\000u\000n\000z\000i\000o\000n\000i}{section.4.14}
\BOOKMARK [3][-]{subsubsection.4.14.1.1}{\376\377\000i\000n\000i\000t\000\137\000s\000t\000r\000u\000c\000t}{subsection.4.14.1}
\BOOKMARK [3][-]{subsubsection.4.14.1.2}{\376\377\000s\000t\000r\000u\000c\000t\000\137\000d\000o\000\137\000r\000e\000a\000d}{subsection.4.14.1}
\BOOKMARK [3][-]{subsubsection.4.14.1.3}{\376\377\000s\000t\000r\000u\000c\000t\000\137\000d\000o\000\137\000w\000r\000i\000t\000e}{subsection.4.14.1}
\BOOKMARK [3][-]{subsubsection.4.14.1.4}{\376\377\000s\000t\000r\000u\000c\000t\000\137\000e\000n\000d\000\137\000r\000e\000a\000d}{subsection.4.14.1}
\BOOKMARK [3][-]{subsubsection.4.14.1.5}{\376\377\000s\000t\000r\000u\000c\000t\000\137\000e\000n\000d\000\137\000w\000r\000i\000t\000e}{subsection.4.14.1}
\BOOKMARK [1][-]{section.4.15}{\376\377\000R\000i\000f\000e\000r\000i\000m\000e\000n\000t\000i\000\040\000p\000e\000r\000\040\000i\000l\000\040\000f\000i\000l\000e\000\040\000s\000r\000c\000/\000p\000r\000o\000x\000y\000/\000c\000o\000m\000m\000u\000n\000i\000c\000a\000t\000i\000o\000n\000.\000c}{chapter.4}
\BOOKMARK [2][-]{subsection.4.15.1}{\376\377\000D\000o\000c\000u\000m\000e\000n\000t\000a\000z\000i\000o\000n\000e\000\040\000d\000e\000l\000l\000e\000\040\000f\000u\000n\000z\000i\000o\000n\000i}{section.4.15}
\BOOKMARK [3][-]{subsubsection.4.15.1.1}{\376\377\000a\000t\000r\000e\000t\000u\000r\000n}{subsection.4.15.1}
\BOOKMARK [3][-]{subsubsection.4.15.1.2}{\376\377\000a\000t\000r\000e\000t\000u\000r\000n\000s}{subsection.4.15.1}
\BOOKMARK [3][-]{subsubsection.4.15.1.3}{\376\377\000d\000o\000r\000e\000p\000l\000y}{subsection.4.15.1}
\BOOKMARK [3][-]{subsubsection.4.15.1.4}{\376\377\000d\000o\000r\000e\000q\000u\000e\000s\000t}{subsection.4.15.1}
\BOOKMARK [3][-]{subsubsection.4.15.1.5}{\376\377\000g\000e\000t\000\137\000r\000e\000s\000o\000u\000r\000c\000e\000\137\000a\000l\000l\000o\000c}{subsection.4.15.1}
\BOOKMARK [3][-]{subsubsection.4.15.1.6}{\376\377\000g\000e\000t\000f\000i\000r\000s\000t\000l\000e\000v\000e\000l\000\137\000n\000e\000x\000t}{subsection.4.15.1}
\BOOKMARK [3][-]{subsubsection.4.15.1.7}{\376\377\000g\000e\000t\000I\000P}{subsection.4.15.1}
\BOOKMARK [3][-]{subsubsection.4.15.1.8}{\376\377\000g\000e\000t\000P\000o\000r\000t}{subsection.4.15.1}
\BOOKMARK [3][-]{subsubsection.4.15.1.9}{\376\377\000h\000a\000s\000p\000o\000s}{subsection.4.15.1}
\BOOKMARK [3][-]{subsubsection.4.15.1.10}{\376\377\000p\000a\000r\000s\000e\000H\000e\000a\000d}{subsection.4.15.1}
\BOOKMARK [3][-]{subsubsection.4.15.1.11}{\376\377\000p\000a\000r\000s\000e\000R\000e\000q\000u\000e\000s\000t}{subsection.4.15.1}
\BOOKMARK [3][-]{subsubsection.4.15.1.12}{\376\377\000s\000u\000r\000f\000t\000o}{subsection.4.15.1}
\BOOKMARK [2][-]{subsection.4.15.2}{\376\377\000D\000o\000c\000u\000m\000e\000n\000t\000a\000z\000i\000o\000n\000e\000\040\000d\000e\000l\000l\000e\000\040\000v\000a\000r\000i\000a\000b\000i\000l\000i}{section.4.15}
\BOOKMARK [3][-]{subsubsection.4.15.2.1}{\376\377\000o\000l\000d\000o\000u\000t\000p\000t\000f\000d}{subsection.4.15.2}
\BOOKMARK [1][-]{section.4.16}{\376\377\000R\000i\000f\000e\000r\000i\000m\000e\000n\000t\000i\000\040\000p\000e\000r\000\040\000i\000l\000\040\000f\000i\000l\000e\000\040\000s\000r\000c\000/\000p\000r\000o\000x\000y\000/\000c\000o\000n\000n\000e\000c\000t\000.\000c}{chapter.4}
\BOOKMARK [2][-]{subsection.4.16.1}{\376\377\000D\000o\000c\000u\000m\000e\000n\000t\000a\000z\000i\000o\000n\000e\000\040\000d\000e\000l\000l\000e\000\040\000d\000e\000f\000i\000n\000i\000z\000i\000o\000n\000i}{section.4.16}
\BOOKMARK [3][-]{subsubsection.4.16.1.1}{\376\377\000I\000N\000I\000T\000\137\000C\000O\000N\000N\000E\000C\000T}{subsection.4.16.1}
\BOOKMARK [2][-]{subsection.4.16.2}{\376\377\000D\000o\000c\000u\000m\000e\000n\000t\000a\000z\000i\000o\000n\000e\000\040\000d\000e\000l\000l\000e\000\040\000f\000u\000n\000z\000i\000o\000n\000i}{section.4.16}
\BOOKMARK [3][-]{subsubsection.4.16.2.1}{\376\377\000b\000a\000s\000e\000\137\000r\000e\000a\000d}{subsection.4.16.2}
\BOOKMARK [3][-]{subsubsection.4.16.2.2}{\376\377\000e\000s\000t\000a\000b\000l\000i\000s\000h\000C\000o\000n\000n\000e\000c\000t\000i\000o\000n}{subsection.4.16.2}
\BOOKMARK [3][-]{subsubsection.4.16.2.3}{\376\377\000f\000a\000l\000l\000i\000s\000c\000i\000\137\000t\000u\000t\000t\000o}{subsection.4.16.2}
\BOOKMARK [3][-]{subsubsection.4.16.2.4}{\376\377\000i\000n\000i\000t\000\137\000c\000o\000n\000n\000e\000c\000t\000\137\000s\000t\000r\000u\000c\000t}{subsection.4.16.2}
\BOOKMARK [3][-]{subsubsection.4.16.2.5}{\376\377\000i\000n\000v\000i\000a\000\137\000c\000l\000i\000e\000n\000t\000\137\000t\000e\000r\000m\000i\000n\000a}{subsection.4.16.2}
\BOOKMARK [3][-]{subsubsection.4.16.2.6}{\376\377\000s\000e\000n\000d\000\137\000r\000e\000q\000u\000e\000s\000t}{subsection.4.16.2}
\BOOKMARK [3][-]{subsubsection.4.16.2.7}{\376\377\000s\000e\000r\000v\000e\000r\000\137\000b\000a\000s\000e\000\137\000s\000e\000n\000d}{subsection.4.16.2}
\BOOKMARK [3][-]{subsubsection.4.16.2.8}{\376\377\000s\000e\000r\000v\000e\000r\000\137\000c\000o\000m\000p\000l\000e\000t\000e\000\137\000r\000e\000a\000d}{subsection.4.16.2}
\BOOKMARK [3][-]{subsubsection.4.16.2.9}{\376\377\000s\000e\000r\000v\000e\000r\000\137\000c\000o\000m\000p\000l\000e\000t\000e\000\137\000s\000e\000n\000d}{subsection.4.16.2}
\BOOKMARK [3][-]{subsubsection.4.16.2.10}{\376\377\000s\000e\000s\000s\000i\000o\000n}{subsection.4.16.2}
\BOOKMARK [1][-]{section.4.17}{\376\377\000R\000i\000f\000e\000r\000i\000m\000e\000n\000t\000i\000\040\000p\000e\000r\000\040\000i\000l\000\040\000f\000i\000l\000e\000\040\000s\000r\000c\000/\000p\000r\000o\000x\000y\000/\000i\000n\000c\000l\000u\000d\000e\000/\000b\000a\000n\000k\000\137\000f\000u\000n\000c\000t\000s\000.\000h}{chapter.4}
\BOOKMARK [1][-]{section.4.18}{\376\377\000R\000i\000f\000e\000r\000i\000m\000e\000n\000t\000i\000\040\000p\000e\000r\000\040\000i\000l\000\040\000f\000i\000l\000e\000\040\000s\000r\000c\000/\000p\000r\000o\000x\000y\000/\000i\000n\000c\000l\000u\000d\000e\000/\000b\000a\000n\000k\000\137\000h\000e\000a\000d\000.\000h}{chapter.4}
\BOOKMARK [2][-]{subsection.4.18.1}{\376\377\000D\000o\000c\000u\000m\000e\000n\000t\000a\000z\000i\000o\000n\000e\000\040\000d\000e\000l\000l\000e\000\040\000f\000u\000n\000z\000i\000o\000n\000i}{section.4.18}
\BOOKMARK [3][-]{subsubsection.4.18.1.1}{\376\377\000c\000a\000c\000h\000e\000\137\000d\000o\000n\000e}{subsection.4.18.1}
\BOOKMARK [3][-]{subsubsection.4.18.1.2}{\376\377\000c\000a\000c\000h\000e\000\137\000e\000x\000i\000s\000t\000s}{subsection.4.18.1}
\BOOKMARK [3][-]{subsubsection.4.18.1.3}{\376\377\000c\000a\000c\000h\000e\000\137\000i\000n\000i\000t}{subsection.4.18.1}
\BOOKMARK [3][-]{subsubsection.4.18.1.4}{\376\377\000c\000a\000c\000h\000e\000\137\000i\000n\000i\000t\000\137\000s\000o\000c\000k\000e\000t}{subsection.4.18.1}
\BOOKMARK [1][-]{section.4.19}{\376\377\000R\000i\000f\000e\000r\000i\000m\000e\000n\000t\000i\000\040\000p\000e\000r\000\040\000i\000l\000\040\000f\000i\000l\000e\000\040\000s\000r\000c\000/\000p\000r\000o\000x\000y\000/\000i\000n\000c\000l\000u\000d\000e\000/\000c\000o\000m\000m\000u\000n\000i\000c\000a\000t\000i\000o\000n\000.\000h}{chapter.4}
\BOOKMARK [2][-]{subsection.4.19.1}{\376\377\000D\000o\000c\000u\000m\000e\000n\000t\000a\000z\000i\000o\000n\000e\000\040\000d\000e\000l\000l\000e\000\040\000d\000e\000f\000i\000n\000i\000z\000i\000o\000n\000i}{section.4.19}
\BOOKMARK [3][-]{subsubsection.4.19.1.1}{\376\377\000\137\000G\000N\000U\000\137\000S\000O\000U\000R\000C\000E}{subsection.4.19.1}
\BOOKMARK [3][-]{subsubsection.4.19.1.2}{\376\377\000d\000i\000s\000t\000a\000n\000c\000e}{subsection.4.19.1}
\BOOKMARK [2][-]{subsection.4.19.2}{\376\377\000D\000o\000c\000u\000m\000e\000n\000t\000a\000z\000i\000o\000n\000e\000\040\000d\000e\000l\000l\000e\000\040\000f\000u\000n\000z\000i\000o\000n\000i}{section.4.19}
\BOOKMARK [3][-]{subsubsection.4.19.2.1}{\376\377\000d\000o\000r\000e\000p\000l\000y}{subsection.4.19.2}
\BOOKMARK [3][-]{subsubsection.4.19.2.2}{\376\377\000d\000o\000r\000e\000q\000u\000e\000s\000t}{subsection.4.19.2}
\BOOKMARK [3][-]{subsubsection.4.19.2.3}{\376\377\000g\000e\000t\000\137\000r\000e\000s\000o\000u\000r\000c\000e\000\137\000a\000l\000l\000o\000c}{subsection.4.19.2}
\BOOKMARK [3][-]{subsubsection.4.19.2.4}{\376\377\000g\000e\000t\000I\000P}{subsection.4.19.2}
\BOOKMARK [3][-]{subsubsection.4.19.2.5}{\376\377\000g\000e\000t\000P\000o\000r\000t}{subsection.4.19.2}
\BOOKMARK [3][-]{subsubsection.4.19.2.6}{\376\377\000p\000a\000r\000s\000e\000H\000e\000a\000d}{subsection.4.19.2}
\BOOKMARK [3][-]{subsubsection.4.19.2.7}{\376\377\000p\000a\000r\000s\000e\000R\000e\000q\000u\000e\000s\000t}{subsection.4.19.2}
\BOOKMARK [1][-]{section.4.20}{\376\377\000R\000i\000f\000e\000r\000i\000m\000e\000n\000t\000i\000\040\000p\000e\000r\000\040\000i\000l\000\040\000f\000i\000l\000e\000\040\000s\000r\000c\000/\000p\000r\000o\000x\000y\000/\000i\000n\000c\000l\000u\000d\000e\000/\000c\000o\000n\000n\000e\000c\000t\000.\000h}{chapter.4}
\BOOKMARK [2][-]{subsection.4.20.1}{\376\377\000D\000o\000c\000u\000m\000e\000n\000t\000a\000z\000i\000o\000n\000e\000\040\000d\000e\000l\000l\000e\000\040\000d\000e\000f\000i\000n\000i\000z\000i\000o\000n\000i}{section.4.20}
\BOOKMARK [3][-]{subsubsection.4.20.1.1}{\376\377\000M\000A\000X\000\137\000T\000E\000N\000T\000A\000T\000I\000V\000I}{subsection.4.20.1}
\BOOKMARK [2][-]{subsection.4.20.2}{\376\377\000D\000o\000c\000u\000m\000e\000n\000t\000a\000z\000i\000o\000n\000e\000\040\000d\000e\000l\000l\000e\000\040\000f\000u\000n\000z\000i\000o\000n\000i}{section.4.20}
\BOOKMARK [3][-]{subsubsection.4.20.2.1}{\376\377\000f\000a\000l\000l\000i\000s\000c\000i\000\137\000t\000u\000t\000t\000o}{subsection.4.20.2}
\BOOKMARK [3][-]{subsubsection.4.20.2.2}{\376\377\000i\000n\000v\000i\000a\000\137\000c\000l\000i\000e\000n\000t\000\137\000t\000e\000r\000m\000i\000n\000a}{subsection.4.20.2}
\BOOKMARK [3][-]{subsubsection.4.20.2.3}{\376\377\000s\000e\000s\000s\000i\000o\000n}{subsection.4.20.2}
\BOOKMARK [1][-]{section.4.21}{\376\377\000R\000i\000f\000e\000r\000i\000m\000e\000n\000t\000i\000\040\000p\000e\000r\000\040\000i\000l\000\040\000f\000i\000l\000e\000\040\000s\000r\000c\000/\000p\000r\000o\000x\000y\000/\000i\000n\000c\000l\000u\000d\000e\000/\000i\000n\000i\000t\000.\000h}{chapter.4}
\BOOKMARK [2][-]{subsection.4.21.1}{\376\377\000D\000o\000c\000u\000m\000e\000n\000t\000a\000z\000i\000o\000n\000e\000\040\000d\000e\000l\000l\000e\000\040\000f\000u\000n\000z\000i\000o\000n\000i}{section.4.21}
\BOOKMARK [3][-]{subsubsection.4.21.1.1}{\376\377\000h\000a\000n\000d\000l\000e\000\137\000c\000l\000i\000e\000n\000t\000\137\000r\000e\000q\000u\000e\000s\000t}{subsection.4.21.1}
\BOOKMARK [3][-]{subsubsection.4.21.1.2}{\376\377\000i\000n\000i\000t\000\137\000p\000r\000o\000x\000y\000\137\000c\000l\000i\000e\000n\000t\000s\000i\000d\000e}{subsection.4.21.1}
\BOOKMARK [3][-]{subsubsection.4.21.1.3}{\376\377\000s\000t\000a\000r\000t\000\137\000t\000h\000r\000e\000a\000d\000s}{subsection.4.21.1}
\BOOKMARK [1][-]{section.4.22}{\376\377\000R\000i\000f\000e\000r\000i\000m\000e\000n\000t\000i\000\040\000p\000e\000r\000\040\000i\000l\000\040\000f\000i\000l\000e\000\040\000s\000r\000c\000/\000p\000r\000o\000x\000y\000/\000i\000n\000c\000l\000u\000d\000e\000/\000i\000n\000i\000t\000\137\000g\000l\000o\000b\000a\000l\000s\000.\000h}{chapter.4}
\BOOKMARK [2][-]{subsection.4.22.1}{\376\377\000D\000o\000c\000u\000m\000e\000n\000t\000a\000z\000i\000o\000n\000e\000\040\000d\000e\000l\000l\000e\000\040\000v\000a\000r\000i\000a\000b\000i\000l\000i}{section.4.22}
\BOOKMARK [3][-]{subsubsection.4.22.1.1}{\376\377\000c\000a\000c\000h\000e\000\137\000h\000a\000s\000h\000\137\000t\000a\000b\000l\000e}{subsection.4.22.1}
\BOOKMARK [3][-]{subsubsection.4.22.1.2}{\376\377\000c\000a\000c\000h\000e\000P\000o\000o\000l}{subsection.4.22.1}
\BOOKMARK [3][-]{subsubsection.4.22.1.3}{\376\377\000g\000l\000o\000b\000a\000l}{subsection.4.22.1}
\BOOKMARK [3][-]{subsubsection.4.22.1.4}{\376\377\000p\000r\000e\000f\000e\000t\000c\000h\000\137\000a\000r\000g}{subsection.4.22.1}
\BOOKMARK [3][-]{subsubsection.4.22.1.5}{\376\377\000p\000r\000e\000f\000e\000t\000c\000h\000P\000o\000o\000l}{subsection.4.22.1}
\BOOKMARK [3][-]{subsubsection.4.22.1.6}{\376\377\000s\000e\000r\000v\000e\000r\000P\000o\000o\000l}{subsection.4.22.1}
\BOOKMARK [1][-]{section.4.23}{\376\377\000R\000i\000f\000e\000r\000i\000m\000e\000n\000t\000i\000\040\000p\000e\000r\000\040\000i\000l\000\040\000f\000i\000l\000e\000\040\000s\000r\000c\000/\000p\000r\000o\000x\000y\000/\000i\000n\000c\000l\000u\000d\000e\000/\000l\000i\000s\000t\000s\000.\000h}{chapter.4}
\BOOKMARK [1][-]{section.4.24}{\376\377\000R\000i\000f\000e\000r\000i\000m\000e\000n\000t\000i\000\040\000p\000e\000r\000\040\000i\000l\000\040\000f\000i\000l\000e\000\040\000s\000r\000c\000/\000p\000r\000o\000x\000y\000/\000i\000n\000c\000l\000u\000d\000e\000/\000m\000a\000c\000r\000o\000.\000h}{chapter.4}
\BOOKMARK [2][-]{subsection.4.24.1}{\376\377\000D\000o\000c\000u\000m\000e\000n\000t\000a\000z\000i\000o\000n\000e\000\040\000d\000e\000l\000l\000e\000\040\000d\000e\000f\000i\000n\000i\000z\000i\000o\000n\000i}{section.4.24}
\BOOKMARK [3][-]{subsubsection.4.24.1.1}{\376\377\000C\000P\000r\000i\000n\000t\000f}{subsection.4.24.1}
\BOOKMARK [3][-]{subsubsection.4.24.1.2}{\376\377\000k\000a\000s\000s\000e\000r\000t}{subsection.4.24.1}
\BOOKMARK [3][-]{subsubsection.4.24.1.3}{\376\377\000O\000N\000C\000O\000N\000D\000R\000E\000T\0001}{subsection.4.24.1}
\BOOKMARK [3][-]{subsubsection.4.24.1.4}{\376\377\000S\000E\000T\000\137\000T\000I\000M\000E\000O\000U\000T}{subsection.4.24.1}
\BOOKMARK [1][-]{section.4.25}{\376\377\000R\000i\000f\000e\000r\000i\000m\000e\000n\000t\000i\000\040\000p\000e\000r\000\040\000i\000l\000\040\000f\000i\000l\000e\000\040\000s\000r\000c\000/\000p\000r\000o\000x\000y\000/\000i\000n\000c\000l\000u\000d\000e\000/\000p\000a\000r\000a\000m\000s\000.\000h}{chapter.4}
\BOOKMARK [2][-]{subsection.4.25.1}{\376\377\000D\000o\000c\000u\000m\000e\000n\000t\000a\000z\000i\000o\000n\000e\000\040\000d\000e\000l\000l\000e\000\040\000d\000e\000f\000i\000n\000i\000z\000i\000o\000n\000i}{section.4.25}
\BOOKMARK [3][-]{subsubsection.4.25.1.1}{\376\377\000E\000N\000D\000\137\000C\000Y\000C\000L\000E}{subsection.4.25.1}
\BOOKMARK [3][-]{subsubsection.4.25.1.2}{\376\377\000G\000E\000T\000\137\000N\000E\000X\000T\000\137\000O\000P\000T\000I\000N\000D}{subsection.4.25.1}
\BOOKMARK [3][-]{subsubsection.4.25.1.3}{\376\377\000G\000E\000T\000O\000P\000T\000\137\000L}{subsection.4.25.1}
\BOOKMARK [3][-]{subsubsection.4.25.1.4}{\376\377\000H\000A\000S\000\137\000A\000R\000G}{subsection.4.25.1}
\BOOKMARK [3][-]{subsubsection.4.25.1.5}{\376\377\000H\000A\000S\000\137\000O\000T\000H\000E\000R\000\137\000A\000R\000G\000S}{subsection.4.25.1}
\BOOKMARK [3][-]{subsubsection.4.25.1.6}{\376\377\000I\000S\000\137\000E\000O\000O\000P\000T}{subsection.4.25.1}
\BOOKMARK [3][-]{subsubsection.4.25.1.7}{\376\377\000L\000O\000N\000G\000N\000A\000M\000E}{subsection.4.25.1}
\BOOKMARK [3][-]{subsubsection.4.25.1.8}{\376\377\000o\000b\000s\000t\000a\000c\000k\000\137\000c\000h\000u\000n\000k\000\137\000a\000l\000l\000o\000c}{subsection.4.25.1}
\BOOKMARK [3][-]{subsubsection.4.25.1.9}{\376\377\000o\000b\000s\000t\000a\000c\000k\000\137\000c\000h\000u\000n\000k\000\137\000f\000r\000e\000e}{subsection.4.25.1}
\BOOKMARK [3][-]{subsubsection.4.25.1.10}{\376\377\000R\000E\000M\000A\000I\000N\000I\000N\000G\000\137\000A\000R\000G\000S}{subsection.4.25.1}
\BOOKMARK [3][-]{subsubsection.4.25.1.11}{\376\377\000S\000T\000A\000R\000T\000\137\000C\000Y\000C\000L\000E}{subsection.4.25.1}
\BOOKMARK [3][-]{subsubsection.4.25.1.12}{\376\377\000W\000H\000I\000L\000E\000\137\000G\000E\000T\000O\000P\000T\000\137\000L}{subsection.4.25.1}
\BOOKMARK [2][-]{subsection.4.25.2}{\376\377\000D\000o\000c\000u\000m\000e\000n\000t\000a\000z\000i\000o\000n\000e\000\040\000d\000e\000l\000l\000e\000\040\000f\000u\000n\000z\000i\000o\000n\000i}{section.4.25}
\BOOKMARK [3][-]{subsubsection.4.25.2.1}{\376\377\000i\000n\000i\000t\000\137\000p\000a\000r\000a\000m\000s}{subsection.4.25.2}
\BOOKMARK [1][-]{section.4.26}{\376\377\000R\000i\000f\000e\000r\000i\000m\000e\000n\000t\000i\000\040\000p\000e\000r\000\040\000i\000l\000\040\000f\000i\000l\000e\000\040\000s\000r\000c\000/\000p\000r\000o\000x\000y\000/\000i\000n\000c\000l\000u\000d\000e\000/\000p\000t\000h\000r\000e\000a\000d\000\137\000e\000x\000t\000.\000h}{chapter.4}
\BOOKMARK [2][-]{subsection.4.26.1}{\376\377\000D\000o\000c\000u\000m\000e\000n\000t\000a\000z\000i\000o\000n\000e\000\040\000d\000e\000l\000l\000e\000\040\000d\000e\000f\000i\000n\000i\000z\000i\000o\000n\000i}{section.4.26}
\BOOKMARK [3][-]{subsubsection.4.26.1.1}{\376\377\000c\000o\000n\000d\000\137\000i\000n\000i\000t}{subsection.4.26.1}
\BOOKMARK [3][-]{subsubsection.4.26.1.2}{\376\377\000m\000u\000t\000e\000x\000\137\000i\000n\000i\000t}{subsection.4.26.1}
\BOOKMARK [1][-]{section.4.27}{\376\377\000R\000i\000f\000e\000r\000i\000m\000e\000n\000t\000i\000\040\000p\000e\000r\000\040\000i\000l\000\040\000f\000i\000l\000e\000\040\000s\000r\000c\000/\000p\000r\000o\000x\000y\000/\000i\000n\000c\000l\000u\000d\000e\000/\000t\000h\000r\000e\000a\000d\000\137\000f\000u\000n\000c\000t\000s\000.\000h}{chapter.4}
\BOOKMARK [2][-]{subsection.4.27.1}{\376\377\000D\000o\000c\000u\000m\000e\000n\000t\000a\000z\000i\000o\000n\000e\000\040\000d\000e\000l\000l\000e\000\040\000d\000e\000f\000i\000n\000i\000z\000i\000o\000n\000i}{section.4.27}
\BOOKMARK [3][-]{subsubsection.4.27.1.1}{\376\377\000F\000I\000N\000E\000D\000I\000M\000O\000N\000D\000O}{subsection.4.27.1}
\BOOKMARK [2][-]{subsection.4.27.2}{\376\377\000D\000o\000c\000u\000m\000e\000n\000t\000a\000z\000i\000o\000n\000e\000\040\000d\000e\000l\000l\000e\000\040\000f\000u\000n\000z\000i\000o\000n\000i}{section.4.27}
\BOOKMARK [3][-]{subsubsection.4.27.2.1}{\376\377\000i\000n\000i\000t\000\137\000s\000c\000h\000e\000d\000u\000l\000e\000r}{subsection.4.27.2}
\BOOKMARK [3][-]{subsubsection.4.27.2.2}{\376\377\000m\000a\000i\000n\000\137\000a\000d\000d\000\137\000j\000o\000b}{subsection.4.27.2}
\BOOKMARK [3][-]{subsubsection.4.27.2.3}{\376\377\000t\000h\000r\000e\000a\000d\000\137\000m\000e\000m\000e\000n\000t\000o}{subsection.4.27.2}
\BOOKMARK [1][-]{section.4.28}{\376\377\000R\000i\000f\000e\000r\000i\000m\000e\000n\000t\000i\000\040\000p\000e\000r\000\040\000i\000l\000\040\000f\000i\000l\000e\000\040\000s\000r\000c\000/\000p\000r\000o\000x\000y\000/\000i\000n\000c\000l\000u\000d\000e\000/\000t\000o\000c\000l\000i\000e\000n\000t\000.\000h}{chapter.4}
\BOOKMARK [2][-]{subsection.4.28.1}{\376\377\000D\000o\000c\000u\000m\000e\000n\000t\000a\000z\000i\000o\000n\000e\000\040\000d\000e\000l\000l\000e\000\040\000f\000u\000n\000z\000i\000o\000n\000i}{section.4.28}
\BOOKMARK [3][-]{subsubsection.4.28.1.1}{\376\377\000t\000o\000c\000l\000i\000e\000n\000t}{subsection.4.28.1}
\BOOKMARK [1][-]{section.4.29}{\376\377\000R\000i\000f\000e\000r\000i\000m\000e\000n\000t\000i\000\040\000p\000e\000r\000\040\000i\000l\000\040\000f\000i\000l\000e\000\040\000s\000r\000c\000/\000p\000r\000o\000x\000y\000/\000i\000n\000c\000l\000u\000d\000e\000/\000t\000o\000s\000e\000r\000v\000e\000r\000.\000h}{chapter.4}
\BOOKMARK [2][-]{subsection.4.29.1}{\376\377\000D\000o\000c\000u\000m\000e\000n\000t\000a\000z\000i\000o\000n\000e\000\040\000d\000e\000l\000l\000e\000\040\000f\000u\000n\000z\000i\000o\000n\000i}{section.4.29}
\BOOKMARK [3][-]{subsubsection.4.29.1.1}{\376\377\000f\000e\000t\000c\000h}{subsection.4.29.1}
\BOOKMARK [3][-]{subsubsection.4.29.1.2}{\376\377\000h\000a\000n\000d\000l\000e\000\137\000p\000r\000e\000f\000e\000t\000c\000h\000P\000o\000o\000l}{subsection.4.29.1}
\BOOKMARK [3][-]{subsubsection.4.29.1.3}{\376\377\000h\000a\000n\000d\000l\000e\000\137\000s\000e\000r\000v\000e\000r\000P\000o\000o\000l}{subsection.4.29.1}
\BOOKMARK [1][-]{section.4.30}{\376\377\000R\000i\000f\000e\000r\000i\000m\000e\000n\000t\000i\000\040\000p\000e\000r\000\040\000i\000l\000\040\000f\000i\000l\000e\000\040\000s\000r\000c\000/\000p\000r\000o\000x\000y\000/\000i\000n\000c\000l\000u\000d\000e\000/\000t\000y\000p\000e\000s\000.\000h}{chapter.4}
\BOOKMARK [2][-]{subsection.4.30.1}{\376\377\000D\000o\000c\000u\000m\000e\000n\000t\000a\000z\000i\000o\000n\000e\000\040\000d\000e\000l\000l\000e\000\040\000r\000i\000d\000e\000f\000i\000n\000i\000z\000i\000o\000n\000i\000\040\000d\000i\000\040\000t\000i\000p\000o\000\040\000\050\000t\000y\000p\000e\000d\000e\000f\000\051}{section.4.30}
\BOOKMARK [3][-]{subsubsection.4.30.1.1}{\376\377\000L\000I\000S\000T}{subsection.4.30.1}
\BOOKMARK [1][-]{section.4.31}{\376\377\000R\000i\000f\000e\000r\000i\000m\000e\000n\000t\000i\000\040\000p\000e\000r\000\040\000i\000l\000\040\000f\000i\000l\000e\000\040\000s\000r\000c\000/\000p\000r\000o\000x\000y\000/\000i\000n\000c\000l\000u\000d\000e\000/\000u\000n\000i\000\137\000l\000i\000s\000t\000.\000h}{chapter.4}
\BOOKMARK [2][-]{subsection.4.31.1}{\376\377\000D\000o\000c\000u\000m\000e\000n\000t\000a\000z\000i\000o\000n\000e\000\040\000d\000e\000l\000l\000e\000\040\000d\000e\000f\000i\000n\000i\000z\000i\000o\000n\000i}{section.4.31}
\BOOKMARK [3][-]{subsubsection.4.31.1.1}{\376\377\000c\000o\000n\000t\000a\000i\000n\000e\000r\000\137\000o\000f\0002}{subsection.4.31.1}
\BOOKMARK [3][-]{subsubsection.4.31.1.2}{\376\377\000i\000n\000i\000t\000\137\000l\000i\000s\000t\000\137\000h\000e\000a\000d}{subsection.4.31.1}
\BOOKMARK [2][-]{subsection.4.31.2}{\376\377\000D\000o\000c\000u\000m\000e\000n\000t\000a\000z\000i\000o\000n\000e\000\040\000d\000e\000l\000l\000e\000\040\000f\000u\000n\000z\000i\000o\000n\000i}{section.4.31}
\BOOKMARK [3][-]{subsubsection.4.31.2.1}{\376\377\000a\000l\000l\000o\000c\000\137\000n\000e\000w\000\137\000j\000o\000b}{subsection.4.31.2}
\BOOKMARK [3][-]{subsubsection.4.31.2.2}{\376\377\000d\000e\000q\000u\000e\000u\000e}{subsection.4.31.2}
\BOOKMARK [3][-]{subsubsection.4.31.2.3}{\376\377\000d\000e\000q\000u\000e\000u\000e\000\137\000j\000o\000b}{subsection.4.31.2}
\BOOKMARK [3][-]{subsubsection.4.31.2.4}{\376\377\000e\000n\000q\000u\000e\000u\000e}{subsection.4.31.2}
\BOOKMARK [3][-]{subsubsection.4.31.2.5}{\376\377\000e\000n\000q\000u\000e\000u\000e\000\137\000j\000o\000b}{subsection.4.31.2}
\BOOKMARK [3][-]{subsubsection.4.31.2.6}{\376\377\000e\000x\000i\000s\000t\000s\000\137\000j\000o\000b\000\137\000r\000e\000s}{subsection.4.31.2}
\BOOKMARK [3][-]{subsubsection.4.31.2.7}{\376\377\000i\000n\000i\000t\000\137\000j\000o\000b\000\137\000q\000u\000e\000u\000e}{subsection.4.31.2}
\BOOKMARK [3][-]{subsubsection.4.31.2.8}{\376\377\000n\000e\000w\000\137\000l\000i\000s\000t}{subsection.4.31.2}
\BOOKMARK [3][-]{subsubsection.4.31.2.9}{\376\377\000p\000u\000s\000h\000\137\000j\000o\000b}{subsection.4.31.2}
\BOOKMARK [3][-]{subsubsection.4.31.2.10}{\376\377\000r\000e\000m\000o\000v\000e\000\137\000e\000l\000e\000m}{subsection.4.31.2}
\BOOKMARK [3][-]{subsubsection.4.31.2.11}{\376\377\000r\000e\000m\000o\000v\000e\000\137\000j\000o\000b}{subsection.4.31.2}
\BOOKMARK [3][-]{subsubsection.4.31.2.12}{\376\377\000r\000u\000n\000\137\000j\000o\000b}{subsection.4.31.2}
\BOOKMARK [3][-]{subsubsection.4.31.2.13}{\376\377\000u\000p\000d\000a\000t\000e\000\137\000l\000i\000s\000t}{subsection.4.31.2}
\BOOKMARK [1][-]{section.4.32}{\376\377\000R\000i\000f\000e\000r\000i\000m\000e\000n\000t\000i\000\040\000p\000e\000r\000\040\000i\000l\000\040\000f\000i\000l\000e\000\040\000s\000r\000c\000/\000p\000r\000o\000x\000y\000/\000i\000n\000i\000t\000.\000c}{chapter.4}
\BOOKMARK [2][-]{subsection.4.32.1}{\376\377\000D\000o\000c\000u\000m\000e\000n\000t\000a\000z\000i\000o\000n\000e\000\040\000d\000e\000l\000l\000e\000\040\000f\000u\000n\000z\000i\000o\000n\000i}{section.4.32}
\BOOKMARK [3][-]{subsubsection.4.32.1.1}{\376\377\000h\000a\000n\000d\000l\000e\000\137\000c\000l\000i\000e\000n\000t\000\137\000r\000e\000q\000u\000e\000s\000t}{subsection.4.32.1}
\BOOKMARK [3][-]{subsubsection.4.32.1.2}{\376\377\000i\000n\000i\000t\000\137\000p\000r\000o\000x\000y\000\137\000c\000l\000i\000e\000n\000t\000s\000i\000d\000e}{subsection.4.32.1}
\BOOKMARK [3][-]{subsubsection.4.32.1.3}{\376\377\000m\000a\000i\000n}{subsection.4.32.1}
\BOOKMARK [3][-]{subsubsection.4.32.1.4}{\376\377\000s\000t\000a\000r\000t\000\137\000t\000h\000r\000e\000a\000d\000s}{subsection.4.32.1}
\BOOKMARK [2][-]{subsection.4.32.2}{\376\377\000D\000o\000c\000u\000m\000e\000n\000t\000a\000z\000i\000o\000n\000e\000\040\000d\000e\000l\000l\000e\000\040\000v\000a\000r\000i\000a\000b\000i\000l\000i}{section.4.32}
\BOOKMARK [3][-]{subsubsection.4.32.2.1}{\376\377\000c\000a\000c\000h\000e}{subsection.4.32.2}
\BOOKMARK [3][-]{subsubsection.4.32.2.2}{\376\377\000c\000a\000c\000h\000e\000\137\000a\000r\000g}{subsection.4.32.2}
\BOOKMARK [3][-]{subsubsection.4.32.2.3}{\376\377\000c\000a\000c\000h\000e\000\137\000h\000a\000s\000h\000\137\000t\000a\000b\000l\000e}{subsection.4.32.2}
\BOOKMARK [3][-]{subsubsection.4.32.2.4}{\376\377\000c\000a\000c\000h\000e\000P\000o\000o\000l}{subsection.4.32.2}
\BOOKMARK [3][-]{subsubsection.4.32.2.5}{\376\377\000g\000l\000o\000b\000a\000l}{subsection.4.32.2}
\BOOKMARK [3][-]{subsubsection.4.32.2.6}{\376\377\000p\000r\000e\000f\000e\000t\000c\000h}{subsection.4.32.2}
\BOOKMARK [3][-]{subsubsection.4.32.2.7}{\376\377\000p\000r\000e\000f\000e\000t\000c\000h\000\137\000a\000r\000g}{subsection.4.32.2}
\BOOKMARK [3][-]{subsubsection.4.32.2.8}{\376\377\000p\000r\000e\000f\000e\000t\000c\000h\000P\000o\000o\000l}{subsection.4.32.2}
\BOOKMARK [3][-]{subsubsection.4.32.2.9}{\376\377\000p\000t\000\137\000a\000t\000t\000r}{subsection.4.32.2}
\BOOKMARK [3][-]{subsubsection.4.32.2.10}{\376\377\000s\000e\000r\000v\000e\000r}{subsection.4.32.2}
\BOOKMARK [3][-]{subsubsection.4.32.2.11}{\376\377\000s\000e\000r\000v\000e\000r\000\137\000t\000h\000r\000e\000a\000d\000\137\000a\000r\000g\000s}{subsection.4.32.2}
\BOOKMARK [3][-]{subsubsection.4.32.2.12}{\376\377\000s\000e\000r\000v\000e\000r\000P\000o\000o\000l}{subsection.4.32.2}
\BOOKMARK [1][-]{section.4.33}{\376\377\000R\000i\000f\000e\000r\000i\000m\000e\000n\000t\000i\000\040\000p\000e\000r\000\040\000i\000l\000\040\000f\000i\000l\000e\000\040\000s\000r\000c\000/\000p\000r\000o\000x\000y\000/\000p\000a\000r\000a\000m\000s\000.\000c}{chapter.4}
\BOOKMARK [2][-]{subsection.4.33.1}{\376\377\000D\000o\000c\000u\000m\000e\000n\000t\000a\000z\000i\000o\000n\000e\000\040\000d\000e\000l\000l\000e\000\040\000f\000u\000n\000z\000i\000o\000n\000i}{section.4.33}
\BOOKMARK [3][-]{subsubsection.4.33.1.1}{\376\377\000h\000e\000l\000p}{subsection.4.33.1}
\BOOKMARK [3][-]{subsubsection.4.33.1.2}{\376\377\000i\000n\000i\000t\000\137\000p\000a\000r\000a\000m\000s}{subsection.4.33.1}
\BOOKMARK [3][-]{subsubsection.4.33.1.3}{\376\377\000m\000k\000s\000h\000o\000r\000t\000o\000p\000t}{subsection.4.33.1}
\BOOKMARK [1][-]{section.4.34}{\376\377\000R\000i\000f\000e\000r\000i\000m\000e\000n\000t\000i\000\040\000p\000e\000r\000\040\000i\000l\000\040\000f\000i\000l\000e\000\040\000s\000r\000c\000/\000p\000r\000o\000x\000y\000/\000t\000h\000r\000e\000a\000d\000\137\000f\000u\000n\000c\000t\000s\000.\000c}{chapter.4}
\BOOKMARK [2][-]{subsection.4.34.1}{\376\377\000D\000o\000c\000u\000m\000e\000n\000t\000a\000z\000i\000o\000n\000e\000\040\000d\000e\000l\000l\000e\000\040\000f\000u\000n\000z\000i\000o\000n\000i}{section.4.34}
\BOOKMARK [3][-]{subsubsection.4.34.1.1}{\376\377\000i\000n\000i\000t\000\137\000s\000c\000h\000e\000d\000u\000l\000e\000r}{subsection.4.34.1}
\BOOKMARK [3][-]{subsubsection.4.34.1.2}{\376\377\000m\000a\000i\000n\000\137\000a\000d\000d\000\137\000j\000o\000b}{subsection.4.34.1}
\BOOKMARK [3][-]{subsubsection.4.34.1.3}{\376\377\000t\000h\000r\000e\000a\000d\000\137\000m\000e\000m\000e\000n\000t\000o}{subsection.4.34.1}
\BOOKMARK [2][-]{subsection.4.34.2}{\376\377\000D\000o\000c\000u\000m\000e\000n\000t\000a\000z\000i\000o\000n\000e\000\040\000d\000e\000l\000l\000e\000\040\000v\000a\000r\000i\000a\000b\000i\000l\000i}{section.4.34}
\BOOKMARK [3][-]{subsubsection.4.34.2.1}{\376\377\000o\000l\000d\000o\000u\000t\000p\000t\000f\000d}{subsection.4.34.2}
\BOOKMARK [1][-]{section.4.35}{\376\377\000R\000i\000f\000e\000r\000i\000m\000e\000n\000t\000i\000\040\000p\000e\000r\000\040\000i\000l\000\040\000f\000i\000l\000e\000\040\000s\000r\000c\000/\000p\000r\000o\000x\000y\000/\000t\000o\000c\000l\000i\000e\000n\000t\000.\000c}{chapter.4}
\BOOKMARK [2][-]{subsection.4.35.1}{\376\377\000D\000o\000c\000u\000m\000e\000n\000t\000a\000z\000i\000o\000n\000e\000\040\000d\000e\000l\000l\000e\000\040\000f\000u\000n\000z\000i\000o\000n\000i}{section.4.35}
\BOOKMARK [3][-]{subsubsection.4.35.1.1}{\376\377\000t\000o\000c\000l\000i\000e\000n\000t}{subsection.4.35.1}
\BOOKMARK [1][-]{section.4.36}{\376\377\000R\000i\000f\000e\000r\000i\000m\000e\000n\000t\000i\000\040\000p\000e\000r\000\040\000i\000l\000\040\000f\000i\000l\000e\000\040\000s\000r\000c\000/\000p\000r\000o\000x\000y\000/\000t\000o\000s\000e\000r\000v\000e\000r\000.\000c}{chapter.4}
\BOOKMARK [2][-]{subsection.4.36.1}{\376\377\000D\000o\000c\000u\000m\000e\000n\000t\000a\000z\000i\000o\000n\000e\000\040\000d\000e\000l\000l\000e\000\040\000f\000u\000n\000z\000i\000o\000n\000i}{section.4.36}
\BOOKMARK [3][-]{subsubsection.4.36.1.1}{\376\377\000f\000e\000t\000c\000h}{subsection.4.36.1}
\BOOKMARK [3][-]{subsubsection.4.36.1.2}{\376\377\000h\000a\000n\000d\000l\000e\000\137\000p\000r\000e\000f\000e\000t\000c\000h\000P\000o\000o\000l}{subsection.4.36.1}
\BOOKMARK [3][-]{subsubsection.4.36.1.3}{\376\377\000h\000a\000n\000d\000l\000e\000\137\000s\000e\000r\000v\000e\000r\000P\000o\000o\000l}{subsection.4.36.1}
\BOOKMARK [1][-]{section.4.37}{\376\377\000R\000i\000f\000e\000r\000i\000m\000e\000n\000t\000i\000\040\000p\000e\000r\000\040\000i\000l\000\040\000f\000i\000l\000e\000\040\000s\000r\000c\000/\000p\000r\000o\000x\000y\000/\000u\000n\000i\000\137\000l\000i\000s\000t\000.\000c}{chapter.4}
\BOOKMARK [2][-]{subsection.4.37.1}{\376\377\000D\000o\000c\000u\000m\000e\000n\000t\000a\000z\000i\000o\000n\000e\000\040\000d\000e\000l\000l\000e\000\040\000f\000u\000n\000z\000i\000o\000n\000i}{section.4.37}
\BOOKMARK [3][-]{subsubsection.4.37.1.1}{\376\377\000a\000l\000l\000o\000c\000\137\000n\000e\000w\000\137\000j\000o\000b}{subsection.4.37.1}
\BOOKMARK [3][-]{subsubsection.4.37.1.2}{\376\377\000d\000e\000q\000u\000e\000u\000e}{subsection.4.37.1}
\BOOKMARK [3][-]{subsubsection.4.37.1.3}{\376\377\000d\000e\000q\000u\000e\000u\000e\000\137\000j\000o\000b}{subsection.4.37.1}
\BOOKMARK [3][-]{subsubsection.4.37.1.4}{\376\377\000e\000n\000q\000u\000e\000u\000e}{subsection.4.37.1}
\BOOKMARK [3][-]{subsubsection.4.37.1.5}{\376\377\000e\000n\000q\000u\000e\000u\000e\000\137\000j\000o\000b}{subsection.4.37.1}
\BOOKMARK [3][-]{subsubsection.4.37.1.6}{\376\377\000e\000x\000i\000s\000t\000s\000\137\000j\000o\000b\000\137\000r\000e\000s}{subsection.4.37.1}
\BOOKMARK [3][-]{subsubsection.4.37.1.7}{\376\377\000i\000n\000i\000t\000\137\000j\000o\000b\000\137\000q\000u\000e\000u\000e}{subsection.4.37.1}
\BOOKMARK [3][-]{subsubsection.4.37.1.8}{\376\377\000n\000e\000w}{subsection.4.37.1}
\BOOKMARK [3][-]{subsubsection.4.37.1.9}{\376\377\000p\000u\000s\000h}{subsection.4.37.1}
\BOOKMARK [3][-]{subsubsection.4.37.1.10}{\376\377\000p\000u\000s\000h\000\137\000j\000o\000b}{subsection.4.37.1}
\BOOKMARK [3][-]{subsubsection.4.37.1.11}{\376\377\000r\000e\000m\000o\000v\000e\000\137\000e\000l\000e\000m}{subsection.4.37.1}
\BOOKMARK [3][-]{subsubsection.4.37.1.12}{\376\377\000r\000e\000m\000o\000v\000e\000\137\000j\000o\000b}{subsection.4.37.1}
\BOOKMARK [3][-]{subsubsection.4.37.1.13}{\376\377\000r\000u\000n\000\137\000j\000o\000b}{subsection.4.37.1}
\BOOKMARK [3][-]{subsubsection.4.37.1.14}{\376\377\000u\000p\000d\000a\000t\000e\000\137\000l\000i\000s\000t}{subsection.4.37.1}
\BOOKMARK [2][-]{subsection.4.37.2}{\376\377\000D\000o\000c\000u\000m\000e\000n\000t\000a\000z\000i\000o\000n\000e\000\040\000d\000e\000l\000l\000e\000\040\000v\000a\000r\000i\000a\000b\000i\000l\000i}{section.4.37}
\BOOKMARK [3][-]{subsubsection.4.37.2.1}{\376\377\000o\000l\000d\000o\000u\000t\000p\000t\000f\000d}{subsection.4.37.2}
