This file contains any messages produced by compilers while
running configure, to aid debugging if configure makes a mistake.

It was created by View-OS configure 0.8.2, which was
generated by GNU Autoconf 2.68.  Invocation command line was

  $ ./configure --enable-debug=no

## --------- ##
## Platform. ##
## --------- ##

hostname = butchertkd-laptop
uname -m = x86_64
uname -r = 3.0.0-17-generic
uname -s = Linux
uname -v = #30-Ubuntu SMP Thu Mar 8 20:45:39 UTC 2012

/usr/bin/uname -p = unknown
/bin/uname -X     = unknown

/bin/arch              = unknown
/usr/bin/arch -k       = unknown
/usr/convex/getsysinfo = unknown
/usr/bin/hostinfo      = unknown
/bin/machine           = unknown
/usr/bin/oslevel       = unknown
/bin/universe          = unknown

PATH: /opt/microchip/mplabc30/v3.30c/bin
PATH: /opt/microchip/mplabc30/v3.30c/bin
PATH: /usr/lib/lightdm/lightdm
PATH: /usr/local/sbin
PATH: /usr/local/bin
PATH: /usr/sbin
PATH: /usr/bin
PATH: /sbin
PATH: /bin
PATH: /usr/games
PATH: /usr/share/pk2


## ----------- ##
## Core tests. ##
## ----------- ##

configure:2414: checking for a BSD-compatible install
configure:2482: result: /usr/bin/install -c
configure:2493: checking whether build environment is sane
configure:2543: result: yes
configure:2684: checking for a thread-safe mkdir -p
configure:2723: result: /bin/mkdir -p
configure:2736: checking for gawk
configure:2766: result: no
configure:2736: checking for mawk
configure:2752: found /usr/bin/mawk
configure:2763: result: mawk
configure:2774: checking whether make sets $(MAKE)
configure:2796: result: yes
configure:2893: checking for style of include used by make
configure:2921: result: GNU
configure:2991: checking for gcc
configure:3007: found /usr/bin/gcc
configure:3018: result: gcc
configure:3247: checking for C compiler version
configure:3256: gcc --version >&5
gcc (Ubuntu/Linaro 4.6.1-9ubuntu3) 4.6.1
Copyright (C) 2011 Free Software Foundation, Inc.
This is free software; see the source for copying conditions.  There is NO
warranty; not even for MERCHANTABILITY or FITNESS FOR A PARTICULAR PURPOSE.

configure:3267: $? = 0
configure:3256: gcc -v >&5
Using built-in specs.
COLLECT_GCC=gcc
COLLECT_LTO_WRAPPER=/usr/lib/gcc/x86_64-linux-gnu/4.6.1/lto-wrapper
Target: x86_64-linux-gnu
Configured with: ../src/configure -v --with-pkgversion='Ubuntu/Linaro 4.6.1-9ubuntu3' --with-bugurl=file:///usr/share/doc/gcc-4.6/README.Bugs --enable-languages=c,c++,fortran,objc,obj-c++,go --prefix=/usr --program-suffix=-4.6 --enable-shared --enable-linker-build-id --with-system-zlib --libexecdir=/usr/lib --without-included-gettext --enable-threads=posix --with-gxx-include-dir=/usr/include/c++/4.6 --libdir=/usr/lib --enable-nls --with-sysroot=/ --enable-clocale=gnu --enable-libstdcxx-debug --enable-libstdcxx-time=yes --enable-plugin --enable-objc-gc --disable-werror --with-arch-32=i686 --with-tune=generic --enable-checking=release --build=x86_64-linux-gnu --host=x86_64-linux-gnu --target=x86_64-linux-gnu
Thread model: posix
gcc version 4.6.1 (Ubuntu/Linaro 4.6.1-9ubuntu3) 
configure:3267: $? = 0
configure:3256: gcc -V >&5
gcc: error: unrecognized option '-V'
gcc: fatal error: no input files
compilation terminated.
configure:3267: $? = 4
configure:3256: gcc -qversion >&5
gcc: error: unrecognized option '-qversion'
gcc: fatal error: no input files
compilation terminated.
configure:3267: $? = 4
configure:3287: checking whether the C compiler works
configure:3309: gcc    conftest.c  >&5
configure:3313: $? = 0
configure:3361: result: yes
configure:3364: checking for C compiler default output file name
configure:3366: result: a.out
configure:3372: checking for suffix of executables
configure:3379: gcc -o conftest    conftest.c  >&5
configure:3383: $? = 0
configure:3405: result: 
configure:3427: checking whether we are cross compiling
configure:3435: gcc -o conftest    conftest.c  >&5
configure:3439: $? = 0
configure:3446: ./conftest
configure:3450: $? = 0
configure:3465: result: no
configure:3470: checking for suffix of object files
configure:3492: gcc -c   conftest.c >&5
configure:3496: $? = 0
configure:3517: result: o
configure:3521: checking whether we are using the GNU C compiler
configure:3540: gcc -c   conftest.c >&5
configure:3540: $? = 0
configure:3549: result: yes
configure:3558: checking whether gcc accepts -g
configure:3578: gcc -c -g  conftest.c >&5
configure:3578: $? = 0
configure:3619: result: yes
configure:3636: checking for gcc option to accept ISO C89
configure:3700: gcc  -c -g -O2  conftest.c >&5
configure:3700: $? = 0
configure:3713: result: none needed
configure:3735: checking dependency style of gcc
configure:3845: result: gcc3
configure:3866: checking how to run the C preprocessor
configure:3897: gcc -E  conftest.c
configure:3897: $? = 0
configure:3911: gcc -E  conftest.c
conftest.c:11:28: fatal error: ac_nonexistent.h: No such file or directory
compilation terminated.
configure:3911: $? = 1
configure: failed program was:
| /* confdefs.h */
| #define PACKAGE_NAME "View-OS"
| #define PACKAGE_TARNAME "umview"
| #define PACKAGE_VERSION "0.8.2"
| #define PACKAGE_STRING "View-OS 0.8.2"
| #define PACKAGE_BUGREPORT "info@v2.cs.unibo.it"
| #define PACKAGE_URL ""
| #define PACKAGE "umview"
| #define VERSION "0.8.2"
| /* end confdefs.h.  */
| #include <ac_nonexistent.h>
configure:3936: result: gcc -E
configure:3956: gcc -E  conftest.c
configure:3956: $? = 0
configure:3970: gcc -E  conftest.c
conftest.c:11:28: fatal error: ac_nonexistent.h: No such file or directory
compilation terminated.
configure:3970: $? = 1
configure: failed program was:
| /* confdefs.h */
| #define PACKAGE_NAME "View-OS"
| #define PACKAGE_TARNAME "umview"
| #define PACKAGE_VERSION "0.8.2"
| #define PACKAGE_STRING "View-OS 0.8.2"
| #define PACKAGE_BUGREPORT "info@v2.cs.unibo.it"
| #define PACKAGE_URL ""
| #define PACKAGE "umview"
| #define VERSION "0.8.2"
| /* end confdefs.h.  */
| #include <ac_nonexistent.h>
configure:3999: checking for grep that handles long lines and -e
configure:4057: result: /bin/grep
configure:4062: checking for egrep
configure:4124: result: /bin/grep -E
configure:4129: checking for ANSI C header files
configure:4149: gcc -c -g -O2  conftest.c >&5
configure:4149: $? = 0
configure:4222: gcc -o conftest -g -O2   conftest.c  >&5
configure:4222: $? = 0
configure:4222: ./conftest
configure:4222: $? = 0
configure:4233: result: yes
configure:4246: checking for sys/types.h
configure:4246: gcc -c -g -O2  conftest.c >&5
configure:4246: $? = 0
configure:4246: result: yes
configure:4246: checking for sys/stat.h
configure:4246: gcc -c -g -O2  conftest.c >&5
configure:4246: $? = 0
configure:4246: result: yes
configure:4246: checking for stdlib.h
configure:4246: gcc -c -g -O2  conftest.c >&5
configure:4246: $? = 0
configure:4246: result: yes
configure:4246: checking for string.h
configure:4246: gcc -c -g -O2  conftest.c >&5
configure:4246: $? = 0
configure:4246: result: yes
configure:4246: checking for memory.h
configure:4246: gcc -c -g -O2  conftest.c >&5
configure:4246: $? = 0
configure:4246: result: yes
configure:4246: checking for strings.h
configure:4246: gcc -c -g -O2  conftest.c >&5
configure:4246: $? = 0
configure:4246: result: yes
configure:4246: checking for inttypes.h
configure:4246: gcc -c -g -O2  conftest.c >&5
configure:4246: $? = 0
configure:4246: result: yes
configure:4246: checking for stdint.h
configure:4246: gcc -c -g -O2  conftest.c >&5
configure:4246: $? = 0
configure:4246: result: yes
configure:4246: checking for unistd.h
configure:4246: gcc -c -g -O2  conftest.c >&5
configure:4246: $? = 0
configure:4246: result: yes
configure:4259: checking minix/config.h usability
configure:4259: gcc -c -g -O2  conftest.c >&5
conftest.c:54:26: fatal error: minix/config.h: No such file or directory
compilation terminated.
configure:4259: $? = 1
configure: failed program was:
| /* confdefs.h */
| #define PACKAGE_NAME "View-OS"
| #define PACKAGE_TARNAME "umview"
| #define PACKAGE_VERSION "0.8.2"
| #define PACKAGE_STRING "View-OS 0.8.2"
| #define PACKAGE_BUGREPORT "info@v2.cs.unibo.it"
| #define PACKAGE_URL ""
| #define PACKAGE "umview"
| #define VERSION "0.8.2"
| #define STDC_HEADERS 1
| #define HAVE_SYS_TYPES_H 1
| #define HAVE_SYS_STAT_H 1
| #define HAVE_STDLIB_H 1
| #define HAVE_STRING_H 1
| #define HAVE_MEMORY_H 1
| #define HAVE_STRINGS_H 1
| #define HAVE_INTTYPES_H 1
| #define HAVE_STDINT_H 1
| #define HAVE_UNISTD_H 1
| /* end confdefs.h.  */
| #include <stdio.h>
| #ifdef HAVE_SYS_TYPES_H
| # include <sys/types.h>
| #endif
| #ifdef HAVE_SYS_STAT_H
| # include <sys/stat.h>
| #endif
| #ifdef STDC_HEADERS
| # include <stdlib.h>
| # include <stddef.h>
| #else
| # ifdef HAVE_STDLIB_H
| #  include <stdlib.h>
| # endif
| #endif
| #ifdef HAVE_STRING_H
| # if !defined STDC_HEADERS && defined HAVE_MEMORY_H
| #  include <memory.h>
| # endif
| # include <string.h>
| #endif
| #ifdef HAVE_STRINGS_H
| # include <strings.h>
| #endif
| #ifdef HAVE_INTTYPES_H
| # include <inttypes.h>
| #endif
| #ifdef HAVE_STDINT_H
| # include <stdint.h>
| #endif
| #ifdef HAVE_UNISTD_H
| # include <unistd.h>
| #endif
| #include <minix/config.h>
configure:4259: result: no
configure:4259: checking minix/config.h presence
configure:4259: gcc -E  conftest.c
conftest.c:21:26: fatal error: minix/config.h: No such file or directory
compilation terminated.
configure:4259: $? = 1
configure: failed program was:
| /* confdefs.h */
| #define PACKAGE_NAME "View-OS"
| #define PACKAGE_TARNAME "umview"
| #define PACKAGE_VERSION "0.8.2"
| #define PACKAGE_STRING "View-OS 0.8.2"
| #define PACKAGE_BUGREPORT "info@v2.cs.unibo.it"
| #define PACKAGE_URL ""
| #define PACKAGE "umview"
| #define VERSION "0.8.2"
| #define STDC_HEADERS 1
| #define HAVE_SYS_TYPES_H 1
| #define HAVE_SYS_STAT_H 1
| #define HAVE_STDLIB_H 1
| #define HAVE_STRING_H 1
| #define HAVE_MEMORY_H 1
| #define HAVE_STRINGS_H 1
| #define HAVE_INTTYPES_H 1
| #define HAVE_STDINT_H 1
| #define HAVE_UNISTD_H 1
| /* end confdefs.h.  */
| #include <minix/config.h>
configure:4259: result: no
configure:4259: checking for minix/config.h
configure:4259: result: no
configure:4280: checking whether it is safe to define __EXTENSIONS__
configure:4298: gcc -c -g -O2  conftest.c >&5
configure:4298: $? = 0
configure:4305: result: yes
configure:4325: checking for gawk
configure:4352: result: mawk
configure:4411: checking for gcc
configure:4438: result: gcc
configure:4667: checking for C compiler version
configure:4676: gcc --version >&5
gcc (Ubuntu/Linaro 4.6.1-9ubuntu3) 4.6.1
Copyright (C) 2011 Free Software Foundation, Inc.
This is free software; see the source for copying conditions.  There is NO
warranty; not even for MERCHANTABILITY or FITNESS FOR A PARTICULAR PURPOSE.

configure:4687: $? = 0
configure:4676: gcc -v >&5
Using built-in specs.
COLLECT_GCC=gcc
COLLECT_LTO_WRAPPER=/usr/lib/gcc/x86_64-linux-gnu/4.6.1/lto-wrapper
Target: x86_64-linux-gnu
Configured with: ../src/configure -v --with-pkgversion='Ubuntu/Linaro 4.6.1-9ubuntu3' --with-bugurl=file:///usr/share/doc/gcc-4.6/README.Bugs --enable-languages=c,c++,fortran,objc,obj-c++,go --prefix=/usr --program-suffix=-4.6 --enable-shared --enable-linker-build-id --with-system-zlib --libexecdir=/usr/lib --without-included-gettext --enable-threads=posix --with-gxx-include-dir=/usr/include/c++/4.6 --libdir=/usr/lib --enable-nls --with-sysroot=/ --enable-clocale=gnu --enable-libstdcxx-debug --enable-libstdcxx-time=yes --enable-plugin --enable-objc-gc --disable-werror --with-arch-32=i686 --with-tune=generic --enable-checking=release --build=x86_64-linux-gnu --host=x86_64-linux-gnu --target=x86_64-linux-gnu
Thread model: posix
gcc version 4.6.1 (Ubuntu/Linaro 4.6.1-9ubuntu3) 
configure:4687: $? = 0
configure:4676: gcc -V >&5
gcc: error: unrecognized option '-V'
gcc: fatal error: no input files
compilation terminated.
configure:4687: $? = 4
configure:4676: gcc -qversion >&5
gcc: error: unrecognized option '-qversion'
gcc: fatal error: no input files
compilation terminated.
configure:4687: $? = 4
configure:4691: checking whether we are using the GNU C compiler
configure:4719: result: yes
configure:4728: checking whether gcc accepts -g
configure:4789: result: yes
configure:4806: checking for gcc option to accept ISO C89
configure:4883: result: none needed
configure:4905: checking dependency style of gcc
configure:5015: result: gcc3
configure:5035: checking how to run the C preprocessor
configure:5105: result: gcc -E
configure:5125: gcc -E  conftest.c
configure:5125: $? = 0
configure:5139: gcc -E  conftest.c
conftest.c:26:28: fatal error: ac_nonexistent.h: No such file or directory
compilation terminated.
configure:5139: $? = 1
configure: failed program was:
| /* confdefs.h */
| #define PACKAGE_NAME "View-OS"
| #define PACKAGE_TARNAME "umview"
| #define PACKAGE_VERSION "0.8.2"
| #define PACKAGE_STRING "View-OS 0.8.2"
| #define PACKAGE_BUGREPORT "info@v2.cs.unibo.it"
| #define PACKAGE_URL ""
| #define PACKAGE "umview"
| #define VERSION "0.8.2"
| #define STDC_HEADERS 1
| #define HAVE_SYS_TYPES_H 1
| #define HAVE_SYS_STAT_H 1
| #define HAVE_STDLIB_H 1
| #define HAVE_STRING_H 1
| #define HAVE_MEMORY_H 1
| #define HAVE_STRINGS_H 1
| #define HAVE_INTTYPES_H 1
| #define HAVE_STDINT_H 1
| #define HAVE_UNISTD_H 1
| #define __EXTENSIONS__ 1
| #define _ALL_SOURCE 1
| #define _GNU_SOURCE 1
| #define _POSIX_PTHREAD_SEMANTICS 1
| #define _TANDEM_SOURCE 1
| /* end confdefs.h.  */
| #include <ac_nonexistent.h>
configure:5168: checking whether make sets $(MAKE)
configure:5190: result: yes
configure:5228: checking build system type
configure:5242: result: x86_64-unknown-linux-gnu
configure:5262: checking host system type
configure:5275: result: x86_64-unknown-linux-gnu
configure:5316: checking how to print strings
configure:5343: result: printf
configure:5364: checking for a sed that does not truncate output
configure:5428: result: /bin/sed
configure:5446: checking for fgrep
configure:5508: result: /bin/grep -F
configure:5543: checking for ld used by gcc
configure:5610: result: /usr/bin/ld
configure:5617: checking if the linker (/usr/bin/ld) is GNU ld
configure:5632: result: yes
configure:5644: checking for BSD- or MS-compatible name lister (nm)
configure:5693: result: /usr/bin/nm -B
configure:5823: checking the name lister (/usr/bin/nm -B) interface
configure:5830: gcc -c -g -O2  conftest.c >&5
configure:5833: /usr/bin/nm -B "conftest.o"
configure:5836: output
0000000000000000 B some_variable
configure:5843: result: BSD nm
configure:5846: checking whether ln -s works
configure:5850: result: yes
configure:5858: checking the maximum length of command line arguments
configure:5983: result: 1572864
configure:6000: checking whether the shell understands some XSI constructs
configure:6010: result: yes
configure:6014: checking whether the shell understands "+="
configure:6020: result: yes
configure:6055: checking how to convert x86_64-unknown-linux-gnu file names to x86_64-unknown-linux-gnu format
configure:6095: result: func_convert_file_noop
configure:6102: checking how to convert x86_64-unknown-linux-gnu file names to toolchain format
configure:6122: result: func_convert_file_noop
configure:6129: checking for /usr/bin/ld option to reload object files
configure:6136: result: -r
configure:6210: checking for objdump
configure:6226: found /usr/bin/objdump
configure:6237: result: objdump
configure:6269: checking how to recognize dependent libraries
configure:6471: result: pass_all
configure:6556: checking for dlltool
configure:6586: result: no
configure:6616: checking how to associate runtime and link libraries
configure:6643: result: printf %s\n
configure:6703: checking for ar
configure:6719: found /usr/bin/ar
configure:6730: result: ar
configure:6767: checking for archiver @FILE support
configure:6784: gcc -c -g -O2  conftest.c >&5
configure:6784: $? = 0
configure:6787: ar cru libconftest.a @conftest.lst >&5
configure:6790: $? = 0
configure:6795: ar cru libconftest.a @conftest.lst >&5
ar: conftest.o: No such file or directory
configure:6798: $? = 1
configure:6810: result: @
configure:6868: checking for strip
configure:6884: found /usr/bin/strip
configure:6895: result: strip
configure:6967: checking for ranlib
configure:6983: found /usr/bin/ranlib
configure:6994: result: ranlib
configure:7096: checking command to parse /usr/bin/nm -B output from gcc object
configure:7215: gcc -c -g -O2  conftest.c >&5
configure:7218: $? = 0
configure:7222: /usr/bin/nm -B conftest.o \| sed -n -e 's/^.*[ ]\([ABCDGIRSTW][ABCDGIRSTW]*\)[ ][ ]*\([_A-Za-z][_A-Za-z0-9]*\)$/\1 \2 \2/p' | sed '/ __gnu_lto/d' \> conftest.nm
configure:7225: $? = 0
configure:7291: gcc -o conftest -g -O2   conftest.c conftstm.o >&5
configure:7294: $? = 0
configure:7332: result: ok
configure:7369: checking for sysroot
configure:7399: result: no
configure:7476: gcc -c -g -O2  conftest.c >&5
configure:7479: $? = 0
configure:7642: checking for mt
configure:7658: found /bin/mt
configure:7669: result: mt
configure:7692: checking if mt is a manifest tool
configure:7698: mt '-?'
configure:7706: result: no
configure:8335: checking for dlfcn.h
configure:8335: gcc -c -g -O2  conftest.c >&5
configure:8335: $? = 0
configure:8335: result: yes
configure:8522: checking for objdir
configure:8537: result: .libs
configure:8808: checking if gcc supports -fno-rtti -fno-exceptions
configure:8826: gcc -c -g -O2  -fno-rtti -fno-exceptions conftest.c >&5
cc1: warning: command line option '-fno-rtti' is valid for C++/ObjC++ but not for C [enabled by default]
configure:8830: $? = 0
configure:8843: result: no
configure:9153: checking for gcc option to produce PIC
configure:9160: result: -fPIC -DPIC
configure:9168: checking if gcc PIC flag -fPIC -DPIC works
configure:9186: gcc -c -g -O2  -fPIC -DPIC -DPIC conftest.c >&5
configure:9190: $? = 0
configure:9203: result: yes
configure:9232: checking if gcc static flag -static works
configure:9260: result: yes
configure:9275: checking if gcc supports -c -o file.o
configure:9296: gcc -c -g -O2  -o out/conftest2.o conftest.c >&5
configure:9300: $? = 0
configure:9322: result: yes
configure:9330: checking if gcc supports -c -o file.o
configure:9377: result: yes
configure:9410: checking whether the gcc linker (/usr/bin/ld -m elf_x86_64) supports shared libraries
configure:10572: result: yes
configure:10609: checking whether -lc should be explicitly linked in
configure:10617: gcc -c -g -O2  conftest.c >&5
configure:10620: $? = 0
configure:10635: gcc -shared  -fPIC -DPIC conftest.o  -v -Wl,-soname -Wl,conftest -o conftest 2\>\&1 \| /bin/grep  -lc  \>/dev/null 2\>\&1
configure:10638: $? = 0
configure:10652: result: no
configure:10817: checking dynamic linker characteristics
configure:11332: gcc -o conftest -g -O2   -Wl,-rpath -Wl,/foo conftest.c  >&5
configure:11332: $? = 0
configure:11566: result: GNU/Linux ld.so
configure:11673: checking how to hardcode library paths into programs
configure:11698: result: immediate
configure:12238: checking whether stripping libraries is possible
configure:12243: result: yes
configure:12278: checking if libtool supports shared libraries
configure:12280: result: yes
configure:12283: checking whether to build shared libraries
configure:12304: result: yes
configure:12307: checking whether to build static libraries
configure:12311: result: yes
configure:12354: checking for dlopen in -ldl
configure:12379: gcc -o conftest -g -O2   conftest.c -ldl   >&5
configure:12379: $? = 0
configure:12388: result: yes
configure:12401: checking for pthread_key_create in -lpthread
configure:12426: gcc -o conftest -g -O2   conftest.c -lpthread  -ldl  >&5
configure:12426: $? = 0
configure:12435: result: yes
configure:12468: checking for size_t
configure:12468: gcc -c -g -O2  conftest.c >&5
configure:12468: $? = 0
configure:12468: gcc -c -g -O2  conftest.c >&5
conftest.c: In function 'main':
conftest.c:67:21: error: expected expression before ')' token
configure:12468: $? = 1
configure: failed program was:
| /* confdefs.h */
| #define PACKAGE_NAME "View-OS"
| #define PACKAGE_TARNAME "umview"
| #define PACKAGE_VERSION "0.8.2"
| #define PACKAGE_STRING "View-OS 0.8.2"
| #define PACKAGE_BUGREPORT "info@v2.cs.unibo.it"
| #define PACKAGE_URL ""
| #define PACKAGE "umview"
| #define VERSION "0.8.2"
| #define STDC_HEADERS 1
| #define HAVE_SYS_TYPES_H 1
| #define HAVE_SYS_STAT_H 1
| #define HAVE_STDLIB_H 1
| #define HAVE_STRING_H 1
| #define HAVE_MEMORY_H 1
| #define HAVE_STRINGS_H 1
| #define HAVE_INTTYPES_H 1
| #define HAVE_STDINT_H 1
| #define HAVE_UNISTD_H 1
| #define __EXTENSIONS__ 1
| #define _ALL_SOURCE 1
| #define _GNU_SOURCE 1
| #define _POSIX_PTHREAD_SEMANTICS 1
| #define _TANDEM_SOURCE 1
| #define HAVE_DLFCN_H 1
| #define LT_OBJDIR ".libs/"
| #define MODULES_EXT ".so"
| #define HAVE_LIBDL 1
| #define HAVE_LIBPTHREAD 1
| /* end confdefs.h.  */
| #include <stdio.h>
| #ifdef HAVE_SYS_TYPES_H
| # include <sys/types.h>
| #endif
| #ifdef HAVE_SYS_STAT_H
| # include <sys/stat.h>
| #endif
| #ifdef STDC_HEADERS
| # include <stdlib.h>
| # include <stddef.h>
| #else
| # ifdef HAVE_STDLIB_H
| #  include <stdlib.h>
| # endif
| #endif
| #ifdef HAVE_STRING_H
| # if !defined STDC_HEADERS && defined HAVE_MEMORY_H
| #  include <memory.h>
| # endif
| # include <string.h>
| #endif
| #ifdef HAVE_STRINGS_H
| # include <strings.h>
| #endif
| #ifdef HAVE_INTTYPES_H
| # include <inttypes.h>
| #endif
| #ifdef HAVE_STDINT_H
| # include <stdint.h>
| #endif
| #ifdef HAVE_UNISTD_H
| # include <unistd.h>
| #endif
| int
| main ()
| {
| if (sizeof ((size_t)))
| 	    return 0;
|   ;
|   return 0;
| }
configure:12468: result: yes
configure:12481: checking for working alloca.h
configure:12498: gcc -o conftest -g -O2   conftest.c -lpthread -ldl  >&5
configure:12498: $? = 0
configure:12506: result: yes
configure:12514: checking for alloca
configure:12551: gcc -o conftest -g -O2   conftest.c -lpthread -ldl  >&5
configure:12551: $? = 0
configure:12559: result: yes
configure:12671: checking for dirent.h that defines DIR
configure:12690: gcc -c -g -O2  conftest.c >&5
configure:12690: $? = 0
configure:12698: result: yes
configure:12711: checking for library containing opendir
configure:12742: gcc -o conftest -g -O2   conftest.c -lpthread -ldl  >&5
configure:12742: $? = 0
configure:12759: result: none required
configure:12826: checking for ANSI C header files
configure:12930: result: yes
configure:12938: checking for sys/wait.h that is POSIX.1 compatible
configure:12964: gcc -c -g -O2  conftest.c >&5
configure:12964: $? = 0
configure:12971: result: yes
configure:12982: checking fcntl.h usability
configure:12982: gcc -c -g -O2  conftest.c >&5
configure:12982: $? = 0
configure:12982: result: yes
configure:12982: checking fcntl.h presence
configure:12982: gcc -E  conftest.c
configure:12982: $? = 0
configure:12982: result: yes
configure:12982: checking for fcntl.h
configure:12982: result: yes
configure:12982: checking limits.h usability
configure:12982: gcc -c -g -O2  conftest.c >&5
configure:12982: $? = 0
configure:12982: result: yes
configure:12982: checking limits.h presence
configure:12982: gcc -E  conftest.c
configure:12982: $? = 0
configure:12982: result: yes
configure:12982: checking for limits.h
configure:12982: result: yes
configure:12982: checking stddef.h usability
configure:12982: gcc -c -g -O2  conftest.c >&5
configure:12982: $? = 0
configure:12982: result: yes
configure:12982: checking stddef.h presence
configure:12982: gcc -E  conftest.c
configure:12982: $? = 0
configure:12982: result: yes
configure:12982: checking for stddef.h
configure:12982: result: yes
configure:12982: checking for stdint.h
configure:12982: result: yes
configure:12982: checking for stdlib.h
configure:12982: result: yes
configure:12982: checking for string.h
configure:12982: result: yes
configure:12982: checking sys/ioctl.h usability
configure:12982: gcc -c -g -O2  conftest.c >&5
configure:12982: $? = 0
configure:12982: result: yes
configure:12982: checking sys/ioctl.h presence
configure:12982: gcc -E  conftest.c
configure:12982: $? = 0
configure:12982: result: yes
configure:12982: checking for sys/ioctl.h
configure:12982: result: yes
configure:12982: checking sys/mount.h usability
configure:12982: gcc -c -g -O2  conftest.c >&5
configure:12982: $? = 0
configure:12982: result: yes
configure:12982: checking sys/mount.h presence
configure:12982: gcc -E  conftest.c
configure:12982: $? = 0
configure:12982: result: yes
configure:12982: checking for sys/mount.h
configure:12982: result: yes
configure:12982: checking sys/param.h usability
configure:12982: gcc -c -g -O2  conftest.c >&5
configure:12982: $? = 0
configure:12982: result: yes
configure:12982: checking sys/param.h presence
configure:12982: gcc -E  conftest.c
configure:12982: $? = 0
configure:12982: result: yes
configure:12982: checking for sys/param.h
configure:12982: result: yes
configure:12982: checking sys/socket.h usability
configure:12982: gcc -c -g -O2  conftest.c >&5
configure:12982: $? = 0
configure:12982: result: yes
configure:12982: checking sys/socket.h presence
configure:12982: gcc -E  conftest.c
configure:12982: $? = 0
configure:12982: result: yes
configure:12982: checking for sys/socket.h
configure:12982: result: yes
configure:12982: checking sys/statfs.h usability
configure:12982: gcc -c -g -O2  conftest.c >&5
configure:12982: $? = 0
configure:12982: result: yes
configure:12982: checking sys/statfs.h presence
configure:12982: gcc -E  conftest.c
configure:12982: $? = 0
configure:12982: result: yes
configure:12982: checking for sys/statfs.h
configure:12982: result: yes
configure:12982: checking sys/statvfs.h usability
configure:12982: gcc -c -g -O2  conftest.c >&5
configure:12982: $? = 0
configure:12982: result: yes
configure:12982: checking sys/statvfs.h presence
configure:12982: gcc -E  conftest.c
configure:12982: $? = 0
configure:12982: result: yes
configure:12982: checking for sys/statvfs.h
configure:12982: result: yes
configure:12982: checking sys/time.h usability
configure:12982: gcc -c -g -O2  conftest.c >&5
configure:12982: $? = 0
configure:12982: result: yes
configure:12982: checking sys/time.h presence
configure:12982: gcc -E  conftest.c
configure:12982: $? = 0
configure:12982: result: yes
configure:12982: checking for sys/time.h
configure:12982: result: yes
configure:12982: checking sys/capability.h usability
configure:12982: gcc -c -g -O2  conftest.c >&5
configure:12982: $? = 0
configure:12982: result: yes
configure:12982: checking sys/capability.h presence
configure:12982: gcc -E  conftest.c
configure:12982: $? = 0
configure:12982: result: yes
configure:12982: checking for sys/capability.h
configure:12982: result: yes
configure:12982: checking for unistd.h
configure:12982: result: yes
configure:12982: checking utime.h usability
configure:12982: gcc -c -g -O2  conftest.c >&5
configure:12982: $? = 0
configure:12982: result: yes
configure:12982: checking utime.h presence
configure:12982: gcc -E  conftest.c
configure:12982: $? = 0
configure:12982: result: yes
configure:12982: checking for utime.h
configure:12982: result: yes
configure:12982: checking values.h usability
configure:12982: gcc -c -g -O2  conftest.c >&5
configure:12982: $? = 0
configure:12982: result: yes
configure:12982: checking values.h presence
configure:12982: gcc -E  conftest.c
configure:12982: $? = 0
configure:12982: result: yes
configure:12982: checking for values.h
configure:12982: result: yes
configure:13007: checking for an ANSI C-conforming const
configure:13072: gcc -c -g -O2  conftest.c >&5
configure:13072: $? = 0
configure:13079: result: yes
configure:13087: checking for uid_t in sys/types.h
configure:13106: result: yes
configure:13117: checking for inline
configure:13133: gcc -c -g -O2  conftest.c >&5
configure:13133: $? = 0
configure:13141: result: inline
configure:13159: checking for mode_t
configure:13159: gcc -c -g -O2  conftest.c >&5
configure:13159: $? = 0
configure:13159: gcc -c -g -O2  conftest.c >&5
conftest.c: In function 'main':
conftest.c:89:21: error: expected expression before ')' token
configure:13159: $? = 1
configure: failed program was:
| /* confdefs.h */
| #define PACKAGE_NAME "View-OS"
| #define PACKAGE_TARNAME "umview"
| #define PACKAGE_VERSION "0.8.2"
| #define PACKAGE_STRING "View-OS 0.8.2"
| #define PACKAGE_BUGREPORT "info@v2.cs.unibo.it"
| #define PACKAGE_URL ""
| #define PACKAGE "umview"
| #define VERSION "0.8.2"
| #define STDC_HEADERS 1
| #define HAVE_SYS_TYPES_H 1
| #define HAVE_SYS_STAT_H 1
| #define HAVE_STDLIB_H 1
| #define HAVE_STRING_H 1
| #define HAVE_MEMORY_H 1
| #define HAVE_STRINGS_H 1
| #define HAVE_INTTYPES_H 1
| #define HAVE_STDINT_H 1
| #define HAVE_UNISTD_H 1
| #define __EXTENSIONS__ 1
| #define _ALL_SOURCE 1
| #define _GNU_SOURCE 1
| #define _POSIX_PTHREAD_SEMANTICS 1
| #define _TANDEM_SOURCE 1
| #define HAVE_DLFCN_H 1
| #define LT_OBJDIR ".libs/"
| #define MODULES_EXT ".so"
| #define HAVE_LIBDL 1
| #define HAVE_LIBPTHREAD 1
| #define HAVE_ALLOCA_H 1
| #define HAVE_ALLOCA 1
| #define HAVE_DIRENT_H 1
| #define STDC_HEADERS 1
| #define HAVE_SYS_WAIT_H 1
| #define HAVE_FCNTL_H 1
| #define HAVE_LIMITS_H 1
| #define HAVE_STDDEF_H 1
| #define HAVE_STDINT_H 1
| #define HAVE_STDLIB_H 1
| #define HAVE_STRING_H 1
| #define HAVE_SYS_IOCTL_H 1
| #define HAVE_SYS_MOUNT_H 1
| #define HAVE_SYS_PARAM_H 1
| #define HAVE_SYS_SOCKET_H 1
| #define HAVE_SYS_STATFS_H 1
| #define HAVE_SYS_STATVFS_H 1
| #define HAVE_SYS_TIME_H 1
| #define HAVE_SYS_CAPABILITY_H 1
| #define HAVE_UNISTD_H 1
| #define HAVE_UTIME_H 1
| #define HAVE_VALUES_H 1
| /* end confdefs.h.  */
| #include <stdio.h>
| #ifdef HAVE_SYS_TYPES_H
| # include <sys/types.h>
| #endif
| #ifdef HAVE_SYS_STAT_H
| # include <sys/stat.h>
| #endif
| #ifdef STDC_HEADERS
| # include <stdlib.h>
| # include <stddef.h>
| #else
| # ifdef HAVE_STDLIB_H
| #  include <stdlib.h>
| # endif
| #endif
| #ifdef HAVE_STRING_H
| # if !defined STDC_HEADERS && defined HAVE_MEMORY_H
| #  include <memory.h>
| # endif
| # include <string.h>
| #endif
| #ifdef HAVE_STRINGS_H
| # include <strings.h>
| #endif
| #ifdef HAVE_INTTYPES_H
| # include <inttypes.h>
| #endif
| #ifdef HAVE_STDINT_H
| # include <stdint.h>
| #endif
| #ifdef HAVE_UNISTD_H
| # include <unistd.h>
| #endif
| int
| main ()
| {
| if (sizeof ((mode_t)))
| 	    return 0;
|   ;
|   return 0;
| }
configure:13159: result: yes
configure:13170: checking for off_t
configure:13170: gcc -c -g -O2  conftest.c >&5
configure:13170: $? = 0
configure:13170: gcc -c -g -O2  conftest.c >&5
conftest.c: In function 'main':
conftest.c:89:20: error: expected expression before ')' token
configure:13170: $? = 1
configure: failed program was:
| /* confdefs.h */
| #define PACKAGE_NAME "View-OS"
| #define PACKAGE_TARNAME "umview"
| #define PACKAGE_VERSION "0.8.2"
| #define PACKAGE_STRING "View-OS 0.8.2"
| #define PACKAGE_BUGREPORT "info@v2.cs.unibo.it"
| #define PACKAGE_URL ""
| #define PACKAGE "umview"
| #define VERSION "0.8.2"
| #define STDC_HEADERS 1
| #define HAVE_SYS_TYPES_H 1
| #define HAVE_SYS_STAT_H 1
| #define HAVE_STDLIB_H 1
| #define HAVE_STRING_H 1
| #define HAVE_MEMORY_H 1
| #define HAVE_STRINGS_H 1
| #define HAVE_INTTYPES_H 1
| #define HAVE_STDINT_H 1
| #define HAVE_UNISTD_H 1
| #define __EXTENSIONS__ 1
| #define _ALL_SOURCE 1
| #define _GNU_SOURCE 1
| #define _POSIX_PTHREAD_SEMANTICS 1
| #define _TANDEM_SOURCE 1
| #define HAVE_DLFCN_H 1
| #define LT_OBJDIR ".libs/"
| #define MODULES_EXT ".so"
| #define HAVE_LIBDL 1
| #define HAVE_LIBPTHREAD 1
| #define HAVE_ALLOCA_H 1
| #define HAVE_ALLOCA 1
| #define HAVE_DIRENT_H 1
| #define STDC_HEADERS 1
| #define HAVE_SYS_WAIT_H 1
| #define HAVE_FCNTL_H 1
| #define HAVE_LIMITS_H 1
| #define HAVE_STDDEF_H 1
| #define HAVE_STDINT_H 1
| #define HAVE_STDLIB_H 1
| #define HAVE_STRING_H 1
| #define HAVE_SYS_IOCTL_H 1
| #define HAVE_SYS_MOUNT_H 1
| #define HAVE_SYS_PARAM_H 1
| #define HAVE_SYS_SOCKET_H 1
| #define HAVE_SYS_STATFS_H 1
| #define HAVE_SYS_STATVFS_H 1
| #define HAVE_SYS_TIME_H 1
| #define HAVE_SYS_CAPABILITY_H 1
| #define HAVE_UNISTD_H 1
| #define HAVE_UTIME_H 1
| #define HAVE_VALUES_H 1
| /* end confdefs.h.  */
| #include <stdio.h>
| #ifdef HAVE_SYS_TYPES_H
| # include <sys/types.h>
| #endif
| #ifdef HAVE_SYS_STAT_H
| # include <sys/stat.h>
| #endif
| #ifdef STDC_HEADERS
| # include <stdlib.h>
| # include <stddef.h>
| #else
| # ifdef HAVE_STDLIB_H
| #  include <stdlib.h>
| # endif
| #endif
| #ifdef HAVE_STRING_H
| # if !defined STDC_HEADERS && defined HAVE_MEMORY_H
| #  include <memory.h>
| # endif
| # include <string.h>
| #endif
| #ifdef HAVE_STRINGS_H
| # include <strings.h>
| #endif
| #ifdef HAVE_INTTYPES_H
| # include <inttypes.h>
| #endif
| #ifdef HAVE_STDINT_H
| # include <stdint.h>
| #endif
| #ifdef HAVE_UNISTD_H
| # include <unistd.h>
| #endif
| int
| main ()
| {
| if (sizeof ((off_t)))
| 	    return 0;
|   ;
|   return 0;
| }
configure:13170: result: yes
configure:13181: checking for pid_t
configure:13181: gcc -c -g -O2  conftest.c >&5
configure:13181: $? = 0
configure:13181: gcc -c -g -O2  conftest.c >&5
conftest.c: In function 'main':
conftest.c:89:20: error: expected expression before ')' token
configure:13181: $? = 1
configure: failed program was:
| /* confdefs.h */
| #define PACKAGE_NAME "View-OS"
| #define PACKAGE_TARNAME "umview"
| #define PACKAGE_VERSION "0.8.2"
| #define PACKAGE_STRING "View-OS 0.8.2"
| #define PACKAGE_BUGREPORT "info@v2.cs.unibo.it"
| #define PACKAGE_URL ""
| #define PACKAGE "umview"
| #define VERSION "0.8.2"
| #define STDC_HEADERS 1
| #define HAVE_SYS_TYPES_H 1
| #define HAVE_SYS_STAT_H 1
| #define HAVE_STDLIB_H 1
| #define HAVE_STRING_H 1
| #define HAVE_MEMORY_H 1
| #define HAVE_STRINGS_H 1
| #define HAVE_INTTYPES_H 1
| #define HAVE_STDINT_H 1
| #define HAVE_UNISTD_H 1
| #define __EXTENSIONS__ 1
| #define _ALL_SOURCE 1
| #define _GNU_SOURCE 1
| #define _POSIX_PTHREAD_SEMANTICS 1
| #define _TANDEM_SOURCE 1
| #define HAVE_DLFCN_H 1
| #define LT_OBJDIR ".libs/"
| #define MODULES_EXT ".so"
| #define HAVE_LIBDL 1
| #define HAVE_LIBPTHREAD 1
| #define HAVE_ALLOCA_H 1
| #define HAVE_ALLOCA 1
| #define HAVE_DIRENT_H 1
| #define STDC_HEADERS 1
| #define HAVE_SYS_WAIT_H 1
| #define HAVE_FCNTL_H 1
| #define HAVE_LIMITS_H 1
| #define HAVE_STDDEF_H 1
| #define HAVE_STDINT_H 1
| #define HAVE_STDLIB_H 1
| #define HAVE_STRING_H 1
| #define HAVE_SYS_IOCTL_H 1
| #define HAVE_SYS_MOUNT_H 1
| #define HAVE_SYS_PARAM_H 1
| #define HAVE_SYS_SOCKET_H 1
| #define HAVE_SYS_STATFS_H 1
| #define HAVE_SYS_STATVFS_H 1
| #define HAVE_SYS_TIME_H 1
| #define HAVE_SYS_CAPABILITY_H 1
| #define HAVE_UNISTD_H 1
| #define HAVE_UTIME_H 1
| #define HAVE_VALUES_H 1
| /* end confdefs.h.  */
| #include <stdio.h>
| #ifdef HAVE_SYS_TYPES_H
| # include <sys/types.h>
| #endif
| #ifdef HAVE_SYS_STAT_H
| # include <sys/stat.h>
| #endif
| #ifdef STDC_HEADERS
| # include <stdlib.h>
| # include <stddef.h>
| #else
| # ifdef HAVE_STDLIB_H
| #  include <stdlib.h>
| # endif
| #endif
| #ifdef HAVE_STRING_H
| # if !defined STDC_HEADERS && defined HAVE_MEMORY_H
| #  include <memory.h>
| # endif
| # include <string.h>
| #endif
| #ifdef HAVE_STRINGS_H
| # include <strings.h>
| #endif
| #ifdef HAVE_INTTYPES_H
| # include <inttypes.h>
| #endif
| #ifdef HAVE_STDINT_H
| # include <stdint.h>
| #endif
| #ifdef HAVE_UNISTD_H
| # include <unistd.h>
| #endif
| int
| main ()
| {
| if (sizeof ((pid_t)))
| 	    return 0;
|   ;
|   return 0;
| }
configure:13181: result: yes
configure:13192: checking for size_t
configure:13192: result: yes
configure:13203: checking for ssize_t
configure:13203: gcc -c -g -O2  conftest.c >&5
configure:13203: $? = 0
configure:13203: gcc -c -g -O2  conftest.c >&5
conftest.c: In function 'main':
conftest.c:89:22: error: expected expression before ')' token
configure:13203: $? = 1
configure: failed program was:
| /* confdefs.h */
| #define PACKAGE_NAME "View-OS"
| #define PACKAGE_TARNAME "umview"
| #define PACKAGE_VERSION "0.8.2"
| #define PACKAGE_STRING "View-OS 0.8.2"
| #define PACKAGE_BUGREPORT "info@v2.cs.unibo.it"
| #define PACKAGE_URL ""
| #define PACKAGE "umview"
| #define VERSION "0.8.2"
| #define STDC_HEADERS 1
| #define HAVE_SYS_TYPES_H 1
| #define HAVE_SYS_STAT_H 1
| #define HAVE_STDLIB_H 1
| #define HAVE_STRING_H 1
| #define HAVE_MEMORY_H 1
| #define HAVE_STRINGS_H 1
| #define HAVE_INTTYPES_H 1
| #define HAVE_STDINT_H 1
| #define HAVE_UNISTD_H 1
| #define __EXTENSIONS__ 1
| #define _ALL_SOURCE 1
| #define _GNU_SOURCE 1
| #define _POSIX_PTHREAD_SEMANTICS 1
| #define _TANDEM_SOURCE 1
| #define HAVE_DLFCN_H 1
| #define LT_OBJDIR ".libs/"
| #define MODULES_EXT ".so"
| #define HAVE_LIBDL 1
| #define HAVE_LIBPTHREAD 1
| #define HAVE_ALLOCA_H 1
| #define HAVE_ALLOCA 1
| #define HAVE_DIRENT_H 1
| #define STDC_HEADERS 1
| #define HAVE_SYS_WAIT_H 1
| #define HAVE_FCNTL_H 1
| #define HAVE_LIMITS_H 1
| #define HAVE_STDDEF_H 1
| #define HAVE_STDINT_H 1
| #define HAVE_STDLIB_H 1
| #define HAVE_STRING_H 1
| #define HAVE_SYS_IOCTL_H 1
| #define HAVE_SYS_MOUNT_H 1
| #define HAVE_SYS_PARAM_H 1
| #define HAVE_SYS_SOCKET_H 1
| #define HAVE_SYS_STATFS_H 1
| #define HAVE_SYS_STATVFS_H 1
| #define HAVE_SYS_TIME_H 1
| #define HAVE_SYS_CAPABILITY_H 1
| #define HAVE_UNISTD_H 1
| #define HAVE_UTIME_H 1
| #define HAVE_VALUES_H 1
| /* end confdefs.h.  */
| #include <stdio.h>
| #ifdef HAVE_SYS_TYPES_H
| # include <sys/types.h>
| #endif
| #ifdef HAVE_SYS_STAT_H
| # include <sys/stat.h>
| #endif
| #ifdef STDC_HEADERS
| # include <stdlib.h>
| # include <stddef.h>
| #else
| # ifdef HAVE_STDLIB_H
| #  include <stdlib.h>
| # endif
| #endif
| #ifdef HAVE_STRING_H
| # if !defined STDC_HEADERS && defined HAVE_MEMORY_H
| #  include <memory.h>
| # endif
| # include <string.h>
| #endif
| #ifdef HAVE_STRINGS_H
| # include <strings.h>
| #endif
| #ifdef HAVE_INTTYPES_H
| # include <inttypes.h>
| #endif
| #ifdef HAVE_STDINT_H
| # include <stdint.h>
| #endif
| #ifdef HAVE_UNISTD_H
| # include <unistd.h>
| #endif
| int
| main ()
| {
| if (sizeof ((ssize_t)))
| 	    return 0;
|   ;
|   return 0;
| }
configure:13203: result: yes
configure:13214: checking for struct stat.st_blksize
configure:13214: gcc -c -g -O2  conftest.c >&5
configure:13214: $? = 0
configure:13214: result: yes
configure:13224: checking for struct stat.st_blocks
configure:13224: gcc -c -g -O2  conftest.c >&5
configure:13224: $? = 0
configure:13224: result: yes
configure:13244: checking for struct stat.st_rdev
configure:13244: gcc -c -g -O2  conftest.c >&5
configure:13244: $? = 0
configure:13244: result: yes
configure:13254: checking whether time.h and sys/time.h may both be included
configure:13274: gcc -c -g -O2  conftest.c >&5
configure:13274: $? = 0
configure:13281: result: yes
configure:13289: checking for uint64_t
configure:13289: gcc -c -g -O2  conftest.c >&5
configure:13289: $? = 0
configure:13289: result: yes
configure:13307: checking for unistd.h
configure:13307: result: yes
configure:13317: checking for working chown
configure:13350: gcc -o conftest -g -O2   conftest.c -lpthread -ldl  >&5
configure:13350: $? = 0
configure:13350: ./conftest
configure:13350: $? = 0
configure:13362: result: yes
configure:13372: checking vfork.h usability
configure:13372: gcc -c -g -O2  conftest.c >&5
conftest.c:93:19: fatal error: vfork.h: No such file or directory
compilation terminated.
configure:13372: $? = 1
configure: failed program was:
| /* confdefs.h */
| #define PACKAGE_NAME "View-OS"
| #define PACKAGE_TARNAME "umview"
| #define PACKAGE_VERSION "0.8.2"
| #define PACKAGE_STRING "View-OS 0.8.2"
| #define PACKAGE_BUGREPORT "info@v2.cs.unibo.it"
| #define PACKAGE_URL ""
| #define PACKAGE "umview"
| #define VERSION "0.8.2"
| #define STDC_HEADERS 1
| #define HAVE_SYS_TYPES_H 1
| #define HAVE_SYS_STAT_H 1
| #define HAVE_STDLIB_H 1
| #define HAVE_STRING_H 1
| #define HAVE_MEMORY_H 1
| #define HAVE_STRINGS_H 1
| #define HAVE_INTTYPES_H 1
| #define HAVE_STDINT_H 1
| #define HAVE_UNISTD_H 1
| #define __EXTENSIONS__ 1
| #define _ALL_SOURCE 1
| #define _GNU_SOURCE 1
| #define _POSIX_PTHREAD_SEMANTICS 1
| #define _TANDEM_SOURCE 1
| #define HAVE_DLFCN_H 1
| #define LT_OBJDIR ".libs/"
| #define MODULES_EXT ".so"
| #define HAVE_LIBDL 1
| #define HAVE_LIBPTHREAD 1
| #define HAVE_ALLOCA_H 1
| #define HAVE_ALLOCA 1
| #define HAVE_DIRENT_H 1
| #define STDC_HEADERS 1
| #define HAVE_SYS_WAIT_H 1
| #define HAVE_FCNTL_H 1
| #define HAVE_LIMITS_H 1
| #define HAVE_STDDEF_H 1
| #define HAVE_STDINT_H 1
| #define HAVE_STDLIB_H 1
| #define HAVE_STRING_H 1
| #define HAVE_SYS_IOCTL_H 1
| #define HAVE_SYS_MOUNT_H 1
| #define HAVE_SYS_PARAM_H 1
| #define HAVE_SYS_SOCKET_H 1
| #define HAVE_SYS_STATFS_H 1
| #define HAVE_SYS_STATVFS_H 1
| #define HAVE_SYS_TIME_H 1
| #define HAVE_SYS_CAPABILITY_H 1
| #define HAVE_UNISTD_H 1
| #define HAVE_UTIME_H 1
| #define HAVE_VALUES_H 1
| #define HAVE_STRUCT_STAT_ST_BLKSIZE 1
| #define HAVE_STRUCT_STAT_ST_BLOCKS 1
| #define HAVE_ST_BLOCKS 1
| #define HAVE_STRUCT_STAT_ST_RDEV 1
| #define TIME_WITH_SYS_TIME 1
| #define HAVE_UNISTD_H 1
| #define HAVE_CHOWN 1
| /* end confdefs.h.  */
| #include <stdio.h>
| #ifdef HAVE_SYS_TYPES_H
| # include <sys/types.h>
| #endif
| #ifdef HAVE_SYS_STAT_H
| # include <sys/stat.h>
| #endif
| #ifdef STDC_HEADERS
| # include <stdlib.h>
| # include <stddef.h>
| #else
| # ifdef HAVE_STDLIB_H
| #  include <stdlib.h>
| # endif
| #endif
| #ifdef HAVE_STRING_H
| # if !defined STDC_HEADERS && defined HAVE_MEMORY_H
| #  include <memory.h>
| # endif
| # include <string.h>
| #endif
| #ifdef HAVE_STRINGS_H
| # include <strings.h>
| #endif
| #ifdef HAVE_INTTYPES_H
| # include <inttypes.h>
| #endif
| #ifdef HAVE_STDINT_H
| # include <stdint.h>
| #endif
| #ifdef HAVE_UNISTD_H
| # include <unistd.h>
| #endif
| #include <vfork.h>
configure:13372: result: no
configure:13372: checking vfork.h presence
configure:13372: gcc -E  conftest.c
conftest.c:60:19: fatal error: vfork.h: No such file or directory
compilation terminated.
configure:13372: $? = 1
configure: failed program was:
| /* confdefs.h */
| #define PACKAGE_NAME "View-OS"
| #define PACKAGE_TARNAME "umview"
| #define PACKAGE_VERSION "0.8.2"
| #define PACKAGE_STRING "View-OS 0.8.2"
| #define PACKAGE_BUGREPORT "info@v2.cs.unibo.it"
| #define PACKAGE_URL ""
| #define PACKAGE "umview"
| #define VERSION "0.8.2"
| #define STDC_HEADERS 1
| #define HAVE_SYS_TYPES_H 1
| #define HAVE_SYS_STAT_H 1
| #define HAVE_STDLIB_H 1
| #define HAVE_STRING_H 1
| #define HAVE_MEMORY_H 1
| #define HAVE_STRINGS_H 1
| #define HAVE_INTTYPES_H 1
| #define HAVE_STDINT_H 1
| #define HAVE_UNISTD_H 1
| #define __EXTENSIONS__ 1
| #define _ALL_SOURCE 1
| #define _GNU_SOURCE 1
| #define _POSIX_PTHREAD_SEMANTICS 1
| #define _TANDEM_SOURCE 1
| #define HAVE_DLFCN_H 1
| #define LT_OBJDIR ".libs/"
| #define MODULES_EXT ".so"
| #define HAVE_LIBDL 1
| #define HAVE_LIBPTHREAD 1
| #define HAVE_ALLOCA_H 1
| #define HAVE_ALLOCA 1
| #define HAVE_DIRENT_H 1
| #define STDC_HEADERS 1
| #define HAVE_SYS_WAIT_H 1
| #define HAVE_FCNTL_H 1
| #define HAVE_LIMITS_H 1
| #define HAVE_STDDEF_H 1
| #define HAVE_STDINT_H 1
| #define HAVE_STDLIB_H 1
| #define HAVE_STRING_H 1
| #define HAVE_SYS_IOCTL_H 1
| #define HAVE_SYS_MOUNT_H 1
| #define HAVE_SYS_PARAM_H 1
| #define HAVE_SYS_SOCKET_H 1
| #define HAVE_SYS_STATFS_H 1
| #define HAVE_SYS_STATVFS_H 1
| #define HAVE_SYS_TIME_H 1
| #define HAVE_SYS_CAPABILITY_H 1
| #define HAVE_UNISTD_H 1
| #define HAVE_UTIME_H 1
| #define HAVE_VALUES_H 1
| #define HAVE_STRUCT_STAT_ST_BLKSIZE 1
| #define HAVE_STRUCT_STAT_ST_BLOCKS 1
| #define HAVE_ST_BLOCKS 1
| #define HAVE_STRUCT_STAT_ST_RDEV 1
| #define TIME_WITH_SYS_TIME 1
| #define HAVE_UNISTD_H 1
| #define HAVE_CHOWN 1
| /* end confdefs.h.  */
| #include <vfork.h>
configure:13372: result: no
configure:13372: checking for vfork.h
configure:13372: result: no
configure:13385: checking for fork
configure:13385: gcc -o conftest -g -O2   conftest.c -lpthread -ldl  >&5
conftest.c:83:6: warning: conflicting types for built-in function 'fork' [enabled by default]
configure:13385: $? = 0
configure:13385: result: yes
configure:13385: checking for vfork
configure:13385: gcc -o conftest -g -O2   conftest.c -lpthread -ldl  >&5
configure:13385: $? = 0
configure:13385: result: yes
configure:13395: checking for working fork
configure:13417: gcc -o conftest -g -O2   conftest.c -lpthread -ldl  >&5
configure:13417: $? = 0
configure:13417: ./conftest
configure:13417: $? = 0
configure:13427: result: yes
configure:13448: checking for working vfork
configure:13558: result: yes
configure:13584: checking whether gcc needs -traditional
configure:13618: result: no
configure:13625: checking whether sys/types.h defines makedev
configure:13641: gcc -o conftest -g -O2   conftest.c -lpthread -ldl  >&5
configure:13641: $? = 0
configure:13650: result: yes
configure:13677: checking for stdlib.h
configure:13677: result: yes
configure:13687: checking for GNU libc compatible malloc
configure:13711: gcc -o conftest -g -O2   conftest.c -lpthread -ldl  >&5
configure:13711: $? = 0
configure:13711: ./conftest
configure:13711: $? = 0
configure:13721: result: yes
configure:13742: checking for working memcmp
configure:13785: gcc -o conftest -g -O2   conftest.c -lpthread -ldl  >&5
configure:13785: $? = 0
configure:13785: ./conftest
configure:13785: $? = 0
configure:13795: result: yes
configure:13810: checking for stdlib.h
configure:13810: result: yes
configure:13810: checking for unistd.h
configure:13810: result: yes
configure:13810: checking for sys/param.h
configure:13810: result: yes
configure:13810: checking for utime.h
configure:13810: result: yes
configure:13830: checking for getpagesize
configure:13830: gcc -o conftest -g -O2   conftest.c -lpthread -ldl  >&5
configure:13830: $? = 0
configure:13830: result: yes
configure:13839: checking for working mmap
configure:13986: gcc -o conftest -g -O2   conftest.c -lpthread -ldl  >&5
configure:13986: $? = 0
configure:13986: ./conftest
configure:13986: $? = 0
configure:13996: result: yes
configure:14007: checking for stdlib.h
configure:14007: result: yes
configure:14017: checking for GNU libc compatible realloc
configure:14041: gcc -o conftest -g -O2   conftest.c -lpthread -ldl  >&5
configure:14041: $? = 0
configure:14041: ./conftest
configure:14041: $? = 0
configure:14051: result: yes
configure:14072: checking whether lstat correctly handles trailing slash
configure:14098: gcc -o conftest -g -O2   conftest.c -lpthread -ldl  >&5
configure:14098: $? = 0
configure:14098: ./conftest
configure:14098: $? = 0
configure:14115: result: yes
configure:14134: checking whether stat accepts an empty string
configure:14154: gcc -o conftest -g -O2   conftest.c -lpthread -ldl  >&5
configure:14154: $? = 0
configure:14154: ./conftest
configure:14154: $? = 0
configure:14164: result: no
configure:14180: checking for working strcoll
configure:14201: gcc -o conftest -g -O2   conftest.c -lpthread -ldl  >&5
configure:14201: $? = 0
configure:14201: ./conftest
configure:14201: $? = 0
configure:14211: result: yes
configure:14219: checking for working strnlen
configure:14257: gcc -o conftest -g -O2   conftest.c -lpthread -ldl  >&5
configure:14257: $? = 0
configure:14257: ./conftest
configure:14257: $? = 0
configure:14267: result: yes
configure:14279: checking whether utime accepts a null argument
configure:14308: gcc -o conftest -g -O2   conftest.c -lpthread -ldl  >&5
configure:14308: $? = 0
configure:14308: ./conftest
configure:14308: $? = 0
configure:14318: result: yes
configure:14330: checking for vprintf
configure:14330: gcc -o conftest -g -O2   conftest.c -lpthread -ldl  >&5
conftest.c:100:6: warning: conflicting types for built-in function 'vprintf' [enabled by default]
configure:14330: $? = 0
configure:14330: result: yes
configure:14336: checking for _doprnt
configure:14336: gcc -o conftest -g -O2   conftest.c -lpthread -ldl  >&5
/tmp/ccdM5K2c.o: In function `main':
/home/butchertkd/Documents/Università/Virtual-Square/pxmview/conftest.c:112: undefined reference to `_doprnt'
collect2: ld returned 1 exit status
configure:14336: $? = 1
configure: failed program was:
| /* confdefs.h */
| #define PACKAGE_NAME "View-OS"
| #define PACKAGE_TARNAME "umview"
| #define PACKAGE_VERSION "0.8.2"
| #define PACKAGE_STRING "View-OS 0.8.2"
| #define PACKAGE_BUGREPORT "info@v2.cs.unibo.it"
| #define PACKAGE_URL ""
| #define PACKAGE "umview"
| #define VERSION "0.8.2"
| #define STDC_HEADERS 1
| #define HAVE_SYS_TYPES_H 1
| #define HAVE_SYS_STAT_H 1
| #define HAVE_STDLIB_H 1
| #define HAVE_STRING_H 1
| #define HAVE_MEMORY_H 1
| #define HAVE_STRINGS_H 1
| #define HAVE_INTTYPES_H 1
| #define HAVE_STDINT_H 1
| #define HAVE_UNISTD_H 1
| #define __EXTENSIONS__ 1
| #define _ALL_SOURCE 1
| #define _GNU_SOURCE 1
| #define _POSIX_PTHREAD_SEMANTICS 1
| #define _TANDEM_SOURCE 1
| #define HAVE_DLFCN_H 1
| #define LT_OBJDIR ".libs/"
| #define MODULES_EXT ".so"
| #define HAVE_LIBDL 1
| #define HAVE_LIBPTHREAD 1
| #define HAVE_ALLOCA_H 1
| #define HAVE_ALLOCA 1
| #define HAVE_DIRENT_H 1
| #define STDC_HEADERS 1
| #define HAVE_SYS_WAIT_H 1
| #define HAVE_FCNTL_H 1
| #define HAVE_LIMITS_H 1
| #define HAVE_STDDEF_H 1
| #define HAVE_STDINT_H 1
| #define HAVE_STDLIB_H 1
| #define HAVE_STRING_H 1
| #define HAVE_SYS_IOCTL_H 1
| #define HAVE_SYS_MOUNT_H 1
| #define HAVE_SYS_PARAM_H 1
| #define HAVE_SYS_SOCKET_H 1
| #define HAVE_SYS_STATFS_H 1
| #define HAVE_SYS_STATVFS_H 1
| #define HAVE_SYS_TIME_H 1
| #define HAVE_SYS_CAPABILITY_H 1
| #define HAVE_UNISTD_H 1
| #define HAVE_UTIME_H 1
| #define HAVE_VALUES_H 1
| #define HAVE_STRUCT_STAT_ST_BLKSIZE 1
| #define HAVE_STRUCT_STAT_ST_BLOCKS 1
| #define HAVE_ST_BLOCKS 1
| #define HAVE_STRUCT_STAT_ST_RDEV 1
| #define TIME_WITH_SYS_TIME 1
| #define HAVE_UNISTD_H 1
| #define HAVE_CHOWN 1
| #define HAVE_FORK 1
| #define HAVE_VFORK 1
| #define HAVE_WORKING_VFORK 1
| #define HAVE_WORKING_FORK 1
| #define HAVE_STDLIB_H 1
| #define HAVE_MALLOC 1
| #define HAVE_STDLIB_H 1
| #define HAVE_UNISTD_H 1
| #define HAVE_SYS_PARAM_H 1
| #define HAVE_UTIME_H 1
| #define HAVE_GETPAGESIZE 1
| #define HAVE_MMAP 1
| #define HAVE_STDLIB_H 1
| #define HAVE_REALLOC 1
| #define LSTAT_FOLLOWS_SLASHED_SYMLINK 1
| #define HAVE_STRCOLL 1
| #define HAVE_UTIME_NULL 1
| #define HAVE_VPRINTF 1
| /* end confdefs.h.  */
| /* Define _doprnt to an innocuous variant, in case <limits.h> declares _doprnt.
|    For example, HP-UX 11i <limits.h> declares gettimeofday.  */
| #define _doprnt innocuous__doprnt
| 
| /* System header to define __stub macros and hopefully few prototypes,
|     which can conflict with char _doprnt (); below.
|     Prefer <limits.h> to <assert.h> if __STDC__ is defined, since
|     <limits.h> exists even on freestanding compilers.  */
| 
| #ifdef __STDC__
| # include <limits.h>
| #else
| # include <assert.h>
| #endif
| 
| #undef _doprnt
| 
| /* Override any GCC internal prototype to avoid an error.
|    Use char because int might match the return type of a GCC
|    builtin and then its argument prototype would still apply.  */
| #ifdef __cplusplus
| extern "C"
| #endif
| char _doprnt ();
| /* The GNU C library defines this for functions which it implements
|     to always fail with ENOSYS.  Some functions are actually named
|     something starting with __ and the normal name is an alias.  */
| #if defined __stub__doprnt || defined __stub____doprnt
| choke me
| #endif
| 
| int
| main ()
| {
| return _doprnt ();
|   ;
|   return 0;
| }
configure:14336: result: no
configure:14350: checking for atexit
configure:14350: gcc -o conftest -g -O2   conftest.c -lpthread -ldl  >&5
configure:14350: $? = 0
configure:14350: result: yes
configure:14350: checking for ftruncate
configure:14350: gcc -o conftest -g -O2   conftest.c -lpthread -ldl  >&5
configure:14350: $? = 0
configure:14350: result: yes
configure:14350: checking for lchown
configure:14350: gcc -o conftest -g -O2   conftest.c -lpthread -ldl  >&5
configure:14350: $? = 0
configure:14350: result: yes
configure:14350: checking for memmove
configure:14350: gcc -o conftest -g -O2   conftest.c -lpthread -ldl  >&5
conftest.c:104:6: warning: conflicting types for built-in function 'memmove' [enabled by default]
configure:14350: $? = 0
configure:14350: result: yes
configure:14350: checking for mempcpy
configure:14350: gcc -o conftest -g -O2   conftest.c -lpthread -ldl  >&5
conftest.c:105:6: warning: conflicting types for built-in function 'mempcpy' [enabled by default]
configure:14350: $? = 0
configure:14350: result: yes
configure:14350: checking for memset
configure:14350: gcc -o conftest -g -O2   conftest.c -lpthread -ldl  >&5
conftest.c:106:6: warning: conflicting types for built-in function 'memset' [enabled by default]
configure:14350: $? = 0
configure:14350: result: yes
configure:14350: checking for mkdir
configure:14350: gcc -o conftest -g -O2   conftest.c -lpthread -ldl  >&5
configure:14350: $? = 0
configure:14350: result: yes
configure:14350: checking for mkfifo
configure:14350: gcc -o conftest -g -O2   conftest.c -lpthread -ldl  >&5
configure:14350: $? = 0
configure:14350: result: yes
configure:14350: checking for rmdir
configure:14350: gcc -o conftest -g -O2   conftest.c -lpthread -ldl  >&5
configure:14350: $? = 0
configure:14350: result: yes
configure:14350: checking for setenv
configure:14350: gcc -o conftest -g -O2   conftest.c -lpthread -ldl  >&5
configure:14350: $? = 0
configure:14350: result: yes
configure:14350: checking for strchr
configure:14350: gcc -o conftest -g -O2   conftest.c -lpthread -ldl  >&5
conftest.c:111:6: warning: conflicting types for built-in function 'strchr' [enabled by default]
configure:14350: $? = 0
configure:14350: result: yes
configure:14350: checking for strdup
configure:14350: gcc -o conftest -g -O2   conftest.c -lpthread -ldl  >&5
conftest.c:112:6: warning: conflicting types for built-in function 'strdup' [enabled by default]
configure:14350: $? = 0
configure:14350: result: yes
configure:14350: checking for strerror
configure:14350: gcc -o conftest -g -O2   conftest.c -lpthread -ldl  >&5
configure:14350: $? = 0
configure:14350: result: yes
configure:14350: checking for strrchr
configure:14350: gcc -o conftest -g -O2   conftest.c -lpthread -ldl  >&5
conftest.c:114:6: warning: conflicting types for built-in function 'strrchr' [enabled by default]
configure:14350: $? = 0
configure:14350: result: yes
configure:14350: checking for utime
configure:14350: gcc -o conftest -g -O2   conftest.c -lpthread -ldl  >&5
configure:14350: $? = 0
configure:14350: result: yes
configure:14416: checking for pkg-config
configure:14434: found /usr/bin/pkg-config
configure:14446: result: /usr/bin/pkg-config
configure:14471: checking pkg-config is at least version 0.9.0
configure:14474: result: yes
configure:14484: checking for GLIB20
configure:14491: $PKG_CONFIG --exists --print-errors "glib-2.0"
configure:14494: $? = 0
configure:14508: $PKG_CONFIG --exists --print-errors "glib-2.0"
configure:14511: $? = 0
configure:14569: result: yes
configure:14757: creating ./config.status

## ---------------------- ##
## Running config.status. ##
## ---------------------- ##

This file was extended by View-OS config.status 0.8.2, which was
generated by GNU Autoconf 2.68.  Invocation command line was

  CONFIG_FILES    = 
  CONFIG_HEADERS  = 
  CONFIG_LINKS    = 
  CONFIG_COMMANDS = 
  $ ./config.status 

on butchertkd-laptop

config.status:1168: creating Makefile
config.status:1168: creating doc/Makefile
config.status:1168: creating include/Makefile
config.status:1168: creating xmview/Makefile
config.status:1168: creating config.h
config.status:1349: config.h is unchanged
config.status:1397: executing depfiles commands
config.status:1397: executing libtool commands

## ---------------- ##
## Cache variables. ##
## ---------------- ##

ac_cv_build=x86_64-unknown-linux-gnu
ac_cv_c_compiler_gnu=yes
ac_cv_c_const=yes
ac_cv_c_inline=inline
ac_cv_c_uint64_t=yes
ac_cv_env_CC_set=
ac_cv_env_CC_value=
ac_cv_env_CFLAGS_set=
ac_cv_env_CFLAGS_value=
ac_cv_env_CPPFLAGS_set=
ac_cv_env_CPPFLAGS_value=
ac_cv_env_CPP_set=
ac_cv_env_CPP_value=
ac_cv_env_GLIB20_CFLAGS_set=
ac_cv_env_GLIB20_CFLAGS_value=
ac_cv_env_GLIB20_LIBS_set=
ac_cv_env_GLIB20_LIBS_value=
ac_cv_env_LDFLAGS_set=
ac_cv_env_LDFLAGS_value=
ac_cv_env_LIBS_set=
ac_cv_env_LIBS_value=
ac_cv_env_PKG_CONFIG_LIBDIR_set=
ac_cv_env_PKG_CONFIG_LIBDIR_value=
ac_cv_env_PKG_CONFIG_PATH_set=
ac_cv_env_PKG_CONFIG_PATH_value=
ac_cv_env_PKG_CONFIG_set=
ac_cv_env_PKG_CONFIG_value=
ac_cv_env_build_alias_set=
ac_cv_env_build_alias_value=
ac_cv_env_host_alias_set=
ac_cv_env_host_alias_value=
ac_cv_env_target_alias_set=
ac_cv_env_target_alias_value=
ac_cv_func__doprnt=no
ac_cv_func_alloca_works=yes
ac_cv_func_atexit=yes
ac_cv_func_chown_works=yes
ac_cv_func_fork=yes
ac_cv_func_fork_works=yes
ac_cv_func_ftruncate=yes
ac_cv_func_getpagesize=yes
ac_cv_func_lchown=yes
ac_cv_func_lstat_dereferences_slashed_symlink=yes
ac_cv_func_malloc_0_nonnull=yes
ac_cv_func_memcmp_working=yes
ac_cv_func_memmove=yes
ac_cv_func_mempcpy=yes
ac_cv_func_memset=yes
ac_cv_func_mkdir=yes
ac_cv_func_mkfifo=yes
ac_cv_func_mmap_fixed_mapped=yes
ac_cv_func_realloc_0_nonnull=yes
ac_cv_func_rmdir=yes
ac_cv_func_setenv=yes
ac_cv_func_stat_empty_string_bug=no
ac_cv_func_strchr=yes
ac_cv_func_strcoll_works=yes
ac_cv_func_strdup=yes
ac_cv_func_strerror=yes
ac_cv_func_strnlen_working=yes
ac_cv_func_strrchr=yes
ac_cv_func_utime=yes
ac_cv_func_utime_null=yes
ac_cv_func_vfork=yes
ac_cv_func_vfork_works=yes
ac_cv_func_vprintf=yes
ac_cv_header_dirent_dirent_h=yes
ac_cv_header_dlfcn_h=yes
ac_cv_header_fcntl_h=yes
ac_cv_header_inttypes_h=yes
ac_cv_header_limits_h=yes
ac_cv_header_memory_h=yes
ac_cv_header_minix_config_h=no
ac_cv_header_stdc=yes
ac_cv_header_stddef_h=yes
ac_cv_header_stdint_h=yes
ac_cv_header_stdlib_h=yes
ac_cv_header_string_h=yes
ac_cv_header_strings_h=yes
ac_cv_header_sys_capability_h=yes
ac_cv_header_sys_ioctl_h=yes
ac_cv_header_sys_mount_h=yes
ac_cv_header_sys_param_h=yes
ac_cv_header_sys_socket_h=yes
ac_cv_header_sys_stat_h=yes
ac_cv_header_sys_statfs_h=yes
ac_cv_header_sys_statvfs_h=yes
ac_cv_header_sys_time_h=yes
ac_cv_header_sys_types_h=yes
ac_cv_header_sys_types_h_makedev=yes
ac_cv_header_sys_wait_h=yes
ac_cv_header_time=yes
ac_cv_header_unistd_h=yes
ac_cv_header_utime_h=yes
ac_cv_header_values_h=yes
ac_cv_header_vfork_h=no
ac_cv_host=x86_64-unknown-linux-gnu
ac_cv_lib_dl_dlopen=yes
ac_cv_lib_pthread_pthread_key_create=yes
ac_cv_member_struct_stat_st_blksize=yes
ac_cv_member_struct_stat_st_blocks=yes
ac_cv_member_struct_stat_st_rdev=yes
ac_cv_objext=o
ac_cv_path_EGREP='/bin/grep -E'
ac_cv_path_FGREP='/bin/grep -F'
ac_cv_path_GREP=/bin/grep
ac_cv_path_SED=/bin/sed
ac_cv_path_ac_pt_PKG_CONFIG=/usr/bin/pkg-config
ac_cv_path_install='/usr/bin/install -c'
ac_cv_path_mkdir=/bin/mkdir
ac_cv_prog_AWK=mawk
ac_cv_prog_CPP='gcc -E'
ac_cv_prog_ac_ct_AR=ar
ac_cv_prog_ac_ct_CC=gcc
ac_cv_prog_ac_ct_MANIFEST_TOOL=mt
ac_cv_prog_ac_ct_OBJDUMP=objdump
ac_cv_prog_ac_ct_RANLIB=ranlib
ac_cv_prog_ac_ct_STRIP=strip
ac_cv_prog_cc_c89=
ac_cv_prog_cc_g=yes
ac_cv_prog_gcc_traditional=no
ac_cv_prog_make_make_set=yes
ac_cv_safe_to_define___extensions__=yes
ac_cv_search_opendir='none required'
ac_cv_type_mode_t=yes
ac_cv_type_off_t=yes
ac_cv_type_pid_t=yes
ac_cv_type_size_t=yes
ac_cv_type_ssize_t=yes
ac_cv_type_uid_t=yes
ac_cv_working_alloca_h=yes
am_cv_CC_dependencies_compiler_type=gcc3
lt_cv_ar_at_file=@
lt_cv_archive_cmds_need_lc=no
lt_cv_deplibs_check_method=pass_all
lt_cv_file_magic_cmd='$MAGIC_CMD'
lt_cv_file_magic_test_file=
lt_cv_ld_reload_flag=-r
lt_cv_nm_interface='BSD nm'
lt_cv_objdir=.libs
lt_cv_path_LD=/usr/bin/ld
lt_cv_path_NM='/usr/bin/nm -B'
lt_cv_path_mainfest_tool=no
lt_cv_prog_compiler_c_o=yes
lt_cv_prog_compiler_pic='-fPIC -DPIC'
lt_cv_prog_compiler_pic_works=yes
lt_cv_prog_compiler_rtti_exceptions=no
lt_cv_prog_compiler_static_works=yes
lt_cv_prog_gnu_ld=yes
lt_cv_sharedlib_from_linklib_cmd='printf %s\n'
lt_cv_shlibpath_overrides_runpath=no
lt_cv_sys_global_symbol_pipe='sed -n -e '\''s/^.*[	 ]\([ABCDGIRSTW][ABCDGIRSTW]*\)[	 ][	 ]*\([_A-Za-z][_A-Za-z0-9]*\)$/\1 \2 \2/p'\'' | sed '\''/ __gnu_lto/d'\'''
lt_cv_sys_global_symbol_to_c_name_address='sed -n -e '\''s/^: \([^ ]*\)[ ]*$/  {\"\1\", (void *) 0},/p'\'' -e '\''s/^[ABCDGIRSTW]* \([^ ]*\) \([^ ]*\)$/  {"\2", (void *) \&\2},/p'\'''
lt_cv_sys_global_symbol_to_c_name_address_lib_prefix='sed -n -e '\''s/^: \([^ ]*\)[ ]*$/  {\"\1\", (void *) 0},/p'\'' -e '\''s/^[ABCDGIRSTW]* \([^ ]*\) \(lib[^ ]*\)$/  {"\2", (void *) \&\2},/p'\'' -e '\''s/^[ABCDGIRSTW]* \([^ ]*\) \([^ ]*\)$/  {"lib\2", (void *) \&\2},/p'\'''
lt_cv_sys_global_symbol_to_cdecl='sed -n -e '\''s/^T .* \(.*\)$/extern int \1();/p'\'' -e '\''s/^[ABCDGIRSTW]* .* \(.*\)$/extern char \1;/p'\'''
lt_cv_sys_max_cmd_len=1572864
lt_cv_to_host_file_cmd=func_convert_file_noop
lt_cv_to_tool_file_cmd=func_convert_file_noop
pkg_cv_GLIB20_CFLAGS='-I/usr/include/glib-2.0 -I/usr/lib/x86_64-linux-gnu/glib-2.0/include  '
pkg_cv_GLIB20_LIBS='-lglib-2.0  '

## ----------------- ##
## Output variables. ##
## ----------------- ##

ACLOCAL='${SHELL} /home/butchertkd/Documents/Università/Virtual-Square/pxmview/missing --run aclocal-1.11'
ALLOCA=''
AMDEPBACKSLASH='\'
AMDEP_FALSE='#'
AMDEP_TRUE=''
AMTAR='${SHELL} /home/butchertkd/Documents/Università/Virtual-Square/pxmview/missing --run tar'
AR='ar'
AUTOCONF='${SHELL} /home/butchertkd/Documents/Università/Virtual-Square/pxmview/missing --run autoconf'
AUTOHEADER='${SHELL} /home/butchertkd/Documents/Università/Virtual-Square/pxmview/missing --run autoheader'
AUTOMAKE='${SHELL} /home/butchertkd/Documents/Università/Virtual-Square/pxmview/missing --run automake-1.11'
AWK='mawk'
CC='gcc'
CCDEPMODE='depmode=gcc3'
CFLAGS='-g -O2'
CPP='gcc -E'
CPPFLAGS=''
CYGPATH_W='echo'
DEFS='-DHAVE_CONFIG_H'
DEPDIR='.deps'
DLLTOOL='false'
DSYMUTIL=''
DUMPBIN=''
ECHO_C=''
ECHO_N='-n'
ECHO_T=''
EGREP='/bin/grep -E'
ENABLE_DEBUG_FALSE=''
ENABLE_DEBUG_TRUE='#'
EXEEXT=''
FGREP='/bin/grep -F'
GLIB20_CFLAGS='-I/usr/include/glib-2.0 -I/usr/lib/x86_64-linux-gnu/glib-2.0/include  '
GLIB20_LIBS='-lglib-2.0  '
GREP='/bin/grep'
INSTALL_DATA='${INSTALL} -m 644'
INSTALL_PROGRAM='${INSTALL}'
INSTALL_SCRIPT='${INSTALL}'
INSTALL_STRIP_PROGRAM='$(install_sh) -c -s'
LD='/usr/bin/ld -m elf_x86_64'
LDFLAGS=''
LIBOBJS=''
LIBS='-lpthread -ldl '
LIBTOOL='$(SHELL) $(top_builddir)/libtool'
LIPO=''
LN_S='ln -s'
LTLIBOBJS=''
MAKEINFO='${SHELL} /home/butchertkd/Documents/Università/Virtual-Square/pxmview/missing --run makeinfo'
MANIFEST_TOOL=':'
MKDIR_P='/bin/mkdir -p'
NM='/usr/bin/nm -B'
NMEDIT=''
OBJDUMP='objdump'
OBJEXT='o'
OTOOL64=''
OTOOL=''
PACKAGE='umview'
PACKAGE_BUGREPORT='info@v2.cs.unibo.it'
PACKAGE_NAME='View-OS'
PACKAGE_STRING='View-OS 0.8.2'
PACKAGE_TARNAME='umview'
PACKAGE_URL=''
PACKAGE_VERSION='0.8.2'
PATH_SEPARATOR=':'
PKG_CONFIG='/usr/bin/pkg-config'
PKG_CONFIG_LIBDIR=''
PKG_CONFIG_PATH=''
RANLIB='ranlib'
SED='/bin/sed'
SET_MAKE=''
SHELL='/bin/bash'
STRIP='strip'
VERSION='0.8.2'
ac_ct_AR='ar'
ac_ct_CC='gcc'
ac_ct_DUMPBIN=''
am__EXEEXT_FALSE=''
am__EXEEXT_TRUE='#'
am__fastdepCC_FALSE='#'
am__fastdepCC_TRUE=''
am__include='include'
am__isrc=''
am__leading_dot='.'
am__quote=''
am__tar='${AMTAR} chof - "$$tardir"'
am__untar='${AMTAR} xf -'
bindir='${exec_prefix}/bin'
build='x86_64-unknown-linux-gnu'
build_alias=''
build_cpu='x86_64'
build_os='linux-gnu'
build_vendor='unknown'
datadir='${datarootdir}'
datarootdir='${prefix}/share'
docdir='${datarootdir}/doc/${PACKAGE_TARNAME}'
dvidir='${docdir}'
exec_prefix='${prefix}'
host='x86_64-unknown-linux-gnu'
host_alias=''
host_cpu='x86_64'
host_os='linux-gnu'
host_vendor='unknown'
htmldir='${docdir}'
includedir='${prefix}/include'
infodir='${datarootdir}/info'
install_sh='${SHELL} /home/butchertkd/Documents/Università/Virtual-Square/pxmview/install-sh'
libdir='${exec_prefix}/lib'
libexecdir='${exec_prefix}/libexec'
localedir='${datarootdir}/locale'
localstatedir='${prefix}/var'
mandir='${datarootdir}/man'
mkdir_p='/bin/mkdir -p'
oldincludedir='/usr/include'
pdfdir='${docdir}'
prefix='/usr/local'
program_transform_name='s,x,x,'
psdir='${docdir}'
sbindir='${exec_prefix}/sbin'
sharedstatedir='${prefix}/com'
sysconfdir='${prefix}/etc'
target_alias=''

## ----------- ##
## confdefs.h. ##
## ----------- ##

/* confdefs.h */
#define PACKAGE_NAME "View-OS"
#define PACKAGE_TARNAME "umview"
#define PACKAGE_VERSION "0.8.2"
#define PACKAGE_STRING "View-OS 0.8.2"
#define PACKAGE_BUGREPORT "info@v2.cs.unibo.it"
#define PACKAGE_URL ""
#define PACKAGE "umview"
#define VERSION "0.8.2"
#define STDC_HEADERS 1
#define HAVE_SYS_TYPES_H 1
#define HAVE_SYS_STAT_H 1
#define HAVE_STDLIB_H 1
#define HAVE_STRING_H 1
#define HAVE_MEMORY_H 1
#define HAVE_STRINGS_H 1
#define HAVE_INTTYPES_H 1
#define HAVE_STDINT_H 1
#define HAVE_UNISTD_H 1
#define __EXTENSIONS__ 1
#define _ALL_SOURCE 1
#define _GNU_SOURCE 1
#define _POSIX_PTHREAD_SEMANTICS 1
#define _TANDEM_SOURCE 1
#define HAVE_DLFCN_H 1
#define LT_OBJDIR ".libs/"
#define MODULES_EXT ".so"
#define HAVE_LIBDL 1
#define HAVE_LIBPTHREAD 1
#define HAVE_ALLOCA_H 1
#define HAVE_ALLOCA 1
#define HAVE_DIRENT_H 1
#define STDC_HEADERS 1
#define HAVE_SYS_WAIT_H 1
#define HAVE_FCNTL_H 1
#define HAVE_LIMITS_H 1
#define HAVE_STDDEF_H 1
#define HAVE_STDINT_H 1
#define HAVE_STDLIB_H 1
#define HAVE_STRING_H 1
#define HAVE_SYS_IOCTL_H 1
#define HAVE_SYS_MOUNT_H 1
#define HAVE_SYS_PARAM_H 1
#define HAVE_SYS_SOCKET_H 1
#define HAVE_SYS_STATFS_H 1
#define HAVE_SYS_STATVFS_H 1
#define HAVE_SYS_TIME_H 1
#define HAVE_SYS_CAPABILITY_H 1
#define HAVE_UNISTD_H 1
#define HAVE_UTIME_H 1
#define HAVE_VALUES_H 1
#define HAVE_STRUCT_STAT_ST_BLKSIZE 1
#define HAVE_STRUCT_STAT_ST_BLOCKS 1
#define HAVE_ST_BLOCKS 1
#define HAVE_STRUCT_STAT_ST_RDEV 1
#define TIME_WITH_SYS_TIME 1
#define HAVE_UNISTD_H 1
#define HAVE_CHOWN 1
#define HAVE_FORK 1
#define HAVE_VFORK 1
#define HAVE_WORKING_VFORK 1
#define HAVE_WORKING_FORK 1
#define HAVE_STDLIB_H 1
#define HAVE_MALLOC 1
#define HAVE_STDLIB_H 1
#define HAVE_UNISTD_H 1
#define HAVE_SYS_PARAM_H 1
#define HAVE_UTIME_H 1
#define HAVE_GETPAGESIZE 1
#define HAVE_MMAP 1
#define HAVE_STDLIB_H 1
#define HAVE_REALLOC 1
#define LSTAT_FOLLOWS_SLASHED_SYMLINK 1
#define HAVE_STRCOLL 1
#define HAVE_UTIME_NULL 1
#define HAVE_VPRINTF 1
#define HAVE_ATEXIT 1
#define HAVE_FTRUNCATE 1
#define HAVE_LCHOWN 1
#define HAVE_MEMMOVE 1
#define HAVE_MEMPCPY 1
#define HAVE_MEMSET 1
#define HAVE_MKDIR 1
#define HAVE_MKFIFO 1
#define HAVE_RMDIR 1
#define HAVE_SETENV 1
#define HAVE_STRCHR 1
#define HAVE_STRDUP 1
#define HAVE_STRERROR 1
#define HAVE_STRRCHR 1
#define HAVE_UTIME 1

configure: exit 0
